[SKILL LOADED] OPENSUSE.md (Base skill)
[INFO] No specific skill found. Using default profile.

[UPDATE] Researching latest upstream version for bc.spec...
[TOOL] --- Diff for /home/adrian/opencode/pbuild-ai-examples/sources/bc/bc.spec ---
[31m[TOOL] --- /home/adrian/opencode/pbuild-ai-examples/sources/bc/bc.spec
[0m[32m[TOOL] +++ /home/adrian/opencode/pbuild-ai-examples/sources/bc/bc.spec
[0m[36m[TOOL] @@ -17,7 +17,7 @@
[0m[TOOL]  Group:        Productivity/Scientific/Math
[TOOL]  Autoreqprov:  on
[TOOL]  PreReq:       %{install_info_prereq}
[31m[TOOL] -Version:      1.06
[0m[32m[TOOL] +Version:      1.10
[0m[TOOL]  Release:      752
[TOOL]  Summary:      GNU command line calculator
[TOOL]  Source:       %{name}-%{version}.tar.bz2
[TOOL] --- End diff ---
[TOOL] edit_file: bc.spec (1 match replaced)
[FIX] OK: Edited bc.spec
[FIX] Error: edit_file: old_string not found in bc.spec
[TOOL] --- Diff for /home/adrian/opencode/pbuild-ai-examples/sources/bc/bc.spec ---
[31m[TOOL] --- /home/adrian/opencode/pbuild-ai-examples/sources/bc/bc.spec
[0m[32m[TOOL] +++ /home/adrian/opencode/pbuild-ai-examples/sources/bc/bc.spec
[0m[36m[TOOL] @@ -23,7 +23,7 @@
[0m[TOOL]  Source:       %{name}-%{version}.tar.bz2
[TOOL]  Patch:        %{name}-%{version}.dif
[TOOL]  Patch1:       %{name}-%{version}-flex.diff
[31m[TOOL] -Patch2:       %name-1.06-decl.diff
[0m[32m[TOOL] +Patch2:       %{name}-%{version}-decl.diff
[0m[TOOL]  Patch3:       %name-1.06-strict-aliasing.diff
[TOOL]  BuildRoot:    %{_tmppath}/%{name}-%{version}-build
[TOOL]  
[TOOL] --- End diff ---
[TOOL] edit_file: bc.spec (1 match replaced)
[FIX] OK: Edited bc.spec
[TOOL] --- Diff for /home/adrian/opencode/pbuild-ai-examples/sources/bc/bc.spec ---
[31m[TOOL] --- /home/adrian/opencode/pbuild-ai-examples/sources/bc/bc.spec
[0m[32m[TOOL] +++ /home/adrian/opencode/pbuild-ai-examples/sources/bc/bc.spec
[0m[36m[TOOL] @@ -24,7 +24,7 @@
[0m[TOOL]  Patch:        %{name}-%{version}.dif
[TOOL]  Patch1:       %{name}-%{version}-flex.diff
[TOOL]  Patch2:       %{name}-%{version}-decl.diff
[31m[TOOL] -Patch3:       %name-1.06-strict-aliasing.diff
[0m[32m[TOOL] +Patch3:       %{name}-%{version}-strict-aliasing.diff
[0m[TOOL]  BuildRoot:    %{_tmppath}/%{name}-%{version}-build
[TOOL]  
[TOOL]  %description
[TOOL] --- End diff ---
[TOOL] edit_file: bc.spec (1 match replaced)
[FIX] OK: Edited bc.spec
[FIX] Error: edit_file: missing 'old_string'. Got keys: ['new_string', 'old_string', 'path'].
[TOOL] download_file: expanded RPM macros: 'bc/bc-%{version}.tar.bz2' -> 'bc/bc-1.10.tar.bz2'
[FIX] Error downloading https://archive.gnu.org/releases/bc-1.10/bc-1.10.tar.bz2: <urlopen error [Errno -2] Name or service not known>
[UPDATE] edit_file: OK: Edited bc.spec
[UPDATE] edit_file: Error: edit_file: old_string not found in bc.spec
[UPDATE] edit_file: OK: Edited bc.spec
[UPDATE] edit_file: OK: Edited bc.spec
[UPDATE] edit_file: Error: edit_file: missing 'old_string'. Got keys: ['new_string', 'old_string', 'path'].
[UPDATE] download_file: Error downloading https://archive.gnu.org/releases/bc-1.10/bc-1.10.tar.bz2: <urlopen error [Errno -2] Name or service not known>
[UPDATE] AI modified bc.spec (4920b vs 4904b original)
[UPDATE] Updated to version 1.10
[UPDATE] Downloading bc-1.10.tar.bz2...
[UPDATE] Error: Only HTTP(S) URLs are allowed, got: bc-1.10.tar.bz2
[UPDATE] Removed old source: bc-1.06.tar.bz2
[UPDATE] Added changelog entry for 1.06 -> 1.10.
[UPDATE] Updated bc.spec.
[UPDATE] Sources updated for 1 packages. Exiting (--update-only, no build).
