starting project builder
    source directory: /home/adrian/opencode/pbuild-ai-examples/sources/gawk.update-to-upstream-20-years
    result directory: /home/adrian/opencode/pbuild-ai-examples/sources/gawk.update-to-upstream-20-years/_build.tumbleweed.x86_64
    build area: /var/tmp/build-root-adrian
    architecture: x86_64
    build config:
      - tumbleweed
    repositories:
      - https://download.opensuse.org/tumbleweed/repo/oss
getting package information
parsing 1 recipe file
fetching metadata of 1 remote repo
preparing package pool
expanding dependencies
fetching 129 binaries from https://download.opensuse.org/tumbleweed/repo/oss
building ./gawk.spec
VM_ROOT: /var/tmp/build-root-adrian/.mount.img, VM_SWAP: /var/tmp/build-root-adrian/.mount.swap
Using mkfs copyin mode to populate the root filesystem
Reusing former build root
logging output to /var/tmp/build-root-adrian/.build.log...
[    0s] Using BUILD_ROOT=/var/tmp/build-root-adrian/.mount
[    0s] Using BUILD_ARCH=x86_64:i686:i586:i486:i386
[    0s] Doing kvm build in /var/tmp/build-root-adrian/.mount.img
[    0s] 
[    1s] 
[    1s] reiser.suse.de started "build gawk.spec" at Sat Jul  4 18:12:53 UTC 2026.
[    1s] 
[    1s] 
[    1s] processing recipe /home/adrian/opencode/pbuild-ai-examples/sources/gawk.update-to-upstream-20-years/gawk.spec ...
[    1s] running changelog2spec --target rpm --file /home/adrian/opencode/pbuild-ai-examples/sources/gawk.update-to-upstream-20-years/gawk.spec
[    1s] init_buildsystem --configdir /usr/lib/build/configs --cachedir /home/adrian/.cache/opensuse.org/build/cache --prepare --rpmlist /var/tmp/build-root-adrian/.build.rpmlist /home/adrian/opencode/pbuild-ai-examples/sources/gawk.update-to-upstream-20-years/gawk.spec ...
[    1s] copying packages...
[    2s] reordering...cycle: libncurses6 -> terminfo-base
[    2s]   breaking dependency terminfo-base -> libncurses6
[    2s] cycle: lua54 -> lua-interpreter
[    2s]   breaking dependency lua54 -> lua-interpreter
[    2s] cycle: binutils -> libctf0
[    2s]   breaking dependency binutils -> libctf0
[    2s] cycle: rpm-config-SUSE -> rpm
[    2s]   breaking dependency rpm -> rpm-config-SUSE
[    2s] done
[    2s] cp: -r not specified; omitting directory '/home/adrian/opencode/pbuild-ai-examples/sources/gawk.update-to-upstream-20-years/_build.tumbleweed.x86_64'
[    2s] setting source mtime to 1166483761
[    2s] Detected virtio-serial support
[    3s] booting kvm...
[    3s] ### VM INTERACTION START ###
[    3s] Using virtio-serial support
[    3s] /usr/bin/qemu-kvm -nodefaults -no-reboot -nographic -vga none -cpu host -M pc,accel=kvm,usb=off,dump-guest-core=off,vmport=off -sandbox on -bios /usr/share/qemu/qboot.rom -object rng-random,filename=/dev/random,id=rng0 -device virtio-rng-pci,rng=rng0 -object iothread,id=io0 -net none -kernel /var/tmp/build-root-adrian/.mount/boot/kernel -initrd /var/tmp/build-root-adrian/.mount/boot/initrd -append root=/dev/disk/by-id/virtio-0 rootfstype=ext4 rootflags=noatime elevator=noop nmi_watchdog=0 rw ia32_emulation=1 oops=panic panic=1 quiet console=hvc0 init=/.build/build -m 512 -drive file=/var/tmp/build-root-adrian/.mount.img,format=raw,if=none,id=disk,cache=unsafe,aio=io_uring -device virtio-blk-pci,iothread=io0,drive=disk,serial=0 -drive file=/var/tmp/build-root-adrian/.mount.swap,format=raw,if=none,id=swap,cache=unsafe,aio=io_uring -device virtio-blk-pci,iothread=io0,drive=swap,serial=1 -device virtio-serial,max_ports=2 -device virtconsole,chardev=virtiocon0 -chardev stdio,id=virtiocon0 -chardev socket,id=monitor,server=on,wait=off,path=/var/tmp/build-root-adrian/.mount.img.qemu/monitor -mon chardev=monitor,mode=readline
[    7s] P+q6E616D65\[18t[6n[32766;32766H[6n[!p]104\[0m[?7h[1G[0J]3008;start=647a38e188d74b1c84f298a2b68e81e4;user=root;hostname=localhost;machineid=a1ce0f45939d444f963a323d75bb6f8d;bootid=a3b78e6ac28547c5887f1ebf57358864;pid=1;pidfdid=1;comm=systemd;type=boot\[18t[6n[32766;32766H[6n[!p]104\[0m[?7h[1G[0JExtracting build.extract.tar
[    7s] ### VM INTERACTION END ###
[    7s] 2nd stage started in virtual machine
[    7s] machine type: x86_64
[    7s] Linux version: 7.1.2-1-default #1 SMP PREEMPT_DYNAMIC Thu Jul 2 05:05:55 UTC 2026 (992f18c)
[    7s] Time: Sat Jul  4 18:12:59 UTC 2026
[    7s] Increasing log level from now on...
[    7s] [    3.934803][  T448] sysrq: Changing Loglevel
[    7s] [    3.934874][  T448] sysrq: Loglevel set to 4
[    7s] Enable sysrq operations
[    7s] Setting up swapspace version 1, size = 1024 MiB (1073737728 bytes)
[    7s] no label, UUID=05a2c8d3-a1fe-45d6-8698-2adac972f74a
[    7s] logging output to //.build.log...
[    7s] processing recipe //.build-srcdir/gawk.spec ...
[    7s] init_buildsystem --configdir /.build/configs --cachedir /var/cache/build //.build-srcdir/gawk.spec ...
[    7s] initializing rpm db...
[    7s] querying package ids...
[    8s] deleting gmp-devel
[    8s] deleting libgmpxx4
[    8s] deleting libncurses_c++6
[    8s] deleting mpfr-devel
[    8s] deleting ncurses-devel
[    8s] deleting readline-devel
[    8s] deleting tack
[    8s] [1/129] keeping compat-usrmerge-tools-84.87-5.24
[    8s] [2/129] keeping crypto-policies-20250714.cd6043a-4.1
[    8s] [3/129] keeping file-magic-5.48-1.1
[    8s] [4/129] keeping kernel-obs-build-7.1.2-1.1
[    8s] [5/129] keeping pkgconf-m4-2.5.1-1.3
[    8s] [6/129] keeping system-user-root-20190513-2.19
[    8s] [7/129] keeping filesystem-84.87-21.1
[    8s] [8/129] keeping glibc-2.43-4.1
[    8s] [9/129] keeping diffutils-3.12-1.3
[    8s] [10/129] keeping envsubst-mini-1.0-2.2
[    8s] [11/129] keeping fillup-1.42-281.5
[    8s] [12/129] keeping glibc-gconv-modules-extra-2.43-4.1
[    8s] [13/129] keeping glibc-locale-base-2.43-4.1
[    8s] [14/129] keeping libacl1-2.3.2-2.5
[    8s] [15/129] keeping libalternatives1-1.2+31.da24cd4-1.3
[    8s] [16/129] keeping libatomic1-16.1.1+git8886-1.1
[    8s] [17/129] keeping libattr1-2.6.0-1.1
[    8s] [18/129] keeping libaudit1-4.0.2-3.3
[    8s] [19/129] keeping libbz2-1-1.0.8-5.14
[    8s] [20/129] keeping libcap-ng0-0.8.5-1.5
[    8s] [21/129] keeping libcap2-2.78-1.2
[    8s] [22/129] keeping libcrypt1-4.5.2-2.2
[    8s] [23/129] keeping libeconf0-0.8.3-1.3
[    8s] [24/129] keeping libgcc_s1-16.1.1+git8886-1.1
[    8s] [25/129] keeping libgdbm6-1.26-1.3
[    8s] [26/129] keeping libgmp10-6.3.0-5.4
[    8s] [27/129] keeping libgomp1-16.1.1+git8886-1.1
[    8s] [28/129] keeping libgpg-error0-1.61-1.1
[    8s] [29/129] keeping libitm1-16.1.1+git8886-1.1
[    8s] [30/129] keeping libjitterentropy3-3.6.3-1.3
[    8s] [31/129] keeping liblua5_4-5-5.4.8-4.4
[    8s] [32/129] keeping liblz1-1.16-1.2
[    8s] [33/129] keeping liblz4-1-1.10.0-2.6
[    8s] [34/129] keeping liblzma5-5.8.3-1.2
[    8s] [35/129] keeping libpcre2-8-0-10.47-1.4
[    8s] [36/129] keeping libpkgconf7-2.5.1-1.3
[    8s] [37/129] keeping libpopt0-1.19-2.2
[    8s] [38/129] keeping libseccomp2-2.6.0-2.4
[    8s] [39/129] keeping libsframe2-2.45-4.1
[    8s] [40/129] keeping libsmartcols1-2.42.1-1.1
[    8s] [41/129] keeping libuuid1-2.42.1-1.1
[    8s] [42/129] keeping libxml2-16-2.15.3-1.2
[    8s] [43/129] keeping libz1-1.3.1-3.1
[    8s] [44/129] keeping libzstd1-1.5.7-4.2
[    8s] [45/129] keeping patch-2.8-2.3
[    8s] [46/129] keeping which-2.25-1.1
[    8s] [47/129] keeping alts-1.2+31.da24cd4-1.3
[    8s] [48/129] keeping libblkid1-2.42.1-1.1
[    8s] [49/129] keeping libctf-nobfd0-2.45-4.1
[    8s] [50/129] keeping libgdbm_compat4-1.26-1.3
[    8s] [51/129] keeping libisl23-0.27-1.4
[    8s] [52/129] keeping libmpfr6-4.2.2-1.3
[    8s] [53/129] keeping libselinux1-3.10-3.1
[    8s] [54/129] keeping libstdc++6-16.1.1+git8886-1.1
[    8s] [55/129] keeping perl-base-5.42.1-1.1
[    8s] [56/129] keeping pkgconf-2.5.1-1.3
[    8s] [57/129] keeping libelf1-0.194-1.2
[    8s] [58/129] keeping libgcrypt20-1.12.2-1.2
[    8s] [59/129] keeping permctl-1699_20260512-1.1
[    8s] [60/129] keeping libmagic1-5.48-1.1
[    8s] [61/129] keeping build-mkbaselibs-20260505-1.1
[    8s] [62/129] keeping dwz-0.15-6.4
[    8s] [63/129] keeping findutils-4.10.0-2.5
[    8s] [64/129] keeping file-5.48-1.1
[    8s] [65/129] keeping libasan8-16.1.1+git8886-1.1
[    8s] [66/129] keeping libfdisk1-2.42.1-1.1
[    8s] [67/129] keeping libhwasan0-16.1.1+git8886-1.1
[    8s] [68/129] keeping liblsan0-16.1.1+git8886-1.1
[    8s] [69/129] keeping libmount1-2.42.1-1.1
[    8s] [70/129] keeping libmpc3-1.4.1-1.2
[    8s] [71/129] keeping libtsan2-16.1.1+git8886-1.1
[    8s] [72/129] keeping libubsan1-16.1.1+git8886-1.1
[    8s] [73/129] keeping sed-4.10-1.2
[    8s] [74/129] keeping tar-1.35-8.1
[    8s] [75/129] keeping libdw1-0.194-1.2
[    8s] [76/129] keeping perl-5.42.1-1.1
[    8s] [77/129] keeping brp-check-suse-84.87+git20260317.a0eb4ba-1.1
[    8s] [78/129] keeping perl-rpm-packaging-1.3-1.2
[    8s] [79/129] keeping libasm1-0.194-1.2
[    8s] [80/129] keeping cpp15-15.3.0+git11272-1.1
[    8s] [81/129] keeping terminfo-base-6.6.20260613-109.1
[    8s] [82/129] keeping libncurses6-6.6.20260613-109.1
[    8s] [83/129] keeping libreadline8-8.3.3-2.4
[    8s] [84/129] keeping ncurses-utils-6.6.20260613-109.1
[    8s] [85/129] keeping bash-5.3.15-7.1
[    8s] [86/129] keeping lua54-5.4.8-4.4
[    8s] [87/129] keeping bash-sh-5.3.15-7.1
[    8s] [88/129] keeping compat-usrmerge-build-84.87-5.24
[    8s] [89/129] keeping lua-interpreter-5-3.2
[    8s] [90/129] keeping cpio-2.15-7.2
[    8s] [91/129] keeping cpp-15-3.2
[    8s] [92/129] keeping gzip-1.14-2.1
[    8s] [93/129] keeping make-4.4.1-3.5
[    8s] [94/129] keeping bzip2-1.0.8-5.14
[    8s] [95/129] keeping grep-3.12-1.3
[    8s] [96/129] keeping pkgconf-pkg-config-2.5.1-1.3
[    8s] [97/129] keeping xz-5.8.3-1.2
[    8s] [98/129] keeping gettext-runtime-mini-1.0-2.2
[    8s] [99/129] keeping gawk-5.4.0-1.1
[    8s] [100/129] keeping coreutils-9.11-4.1
[    8s] [101/129] keeping elfutils-0.194-1.2
[    8s] [102/129] keeping linux-glibc-devel-7.0-1.1
[    8s] [103/129] keeping systemd-rpm-macros-26-1.2
[    8s] [104/129] keeping libxcrypt-devel-4.5.2-2.2
[    8s] [105/129] keeping permissions-config-1699_20260512-1.1
[    8s] [106/129] keeping polkit-default-privs-1550+20260623.563df94-1.1
[    8s] [107/129] keeping libopenssl3-3.5.3-6.1
[    8s] [108/129] keeping aaa_base-84.87+git20260610.3b5a868c-1.1
[    8s] [109/129] keeping gettext-tools-mini-1.0-2.2
[    8s] [110/129] keeping binutils-2.45-4.1
[    8s] [111/129] keeping rpm-4.20.1-7.1
[    8s] [112/129] keeping aaa_base-malloccheck-84.87+git20260610.3b5a868c-1.1
[    8s] [113/129] keeping permissions-1699_20260512-1.1
[    8s] [114/129] keeping rpm-config-SUSE-20250904-1.2
[    8s] [115/129] keeping glibc-devel-2.43-4.1
[    8s] [116/129] keeping libctf0-2.45-4.1
[    8s] [117/129] keeping rpmlint-mini-2.9.0+git20260629.bd947d09-21.9
[    8s] [118/129] keeping build-compare-20260622T095938.6416d96-1.1
[    8s] [119/129] keeping libarchive13-3.8.7-1.2
[    8s] [120/129] keeping librpmbuild10-4.20.1-7.1
[    8s] [121/129] keeping debugedit-5.1-1.5
[    8s] [122/129] keeping pam-1.7.2+git12-1.1
[    8s] [123/129] keeping post-build-checks-84.87+git20250725.0c3a172-1.2
[    8s] [124/129] keeping gcc15-15.3.0+git11272-1.1
[    8s] [125/129] keeping gcc15-PIE-15.3.0+git11272-1.1
[    8s] [126/129] keeping gcc-15-3.2
[    8s] [127/129] keeping util-linux-2.42.1-1.1
[    8s] [128/129] keeping gcc-PIE-15-3.2
[    8s] [129/129] keeping rpm-build-4.20.1-7.1
[    8s] now finalizing build dir...
[    8s] ... running 01-add_abuild_user_to_trusted_group
[    8s] ... running 02-set_timezone_to_utc
[    8s] ... running 03-set-permissions-secure
[    8s] ... running 11-hack_uname_version_to_kernel_version
[    8s] WARNING could not set SOURCE_DATE_EPOCH, ensure BUILD_RELEASE is set in /.buildenv
[    8s] -----------------------------------------------------------------
[    8s] I have the following modifications for gawk.spec:
[    8s] 111c111
[    8s] < %changelog -n gawk
[    8s] ---
[    8s] > %changelog
[    9s] -----------------------------------------------------------------
[    9s] ----- building gawk.spec (user abuild)
[    9s] -----------------------------------------------------------------
[    9s] -----------------------------------------------------------------
[    9s] WARNING could not set SOURCE_DATE_EPOCH, ensure BUILD_RELEASE is set in /.buildenv
[    9s] + exec rpmbuild -ba --define '_srcdefattr (-,root,root)' --nosignature --define '_build_create_debug 1' /home/abuild/rpmbuild/SOURCES/gawk.spec
[    9s] error: /home/abuild/rpmbuild/SOURCES/gawk.spec: line 45: Patch number not specified: patch
[    9s]   0<  (%patch)
[    9s] ### VM INTERACTION START ###
[    9s] [    6.009367][    T1] sysrq: Power Off
[    9s] ### VM INTERACTION END ###
[    9s] 
[    9s] reiser.suse.de failed "build gawk.spec" at Sat Jul  4 18:13:01 UTC 2026.
[    9s] 

finished ./gawk.spec after 9s: failed
