[PBUILD-AI] Version 0.1.6
[SKILL LOADED] OPENSUSE.md (Base skill)
[GENERATE] Creating new package from prompt: package ripgrep CLI tool
[TOOL] web_fetch: https://api.github.com/repos/BurntSushi/ripgrep/releases/latest (50551 bytes -> 50549 stripped)
[TOOL] web_fetch: https://api.github.com/repos/BurntSushi/ripgrep/tags (13519 bytes -> 13519 stripped)
[TOOL] web_fetch: https://raw.githubusercontent.com/BurntSushi/ripgrep/master/Cargo.toml (3198 bytes -> 3102 stripped)
[GENERATE] [Fetched 50551 bytes]
[GENERATE] [Fetched 13519 bytes]
[GENERATE] [Fetched 3198 bytes]
[TOOL] list_files: /home/adrian/opencode/pbuild-ai-examples/sources/ripgrep (1 entries)
[TOOL] web_fetch: https://raw.githubusercontent.com/BurntSushi/ripgrep/master/build.rs (2246 bytes -> 1901 stripped)
[GENERATE] ripgrep/
[GENERATE] [Fetched 2246 bytes]
[TOOL] list_files: /home/adrian/opencode/pbuild-ai-examples/sources/ripgrep/ripgrep (1 entries)
[TOOL] web_fetch: https://raw.githubusercontent.com/BurntSushi/ripgrep/master/crates/globset/Cargo.toml (1453 bytes -> 1426 stripped)
[TOOL] web_fetch: https://raw.githubusercontent.com/BurntSushi/ripgrep/master/crates/grep/Cargo.toml (1057 bytes -> 1032 stripped)
[TOOL] web_fetch: https://raw.githubusercontent.com/BurntSushi/ripgrep/master/crates/matcher/Cargo.toml (658 bytes -> 634 stripped)
[TOOL] web_fetch: https://raw.githubusercontent.com/BurntSushi/ripgrep/master/crates/pcre2/Cargo.toml (596 bytes -> 574 stripped)
[TOOL] web_fetch: https://raw.githubusercontent.com/BurntSushi/ripgrep/master/crates/printer/Cargo.toml (1442 bytes -> 1413 stripped)
[TOOL] web_fetch: https://raw.githubusercontent.com/BurntSushi/ripgrep/master/crates/regex/Cargo.toml (669 bytes -> 647 stripped)
[TOOL] web_fetch: https://raw.githubusercontent.com/BurntSushi/ripgrep/master/crates/searcher/Cargo.toml (1004 bytes -> 980 stripped)
[GENERATE] ripgrep.spec
[GENERATE] [Fetched 1453 bytes]
[GENERATE] [Fetched 1057 bytes]
[GENERATE] [Fetched 658 bytes]
[GENERATE] [Fetched 596 bytes]
[GENERATE] [Fetched 1442 bytes]
[GENERATE] [Fetched 669 bytes]
[GENERATE] [Fetched 1004 bytes]
[TOOL] read_file: /home/adrian/opencode/pbuild-ai-examples/sources/ripgrep/ripgrep/ripgrep.spec
[TOOL] web_fetch: https://raw.githubusercontent.com/BurntSushi/ripgrep/master/COPYING (126 bytes -> 124 stripped)
[GENERATE] read_file: /home/adrian/opencode/pbuild-ai-examples/sources/ripgrep/ripgrep/ripgrep.spec (40 lines)
[GENERATE] [Fetched 126 bytes]
[TOOL] download_file: https://github.com/BurntSushi/ripgrep/releases/download/15.1.0/ripgrep-15.1.0-x86_64-unknown-linux-musl.tar.gz -> /tmp/ripgrep-check.tar.gz (2263077 bytes)
[GENERATE] OK: Downloaded 2263077 bytes to /tmp/ripgrep-check.tar.gz
[TOOL] list_archive: /tmp/ripgrep-check.tar.gz (16 entries)
[GENERATE] ripgrep-15.1.0-x86_64-unknown-linux-musl
ripgrep-15.1.0-x86_64-unknown-linux-musl/doc
ripgrep-15.1.0-x86_64-unknown-linux-musl/doc/CHANGELOG.md
ripgrep-15.1.0-x86_64-unknown-linux-musl/doc/FAQ.md
ripgrep-15.1.0-x86_64-unknown-linux-musl/doc/GUIDE.md
ripgrep-15.1.0-x86_64-unknown-linux-musl/doc/rg.1
ripgrep-15.1.0-x86_64-unknown-linux-musl/UNLICENSE
ripgrep-15.1.0-x86_64-unknown-linux-musl/README.md
ripgrep-15.1.0-x86_64-unknown-linux-musl/LICENSE-MIT
ripgrep-15.1.0-x86_64-unknown-linux-musl/COPY...
[TOOL] Preserved copyright header in /home/adrian/opencode/pbuild-ai-examples/sources/ripgrep/ripgrep/ripgrep.spec
[TOOL] --- Diff for /home/adrian/opencode/pbuild-ai-examples/sources/ripgrep/ripgrep/ripgrep.spec ---
[31m[TOOL][0m [31m--- /home/adrian/opencode/pbuild-ai-examples/sources/ripgrep/ripgrep/ripgrep.spec
[0m[32m[TOOL][0m [32m+++ /home/adrian/opencode/pbuild-ai-examples/sources/ripgrep/ripgrep/ripgrep.spec
[0m[36m[TOOL][0m [36m@@ -9,7 +9,6 @@
[0m[TOOL]  License:        Unlicense OR MIT
[TOOL]  Url:            https://github.com/BurntSushi/ripgrep
[TOOL]  Source0:        https://github.com/BurntSushi/ripgrep/releases/download/%{version}/ripgrep-%{version}-x86_64-unknown-linux-musl.tar.gz
[31m[TOOL][0m [31m-BuildRoot:      %{_tmppath}/%{name}-%{version}-buildroot
[0m[TOOL]  
[TOOL]  %description
[TOOL]  ripgrep is a line-oriented search tool that recursively searches the
[36m[TOOL][0m [36m@@ -27,14 +26,50 @@
[0m[TOOL]  %build
[TOOL]  
[TOOL]  %install
[31m[TOOL][0m [31m-mkdir -p %{buildroot}/%{_bindir}
[0m[32m[TOOL][0m [32m+mkdir -p %{buildroot}%{_bindir}
[0m[32m[TOOL][0m [32m+mkdir -p %{buildroot}%{_mandir}/man1
[0m[32m[TOOL][0m [32m+mkdir -p %{buildroot}%{_datadir}/bash-completion/completions
[0m[32m[TOOL][0m [32m+mkdir -p %{buildroot}%{_datadir}/fish/vendor_completions.d
[0m[32m[TOOL][0m [32m+mkdir -p %{buildroot}%{_datadir}/zsh/site-functions
[0m[32m[TOOL][0m [32m+mkdir -p %{buildroot}%{_datadir}/doc/%{name}
[0m[32m[TOOL][0m [32m+
[0m[TOOL]  tar xf %{_sourcedir}/ripgrep-%{version}-x86_64-unknown-linux-musl.tar.gz
[31m[TOOL][0m [31m-chmod 0755 rg
[0m[31m[TOOL][0m [31m-install -m 0755 rg %{buildroot}/%{_bindir}/rg
[0m[TOOL]  
[31m[TOOL][0m [31m-rm -f rg
[0m[32m[TOOL][0m [32m+install -D -m 0755 ripgrep-%{version}-x86_64-unknown-linux-musl/rg \
[0m[32m[TOOL][0m [32m+                  %{buildroot}%{_bindir}/rg
[0m[32m[TOOL][0m [32m+
[0m[32m[TOOL][0m [32m+install -D -m 0644 ripgrep-%{version}-x86_64-unknown-linux-musl/doc/rg.1 \
[0m[32m[TOOL][0m [32m+                  %{buildroot}%{_mandir}/man1/rg.1
[0m[32m[TOOL][0m [32m+
[0m[32m[TOOL][0m [32m+install -D -m 0644 ripgrep-%{version}-x86_64-unknown-linux-musl/complete/rg.bash \
[0m[32m[TOOL][0m [32m+                  %{buildroot}%{_datadir}/bash-completion/completions/rg
[0m[32m[TOOL][0m [32m+install -D -m 0644 ripgrep-%{version}-x86_64-unknown-linux-musl/complete/rg.fish \
[0m[32m[TOOL][0m [32m+                  %{buildroot}%{_datadir}/fish/vendor_completions.d/rg.fish
[0m[32m[TOOL][0m [32m+install -D -m 0644 ripgrep-%{version}-x86_64-unknown-linux-musl/complete/_rg \
[0m[32m[TOOL][0m [32m+                  %{buildroot}%{_datadir}/zsh/site-functions/_rg
[0m[32m[TOOL][0m [32m+
[0m[32m[TOOL][0m [32m+install -D -m 0644 ripgrep-%{version}-x86_64-unknown-linux-musl/COPYING \
[0m[32m[TOOL][0m [32m+                  %{buildroot}%{_datadir}/doc/%{name}/COPYING
[0m[32m[TOOL][0m [32m+install -D -m 0644 ripgrep-%{version}-x86_64-unknown-linux-musl/LICENSE-MIT \
[0m[32m[TOOL][0m [32m+                  %{buildroot}%{_datadir}/doc/%{name}/LICENSE-MIT
[0m[32m[TOOL][0m [32m+install -D -m 0644 ripgrep-%{version}-x86_64-unknown-linux-musl/UNLICENSE \
[0m[32m[TOOL][0m [32m+                  %{buildroot}%{_datadir}/doc/%{name}/UNLICENSE
[0m[32m[TOOL][0m [32m+install -D -m 0644 ripgrep-%{version}-x86_64-unknown-linux-musl/README.md \
[0m[32m[TOOL][0m [32m+                  %{buildroot}%{_datadir}/doc/%{name}/README
[0m[32m[TOOL][0m [32m+install -D -m 0644 ripgrep-%{version}-x86_64-unknown-linux-musl/doc/CHANGELOG.md \
[0m[32m[TOOL][0m [32m+                  %{buildroot}%{_datadir}/doc/%{name}/CHANGELOG
[0m[32m[TOOL][0m [32m+install -D -m 0644 ripgrep-%{version}-x86_64-unknown-linux-musl/doc/FAQ.md \
[0m[32m[TOOL][0m [32m+                  %{buildroot}%{_datadir}/doc/%{name}/FAQ
[0m[TOOL]  
[TOOL]  %files
[TOOL]  %{_bindir}/rg
[32m[TOOL][0m [32m+%{_mandir}/man1/rg.1*
[0m[32m[TOOL][0m [32m+%{_datadir}/bash-completion/completions/rg
[0m[32m[TOOL][0m [32m+%{_datadir}/fish/vendor_completions.d/rg.fish
[0m[32m[TOOL][0m [32m+%{_datadir}/zsh/site-functions/_rg
[0m[32m[TOOL][0m [32m+%doc %{_datadir}/doc/%{name}
[0m[TOOL]  
[31m[TOOL][0m [31m-%changelog
[0m[32m[TOOL][0m [32m+%check
[0m[32m[TOOL][0m [32m+%{buildroot}%{_bindir}/rg --version
[0m[32m[TOOL][0m [32m+
[0m[32m[TOOL][0m [32m+%fdupes -s %{buildroot}
[0m[TOOL] --- End diff ---
[TOOL] write_file: /home/adrian/opencode/pbuild-ai-examples/sources/ripgrep/ripgrep/ripgrep.spec
[GENERATE] OK: Wrote /home/adrian/opencode/pbuild-ai-examples/sources/ripgrep/ripgrep/ripgrep.spec
[TOOL] --- Diff for /home/adrian/opencode/pbuild-ai-examples/sources/ripgrep/ripgrep/ripgrep.changes ---
[31m[TOOL][0m [31m--- /home/adrian/opencode/pbuild-ai-examples/sources/ripgrep/ripgrep/ripgrep.changes
[0m[32m[TOOL][0m [32m+++ /home/adrian/opencode/pbuild-ai-examples/sources/ripgrep/ripgrep/ripgrep.changes
[0m[36m[TOOL][0m [36m@@ -0,0 +1,2 @@
[0m[32m[TOOL][0m [32m+
[0m[32m[TOOL][0m [32m+- Initial package creation for ripgrep 15.1.0
[0m[TOOL] --- End diff ---
[TOOL] write_file: /home/adrian/opencode/pbuild-ai-examples/sources/ripgrep/ripgrep/ripgrep.changes
[GENERATE] OK: Wrote /home/adrian/opencode/pbuild-ai-examples/sources/ripgrep/ripgrep/ripgrep.changes
Script aborted: list index out of range
