[PBUILD-AI] Version 0.1.8
[SKILL LOADED] OPENSUSE.md (Base skill)
[INFO] No specific skill found. Using default profile.
[AI] Analyzing Spec-file: cowsay.spec...
-> AI(ornith:35b) says:
## Spec File Issues Found

### Critical (Build/Policy Violations)
1. **Empty `%changelog` section** - Remove entirely per openSUSE guidelines; use `PACKAGE.changes` instead
2. **Deprecated `Group:` field** - `Amusements/Toys/Other` is obsolete in modern RPM; omit or use new group system

### Formatting/Lint Issues
3. **License field has tab character** before `GPL-1.0+`:
   ```
   License: 	GPL-1.0+ or Artistic-1.0
                ↑ (tab)
   ```
   Should be a single space for spec-cleaner compatibility.

4. **Deprecated `%defattr(-,root,root)`** in `%files` - This is the default behavior since RPM 4.x; omit it.

### Minor Notes
5. The `Source:` URL points to an old location (`nog.net/~tony/warez/`) that may no longer be valid. Verify the tarball can actually be fetched during build (though this isn't a spec file error per se).

6. `%{_datadir}/cows` is listed as-is in `%files`. Consider using `%dir %{_datadir}/cows` if you want to ensure directory creation, or list individual files if permissions matter.

### What's Correct
- `BuildArch: noarch` ✅
- Single dependency per line ✅
- Copyright header preserved ✅
- `mv -T` for man pages (correct flag usage) ✅

[STATS] AI model: ornith:35b  |  AI calls: 1  |  AI time: 26.4s  |  pbuild calls: 0  |  pbuild time: 0.0s  |  total runtime: 26.5s
