[PBUILD-AI] Version 0.1.8
[SKILL LOADED] OPENSUSE.md (Base skill)
[INFO] No specific skill found. Using default profile.

[UPDATE] Researching latest upstream version for gawk.spec...
[TOOL] list_files: /home/adrian/opencode/pbuild-ai-examples/sources/gawk.update-only (16 entries)
[TOOL] web_fetch: https://ftp.gnu.org/pub/gnu/gawk/ (59908 bytes -> 11558 stripped)
[FIX] [Fetched 59908 bytes]
[FIX] Error fetching https://ftp.gnu.org/pub/gnu/gawk/NEWS: HTTP Error 404: Not Found
[FIX] Error fetching https://www.gnu.org/software/gawk/news.html: <urlopen error timed out>
[FIX] Error fetching https://ftpmirror.gnu.org/gawk/NEWS: HTTP Error 404: Not Found
[FIX] Error fetching https://www.nongnu.org/gawk/news.html: <urlopen error timed out>
[FIX] Error fetching https://git.savannah.gnu.org/cgit/gawk.git/plain/NEWS?h=gawk-5_4_0: The read operation timed out
[TOOL] --- Diff for /home/adrian/opencode/pbuild-ai-examples/sources/gawk.update-only/gawk.spec ---
[31m[TOOL][0m [31m--- /home/adrian/opencode/pbuild-ai-examples/sources/gawk.update-only/gawk.spec
[0m[32m[TOOL][0m [32m+++ /home/adrian/opencode/pbuild-ai-examples/sources/gawk.update-only/gawk.spec
[0m[36m[TOOL][0m [36m@@ -17,7 +17,7 @@
[0m[TOOL]  Provides:       awk
[TOOL]  Autoreqprov:    on
[TOOL]  PreReq:         %{install_info_prereq}
[31m[TOOL][0m [31m-Version:        3.1.5
[0m[32m[TOOL][0m [32m+Version:        5.4.0
[0m[TOOL]  Release:        24
[TOOL]  Summary:        GNU awk
[TOOL]  Source:         gawk-%{version}.tar.bz2
[TOOL] --- End diff ---
[TOOL] edit_file: /home/adrian/opencode/pbuild-ai-examples/sources/gawk.update-only/gawk.spec (1 match replaced)
[FIX] OK: Edited /home/adrian/opencode/pbuild-ai-examples/sources/gawk.update-only/gawk.spec
[TOOL] --- Diff for /home/adrian/opencode/pbuild-ai-examples/sources/gawk.update-only/gawk.spec ---
[31m[TOOL][0m [31m--- /home/adrian/opencode/pbuild-ai-examples/sources/gawk.update-only/gawk.spec
[0m[32m[TOOL][0m [32m+++ /home/adrian/opencode/pbuild-ai-examples/sources/gawk.update-only/gawk.spec
[0m[36m[TOOL][0m [36m@@ -20,16 +20,7 @@
[0m[TOOL]  Version:        5.4.0
[TOOL]  Release:        24
[TOOL]  Summary:        GNU awk
[31m[TOOL][0m [31m-Source:         gawk-%{version}.tar.bz2
[0m[31m[TOOL][0m [31m-Patch:          gawk-%{version}.diff
[0m[31m[TOOL][0m [31m-Patch1:         multibyte.diff
[0m[31m[TOOL][0m [31m-Patch2:         fieldwidths.diff
[0m[31m[TOOL][0m [31m-Patch3:         embedded-nul.diff
[0m[31m[TOOL][0m [31m-Patch4:         parallel-make.diff
[0m[31m[TOOL][0m [31m-Patch5:         dfa-mbcset.diff
[0m[31m[TOOL][0m [31m-Patch8:         sub-common.diff
[0m[31m[TOOL][0m [31m-Patch9:         dev-fd.diff
[0m[31m[TOOL][0m [31m-Patch10:        numeric-conversion.diff
[0m[32m[TOOL][0m [32m+Source:         gawk-%{version}.tar.xz
[0m[TOOL]  BuildRoot:      %{_tmppath}/%{name}-%{version}-build
[TOOL]  
[TOOL]  %description
[TOOL] --- End diff ---
[TOOL] edit_file: /home/adrian/opencode/pbuild-ai-examples/sources/gawk.update-only/gawk.spec (1 match replaced)
[FIX] OK: Edited /home/adrian/opencode/pbuild-ai-examples/sources/gawk.update-only/gawk.spec
[TOOL] --- Diff for /home/adrian/opencode/pbuild-ai-examples/sources/gawk.update-only/gawk.spec ---
[31m[TOOL][0m [31m--- /home/adrian/opencode/pbuild-ai-examples/sources/gawk.update-only/gawk.spec
[0m[32m[TOOL][0m [32m+++ /home/adrian/opencode/pbuild-ai-examples/sources/gawk.update-only/gawk.spec
[0m[36m[TOOL][0m [36m@@ -40,17 +40,7 @@
[0m[TOOL]      Pat Rankin <rankin@eql.caltech.edu>
[TOOL]  
[TOOL]  %prep
[31m[TOOL][0m [31m-%setup -q
[0m[31m[TOOL][0m [31m-%patch
[0m[31m[TOOL][0m [31m-%patch1
[0m[31m[TOOL][0m [31m-%patch2
[0m[31m[TOOL][0m [31m-%patch3
[0m[31m[TOOL][0m [31m-%patch4
[0m[31m[TOOL][0m [31m-%patch5
[0m[31m[TOOL][0m [31m-%patch8
[0m[31m[TOOL][0m [31m-%patch9
[0m[31m[TOOL][0m [31m-%patch10
[0m[31m[TOOL][0m [31m-rm -f regex.[ch]
[0m[32m[TOOL][0m [32m+%autosetup
[0m[TOOL]  
[TOOL]  %build
[TOOL]  %{suse_update_config -f}
[TOOL] --- End diff ---
[TOOL] edit_file: /home/adrian/opencode/pbuild-ai-examples/sources/gawk.update-only/gawk.spec (1 match replaced)
[FIX] OK: Edited /home/adrian/opencode/pbuild-ai-examples/sources/gawk.update-only/gawk.spec
[FIX] Error: edit_file: old_string not found in /home/adrian/opencode/pbuild-ai-examples/sources/gawk.update-only/gawk.spec
[FIX] Injected file content to help edit_file retry for /home/adrian/opencode/pbuild-ai-examples/sources/gawk.update-only/gawk.spec
[TOOL] --- Diff for /home/adrian/opencode/pbuild-ai-examples/sources/gawk.update-only/gawk.spec ---
[31m[TOOL][0m [31m--- /home/adrian/opencode/pbuild-ai-examples/sources/gawk.update-only/gawk.spec
[0m[32m[TOOL][0m [32m+++ /home/adrian/opencode/pbuild-ai-examples/sources/gawk.update-only/gawk.spec
[0m[36m[TOOL][0m [36m@@ -1,5 +1,5 @@
[0m[TOOL]  #
[31m[TOOL][0m [31m-# spec file for package gawk (Version 3.1.5)
[0m[32m[TOOL][0m [32m+# spec file for package gawk (Version 5.4.0)
[0m[TOOL]  #
[TOOL]  # Copyright (c) 2006 SUSE LINUX Products GmbH, Nuernberg, Germany.
[TOOL]  # This file and all modifications and additions to the pristine
[TOOL] --- End diff ---
[TOOL] edit_file: /home/adrian/opencode/pbuild-ai-examples/sources/gawk.update-only/gawk.spec (1 match replaced)
[FIX] OK: Edited /home/adrian/opencode/pbuild-ai-examples/sources/gawk.update-only/gawk.spec
[TOOL] remove_file: /home/adrian/opencode/pbuild-ai-examples/sources/gawk.update-only/dev-fd.diff
[FIX] OK: Removed /home/adrian/opencode/pbuild-ai-examples/sources/gawk.update-only/dev-fd.diff
[TOOL] remove_file: /home/adrian/opencode/pbuild-ai-examples/sources/gawk.update-only/gawk-3.1.5.diff
[FIX] OK: Removed /home/adrian/opencode/pbuild-ai-examples/sources/gawk.update-only/gawk-3.1.5.diff
[TOOL] remove_file: /home/adrian/opencode/pbuild-ai-examples/sources/gawk.update-only/multibyte.diff
[FIX] OK: Removed /home/adrian/opencode/pbuild-ai-examples/sources/gawk.update-only/multibyte.diff
[AI] Reached max rounds (15).
[UPDATE] list_files: .git/
.gitattributes
.gitignore
dev-fd.diff
dfa-mbcset.diff
embedded-nul.diff
fieldwidths.diff
gawk-3.1.5.diff
gawk-3.1.5.tar.bz2
gawk.changes
gawk.spec
multibyte.diff
numeric-conversion.diff
parallel-make.diff
ready
sub-common.diff
[UPDATE] web_fetch: [Fetched 59908 bytes]
[UPDATE] web_fetch: Error fetching https://ftp.gnu.org/pub/gnu/gawk/NEWS: HTTP Error 404: Not Found
[UPDATE] web_fetch: Error fetching https://www.gnu.org/software/gawk/news.html: <urlopen error timed out>
[UPDATE] web_fetch: Error fetching https://ftpmirror.gnu.org/gawk/NEWS: HTTP Error 404: Not Found
[UPDATE] web_fetch: Error fetching https://www.nongnu.org/gawk/news.html: <urlopen error timed out>
[UPDATE] web_fetch: Error fetching https://git.savannah.gnu.org/cgit/gawk.git/plain/NEWS?h=gawk-5_4_0: The read operation timed out
[UPDATE] edit_file: OK: Edited /home/adrian/opencode/pbuild-ai-examples/sources/gawk.update-only/gawk.spec
[UPDATE] edit_file: OK: Edited /home/adrian/opencode/pbuild-ai-examples/sources/gawk.update-only/gawk.spec
[UPDATE] edit_file: OK: Edited /home/adrian/opencode/pbuild-ai-examples/sources/gawk.update-only/gawk.spec
[UPDATE] edit_file: Error: edit_file: old_string not found in /home/adrian/opencode/pbuild-ai-examples/sources/gawk.update-only/gawk.spec
[UPDATE] edit_file: OK: Edited /home/adrian/opencode/pbuild-ai-examples/sources/gawk.update-only/gawk.spec
[UPDATE] remove_file: OK: Removed /home/adrian/opencode/pbuild-ai-examples/sources/gawk.update-only/dev-fd.diff
[UPDATE] remove_file: OK: Removed /home/adrian/opencode/pbuild-ai-examples/sources/gawk.update-only/gawk-3.1.5.diff
[UPDATE] remove_file: OK: Removed /home/adrian/opencode/pbuild-ai-examples/sources/gawk.update-only/multibyte.diff
[UPDATE] AI modified gawk.spec (9160b vs 9551b original)
[UPDATE] Updated to version 5.4.0
[UPDATE] Downloading gawk-5.4.0.tar.xz...
[UPDATE] Error: Only HTTP(S) URLs are allowed, got: gawk-5.4.0.tar.xz
[UPDATE] Source download failed — skipping build for gawk.spec.
[UPDATE] Added changelog entry for 3.1.5 -> 5.4.0.
[STATS] AI model: ornith:35b  |  AI calls: 15  |  AI time: 312.7s  |  pbuild calls: 0  |  pbuild time: 0.0s  |  total runtime: 465.0s
[UPDATE] Sources updated for 1 packages. Exiting (--update-only, no build).
[EXIT] Exiting with code 0.
