starting project builder
    source directory: /home/adrian/opencode/pbuild-ai-examples/sources/franconian
    result directory: /home/adrian/opencode/pbuild-ai-examples/sources/franconian/_build.tumbleweed.x86_64
    build area: /var/tmp/build-root-adrian
    architecture: x86_64
    build config:
      - tumbleweed
    repositories:
      - https://download.opensuse.org/tumbleweed/repo/oss
getting package information
parsing 1 recipe file
fetching metadata of 1 remote repo
preparing package pool
expanding dependencies
fetching 1 asset from https://github.com
building ./arcomage-hd.spec
VM_ROOT: /var/tmp/build-root-adrian/.mount.img, VM_SWAP: /var/tmp/build-root-adrian/.mount.swap
Using mkfs copyin mode to populate the root filesystem
Reusing former build root
logging output to /var/tmp/build-root-adrian/.build.log...
[    0s] Using BUILD_ROOT=/var/tmp/build-root-adrian/.mount
[    0s] Using BUILD_ARCH=x86_64:i686:i586:i486:i386
[    0s] Doing kvm build in /var/tmp/build-root-adrian/.mount.img
[    0s] 
[    0s] 
[    0s] reiser.suse.de started "build arcomage-hd.spec" at Sat Jul  4 12:16:44 UTC 2026.
[    0s] 
[    0s] 
[    0s] processing recipe /var/tmp/build-root-adrian/.build-srcdir/arcomage-hd.spec ...
[    0s] running changelog2spec --target rpm --file /var/tmp/build-root-adrian/.build-srcdir/arcomage-hd.spec
[    0s] init_buildsystem --configdir /usr/lib/build/configs --cachedir /home/adrian/.cache/opensuse.org/build/cache --prepare --rpmlist /var/tmp/build-root-adrian/.build.rpmlist /var/tmp/build-root-adrian/.build-srcdir/arcomage-hd.spec ...
[    1s] copying packages...
[    1s] reordering...cycle: libncurses6 -> terminfo-base
[    1s]   breaking dependency terminfo-base -> libncurses6
[    1s] cycle: lua54 -> lua-interpreter
[    1s]   breaking dependency lua54 -> lua-interpreter
[    1s] cycle: binutils -> libctf0
[    1s]   breaking dependency binutils -> libctf0
[    1s] cycle: ruby4.0 -> ruby-common -> ruby4.0-rubygem-gem2rpm
[    1s]   breaking dependency ruby-common -> ruby4.0-rubygem-gem2rpm
[    1s] cycle: nodejs-default -> nodejs-common
[    1s]   breaking dependency nodejs-default -> nodejs-common
[    1s] cycle: nodejs-default -> nodejs24 -> nodejs-common
[    1s]   breaking dependency nodejs24 -> nodejs-common
[    1s] cycle: rpm-config-SUSE -> rpm
[    1s]   breaking dependency rpm -> rpm-config-SUSE
[    1s] done
[    1s] Detected virtio-serial support
[    3s] booting kvm...
[    3s] ### VM INTERACTION START ###
[    3s] Using virtio-serial support
[    3s] /usr/bin/qemu-kvm -nodefaults -no-reboot -nographic -vga none -cpu host -M pc,accel=kvm,usb=off,dump-guest-core=off,vmport=off -sandbox on -bios /usr/share/qemu/qboot.rom -object rng-random,filename=/dev/random,id=rng0 -device virtio-rng-pci,rng=rng0 -object iothread,id=io0 -net none -kernel /var/tmp/build-root-adrian/.mount/boot/kernel -initrd /var/tmp/build-root-adrian/.mount/boot/initrd -append root=/dev/disk/by-id/virtio-0 rootfstype=ext4 rootflags=noatime elevator=noop nmi_watchdog=0 rw ia32_emulation=1 oops=panic panic=1 quiet console=hvc0 init=/.build/build -m 512 -drive file=/var/tmp/build-root-adrian/.mount.img,format=raw,if=none,id=disk,cache=unsafe,aio=io_uring -device virtio-blk-pci,iothread=io0,drive=disk,serial=0 -drive file=/var/tmp/build-root-adrian/.mount.swap,format=raw,if=none,id=swap,cache=unsafe,aio=io_uring -device virtio-blk-pci,iothread=io0,drive=swap,serial=1 -device virtio-serial,max_ports=2 -device virtconsole,chardev=virtiocon0 -chardev stdio,id=virtiocon0 -chardev socket,id=monitor,server=on,wait=off,path=/var/tmp/build-root-adrian/.mount.img.qemu/monitor -mon chardev=monitor,mode=readline
[    6s] P+q6E616D65\[18t[6n[32766;32766H[6n[!p]104\[0m[?7h[1G[0J]3008;start=4c58d9c9f8534d48b3813b27c584f5df;user=root;hostname=localhost;machineid=f1916cd7a9c74ede84a42037d799b55f;bootid=bf561687ea624e89b23ecbdb6e982a6a;pid=1;pidfdid=1;comm=systemd;type=boot\[18t[6n[32766;32766H[6n[!p]104\[0m[?7h[1G[0JExtracting build.extract.tar
[    7s] ### VM INTERACTION END ###
[    7s] 2nd stage started in virtual machine
[    7s] machine type: x86_64
[    7s] Linux version: 7.1.2-1-default #1 SMP PREEMPT_DYNAMIC Thu Jul 2 05:05:55 UTC 2026 (992f18c)
[    7s] Time: Sat Jul  4 12:16:51 UTC 2026
[    7s] Increasing log level from now on...
[    7s] [    3.971142][  T448] sysrq: Changing Loglevel
[    7s] [    3.971194][  T448] sysrq: Loglevel set to 4
[    7s] Enable sysrq operations
[    7s] Setting up swapspace version 1, size = 1024 MiB (1073737728 bytes)
[    7s] no label, UUID=c28eb64d-4246-4f0e-b2a3-9b92822e71b5
[    7s] logging output to //.build.log...
[    7s] processing recipe //.build-srcdir/arcomage-hd.spec ...
[    7s] init_buildsystem --configdir /.build/configs --cachedir /var/cache/build //.build-srcdir/arcomage-hd.spec ...
[    7s] initializing rpm db...
[    7s] querying package ids...
[    8s] [1/168] keeping compat-usrmerge-tools-84.87-5.24
[    8s] [2/168] keeping crypto-policies-20250714.cd6043a-4.1
[    8s] [3/168] keeping file-magic-5.48-1.1
[    8s] [4/168] keeping kernel-obs-build-7.1.2-1.1
[    8s] [5/168] keeping libicu78-ledata-78.3-1.2
[    8s] [6/168] keeping libsemanage-conf-3.10-4.1
[    8s] [7/168] keeping pkgconf-m4-2.5.1-1.3
[    8s] [8/168] keeping system-user-root-20190513-2.19
[    8s] [9/168] keeping filesystem-84.87-21.1
[    8s] [10/168] keeping glibc-2.43-4.1
[    8s] [11/168] keeping diffutils-3.12-1.3
[    8s] [12/168] keeping envsubst-mini-1.0-2.2
[    8s] [13/168] keeping fillup-1.42-281.5
[    8s] [14/168] keeping glibc-gconv-modules-extra-2.43-4.1
[    8s] [15/168] keeping glibc-locale-base-2.43-4.1
[    8s] [16/168] keeping libacl1-2.3.2-2.5
[    8s] [17/168] keeping libalternatives1-1.2+31.da24cd4-1.3
[    8s] [18/168] keeping libatomic1-16.1.1+git8886-1.1
[    8s] [19/168] keeping libattr1-2.6.0-1.1
[    8s] [20/168] keeping libaudit1-4.0.2-3.3
[    8s] [21/168] keeping libbrotlicommon1-1.2.0-2.2
[    8s] [22/168] keeping libbz2-1-1.0.8-5.14
[    8s] [23/168] keeping libcap-ng0-0.8.5-1.5
[    8s] [24/168] keeping libcap2-2.78-1.2
[    8s] [25/168] keeping libcrypt1-4.5.2-2.2
[    8s] [26/168] keeping libeconf0-0.8.3-1.3
[    8s] [27/168] keeping libffi8-3.5.2-2.3
[    8s] [28/168] keeping libgcc_s1-16.1.1+git8886-1.1
[    8s] [29/168] keeping libgdbm6-1.26-1.3
[    8s] [30/168] keeping libgmp10-6.3.0-5.4
[    8s] [31/168] keeping libgomp1-16.1.1+git8886-1.1
[    8s] [32/168] keeping libgpg-error0-1.61-1.1
[    8s] [33/168] keeping libitm1-16.1.1+git8886-1.1
[    8s] [34/168] keeping libjitterentropy3-3.6.3-1.3
[    8s] [35/168] keeping liblua5_4-5-5.4.8-4.4
[    8s] [36/168] keeping liblz1-1.16-1.2
[    8s] [37/168] keeping liblz4-1-1.10.0-2.6
[    8s] [38/168] keeping liblzma5-5.8.3-1.2
[    8s] [39/168] keeping libnss_usrfiles2-2.27.1-1.6
[    8s] [40/168] keeping libpcre2-8-0-10.47-1.4
[    8s] [41/168] keeping libpkgconf7-2.5.1-1.3
[    8s] [42/168] keeping libpopt0-1.19-2.2
[    8s] [43/168] keeping libseccomp2-2.6.0-2.4
[    8s] [44/168] keeping libsepol2-3.10-1.3
[    8s] [45/168] keeping libsframe2-2.45-4.1
[    8s] [46/168] keeping libsmartcols1-2.42.1-1.1
[    8s] [47/168] keeping libsqlite3-0-3.53.2-2.1
[    8s] [48/168] keeping libuuid1-2.42.1-1.1
[    8s] [49/168] keeping libxml2-16-2.15.3-1.2
[    8s] [50/168] keeping libyaml-0-2-0.2.5-2.9
[    8s] [51/168] keeping libz1-1.3.1-3.1
[    8s] [52/168] keeping libzstd1-1.5.7-4.2
[    8s] [53/168] keeping patch-2.8-2.3
[    8s] [54/168] keeping timezone-2026b-1.2
[    8s] [55/168] keeping update-alternatives-1.22.22-1.1
[    8s] [56/168] keeping which-2.25-1.1
[    8s] [57/168] keeping netcfg-11.6-14.1
[    8s] [58/168] keeping alts-1.2+31.da24cd4-1.3
[    8s] [59/168] keeping libblkid1-2.42.1-1.1
[    8s] [60/168] keeping libbrotlidec1-1.2.0-2.2
[    8s] [61/168] keeping libbrotlienc1-1.2.0-2.2
[    8s] [62/168] keeping libctf-nobfd0-2.45-4.1
[    8s] [63/168] keeping libgdbm_compat4-1.26-1.3
[    8s] [64/168] keeping libisl23-0.27-1.4
[    8s] [65/168] keeping libmpfr6-4.2.2-1.3
[    8s] [66/168] keeping libselinux1-3.10-3.1
[    8s] [67/168] keeping libstdc++6-16.1.1+git8886-1.1
[    8s] [68/168] keeping perl-base-5.42.1-1.1
[    8s] [69/168] keeping pkgconf-2.5.1-1.3
[    8s] [70/168] keeping libelf1-0.194-1.2
[    8s] [71/168] keeping libgcrypt20-1.12.2-1.2
[    8s] [72/168] keeping libruby4_0-4_0-4.0.5-2.1
[    8s] [73/168] keeping permctl-1699_20260512-1.1
[    8s] [74/168] keeping libmagic1-5.48-1.1
[    8s] [75/168] keeping build-mkbaselibs-20260505-1.1
[    8s] [76/168] keeping dwz-0.15-6.4
[    8s] [77/168] keeping findutils-4.10.0-2.5
[    8s] [78/168] keeping fdupes-2.4.0-1.3
[    8s] [79/168] keeping file-5.48-1.1
[    8s] [80/168] keeping libasan8-16.1.1+git8886-1.1
[    8s] [81/168] keeping libcares2-1.34.6-1.3
[    8s] [82/168] keeping libfdisk1-2.42.1-1.1
[    8s] [83/168] keeping libhwasan0-16.1.1+git8886-1.1
[    8s] [84/168] keeping liblsan0-16.1.1+git8886-1.1
[    8s] [85/168] keeping libmount1-2.42.1-1.1
[    8s] [86/168] keeping libmpc3-1.4.1-1.2
[    8s] [87/168] keeping libsubid5-4.19.4-2.1
[    8s] [88/168] keeping libtsan2-16.1.1+git8886-1.1
[    8s] [89/168] keeping libubsan1-16.1.1+git8886-1.1
[    8s] [90/168] keeping sed-4.10-1.2
[    8s] [91/168] keeping tar-1.35-8.1
[    8s] [92/168] keeping libicu78-78.3-1.2
[    8s] [93/168] keeping libdw1-0.194-1.2
[    8s] [94/168] keeping libsemanage2-3.10-4.1
[    8s] [95/168] keeping perl-5.42.1-1.1
[    8s] [96/168] keeping brp-check-suse-84.87+git20260317.a0eb4ba-1.1
[    8s] [97/168] keeping perl-rpm-packaging-1.3-1.2
[    8s] [98/168] keeping libasm1-0.194-1.2
[    8s] [99/168] keeping cpp15-15.3.0+git11272-1.1
[    8s] [100/168] keeping terminfo-base-6.6.20260613-109.1
[    8s] [101/168] keeping libncurses6-6.6.20260613-109.1
[    8s] [102/168] keeping libreadline8-8.3.3-2.4
[    8s] [103/168] keeping ncurses-utils-6.6.20260613-109.1
[    8s] [104/168] keeping bash-5.3.15-7.1
[    8s] [105/168] keeping lua54-5.4.8-4.4
[    8s] [106/168] keeping bash-sh-5.3.15-7.1
[    8s] [107/168] keeping compat-usrmerge-build-84.87-5.24
[    8s] [108/168] keeping lua-interpreter-5-3.2
[    8s] [109/168] keeping login_defs-4.19.4-2.1
[    8s] [110/168] keeping sysuser-shadow-3.3-12.2
[    8s] [111/168] keeping cpio-2.15-7.2
[    8s] [112/168] keeping cpp-15-3.2
[    8s] [113/168] keeping gzip-1.14-2.1
[    8s] [114/168] keeping make-4.4.1-3.5
[    8s] [115/168] keeping bzip2-1.0.8-5.14
[    8s] [116/168] keeping grep-3.12-1.3
[    8s] [117/168] keeping pkgconf-pkg-config-2.5.1-1.3
[    8s] [118/168] keeping xz-5.8.3-1.2
[    8s] [119/168] keeping gettext-runtime-mini-1.0-2.2
[    8s] [120/168] keeping gawk-5.4.0-1.1
[    8s] [121/168] keeping coreutils-9.11-4.1
[    8s] [122/168] keeping elfutils-0.194-1.2
[    8s] [123/168] keeping linux-glibc-devel-7.0-1.1
[    8s] [124/168] keeping systemd-rpm-macros-26-1.2
[    8s] [125/168] keeping libxcrypt-devel-4.5.2-2.2
[    8s] [126/168] keeping system-user-nobody-20250822-2.2
[    8s] [127/168] keeping permissions-config-1699_20260512-1.1
[    8s] [128/168] keeping polkit-default-privs-1550+20260623.563df94-1.1
[    8s] [129/168] keeping libopenssl3-3.5.3-6.1
[    8s] [130/168] keeping aaa_base-84.87+git20260610.3b5a868c-1.1
[    8s] [131/168] keeping gettext-tools-mini-1.0-2.2
[    8s] [132/168] keeping binutils-2.45-4.1
[    8s] [133/168] keeping rpm-4.20.1-7.1
[    8s] [134/168] keeping aaa_base-malloccheck-84.87+git20260610.3b5a868c-1.1
[    8s] [135/168] keeping permissions-1699_20260512-1.1
[    8s] [136/168] keeping rpm-config-SUSE-20250904-1.2
[    8s] [137/168] keeping glibc-devel-2.43-4.1
[    8s] [138/168] keeping libctf0-2.45-4.1
[    8s] [139/168] keeping rpmlint-mini-2.9.0+git20260629.bd947d09-21.9
[    8s] [140/168] keeping build-compare-20260622T095938.6416d96-1.1
[    8s] [141/168] keeping libarchive13-3.8.7-1.2
[    8s] [142/168] keeping librpmbuild10-4.20.1-7.1
[    8s] [143/168] keeping debugedit-5.1-1.5
[    8s] [144/168] keeping nodejs24-24.18.0-1.1
[    8s] [145/168] keeping nodejs-default-6.1-5.2
[    8s] [146/168] keeping libstdc++6-devel-gcc15-15.3.0+git11272-1.1
[    8s] [147/168] keeping pam-1.7.2+git12-1.1
[    8s] [148/168] keeping post-build-checks-84.87+git20250725.0c3a172-1.2
[    8s] [149/168] keeping gcc15-15.3.0+git11272-1.1
[    8s] [150/168] keeping gcc15-PIE-15.3.0+git11272-1.1
[    8s] [151/168] keeping gcc-15-3.2
[    8s] [152/168] keeping nodejs-common-6.1-5.2
[    8s] [153/168] keeping gcc15-c++-15.3.0+git11272-1.1
[    8s] [154/168] keeping shadow-4.19.4-2.1
[    8s] [155/168] keeping util-linux-2.42.1-1.1
[    8s] [156/168] keeping gcc-PIE-15-3.2
[    8s] [157/168] keeping gcc-c++-15-3.2
[    8s] [158/168] keeping ruby-common-4.0.0-4.1
[    8s] [159/168] keeping npm24-24.18.0-1.1
[    8s] [160/168] keeping shadow-pw-mgmt-4.19.4-2.1
[    8s] [161/168] keeping rpm-build-4.20.1-7.1
[    8s] [162/168] keeping nodejs24-devel-24.18.0-1.1
[    8s] [163/168] keeping npm-default-6.1-5.2
[    8s] [164/168] keeping ruby4.0-4.0.5-2.1
[    8s] [165/168] keeping ruby-4.0-1.4
[    8s] [166/168] keeping nodejs-devel-default-6.1-5.2
[    8s] [167/168] keeping ruby4.0-rubygem-gem2rpm-0.10.1-30.1
[    8s] [168/168] keeping nodejs-packaging-10.beta11-4.8
[    8s] now finalizing build dir...
[    8s] ... running 01-add_abuild_user_to_trusted_group
[    8s] ... running 02-set_timezone_to_utc
[    8s] ... running 03-set-permissions-secure
[    8s] ... running 11-hack_uname_version_to_kernel_version
[    8s] WARNING could not set SOURCE_DATE_EPOCH, ensure mtime is in $TOPDIR/SOURCES/_scmsync.obsinfo or BUILD_CHANGELOG_TIMESTAMP is set in /.buildenv
[    8s] WARNING could not set SOURCE_DATE_EPOCH, ensure BUILD_RELEASE is set in /.buildenv
[    8s] -----------------------------------------------------------------
[    8s] I have the following modifications for arcomage-hd.spec:
[    9s] -----------------------------------------------------------------
[    9s] ----- building arcomage-hd.spec (user abuild)
[    9s] -----------------------------------------------------------------
[    9s] -----------------------------------------------------------------
[    9s] WARNING could not set SOURCE_DATE_EPOCH, ensure mtime is in $TOPDIR/SOURCES/_scmsync.obsinfo or BUILD_CHANGELOG_TIMESTAMP is set in /.buildenv
[    9s] WARNING could not set SOURCE_DATE_EPOCH, ensure BUILD_RELEASE is set in /.buildenv
[    9s] + exec rpmbuild -ba --define '_srcdefattr (-,root,root)' --nosignature --define '_build_create_debug 1' /home/abuild/rpmbuild/SOURCES/arcomage-hd.spec
[    9s] warning: Macro expanded in comment on line 25: %{version}
[    9s] 
[    9s] warning: Macro expanded in comment on line 25: %{version}
[    9s] 
[    9s] Building target platforms: noarch
[    9s] Building for target noarch
[    9s] warning: Macro expanded in comment on line 25: %{version}
[    9s] 
[    9s] warning: Macro expanded in comment on line 25: %{version}
[    9s] 
[    9s] Executing(%mkbuilddir): /usr/bin/bash -e /var/tmp/rpm-tmp.5StMZe
[    9s] Executing(%prep): /usr/bin/bash -e /var/tmp/rpm-tmp.QTgRfY
[    9s] + umask 022
[    9s] + cd /home/abuild/rpmbuild/BUILD/arcomage-hd-1.0.0_beta.26-build
[    9s] + cd /home/abuild/rpmbuild/BUILD/arcomage-hd-1.0.0_beta.26-build
[    9s] + rm -rf arcomage-hd-1.0.0~beta.26
[    9s] + /usr/lib/rpm/rpmuncompress -x /home/abuild/rpmbuild/SOURCES/v1.0.0~beta.26.tar.gz
[    9s] 
[    9s] gzip: stdin: not in gzip format
[    9s] /usr/bin/tar: Child returned status 1
[    9s] /usr/bin/tar: Error is not recoverable: exiting now
[    9s] error: Bad exit status from /var/tmp/rpm-tmp.QTgRfY (%prep)
[    9s] 
[    9s] RPM build warnings:
[    9s]     Macro expanded in comment on line 25: %{version}
[    9s] 
[    9s]     Macro expanded in comment on line 25: %{version}
[    9s] 
[    9s]     Macro expanded in comment on line 25: %{version}
[    9s] 
[    9s]     Macro expanded in comment on line 25: %{version}
[    9s] 
[    9s] 
[    9s] RPM build errors:
[    9s]     Bad exit status from /var/tmp/rpm-tmp.QTgRfY (%prep)
[    9s] ### VM INTERACTION START ###
[    9s] [    6.111662][    T1] sysrq: Power Off
[    9s] ### VM INTERACTION END ###
[    9s] 
[    9s] reiser.suse.de failed "build arcomage-hd.spec" at Sat Jul  4 12:16:53 UTC 2026.
[    9s] 

finished ./arcomage-hd.spec after 10s: failed
