starting project builder
    source directory: /home/adrian/opencode/pbuild-ai-examples/sources/gawk.update-to-upstream
    result directory: /home/adrian/opencode/pbuild-ai-examples/sources/gawk.update-to-upstream/_build.tumbleweed.x86_64
    build area: /var/tmp/build-root-adrian
    architecture: x86_64
    build config:
      - tumbleweed
    repositories:
      - https://download.opensuse.org/tumbleweed/repo/oss
getting package information
parsing 1 recipe file
fetching metadata of 1 remote repo
preparing package pool
expanding dependencies
building ./gawk.spec
VM_ROOT: /var/tmp/build-root-adrian/.mount.img, VM_SWAP: /var/tmp/build-root-adrian/.mount.swap
Using mkfs copyin mode to populate the root filesystem
Reusing former build root
logging output to /var/tmp/build-root-adrian/.build.log...
[    0s] Using BUILD_ROOT=/var/tmp/build-root-adrian/.mount
[    0s] Using BUILD_ARCH=x86_64:i686:i586:i486:i386
[    0s] Doing kvm build in /var/tmp/build-root-adrian/.mount.img
[    0s] 
[    0s] 
[    0s] rio started "build gawk.spec" at Mon Jul  6 09:40:46 UTC 2026.
[    0s] 
[    0s] 
[    0s] processing recipe /home/adrian/opencode/pbuild-ai-examples/sources/gawk.update-to-upstream/gawk.spec ...
[    0s] running changelog2spec --target rpm --file /home/adrian/opencode/pbuild-ai-examples/sources/gawk.update-to-upstream/gawk.spec
[    0s] init_buildsystem --configdir /usr/lib/build/configs --cachedir /home/adrian/.cache/opensuse.org/build/cache --prepare --rpmlist /var/tmp/build-root-adrian/.build.rpmlist /home/adrian/opencode/pbuild-ai-examples/sources/gawk.update-to-upstream/gawk.spec ...
[    0s] copying packages...
[    1s] reordering...cycle: libncurses6 -> terminfo-base
[    1s]   breaking dependency terminfo-base -> libncurses6
[    1s] cycle: lua54 -> lua-interpreter
[    1s]   breaking dependency lua54 -> lua-interpreter
[    1s] cycle: binutils -> libctf0
[    1s]   breaking dependency binutils -> libctf0
[    1s] cycle: rpm-config-SUSE -> rpm
[    1s]   breaking dependency rpm -> rpm-config-SUSE
[    1s] done
[    1s] cp: -r not specified; omitting directory '/home/adrian/opencode/pbuild-ai-examples/sources/gawk.update-to-upstream/_build.tumbleweed.x86_64'
[    1s] cp: -r not specified; omitting directory '/home/adrian/opencode/pbuild-ai-examples/sources/gawk.update-to-upstream/gawk.update-to-upstream'
[    1s] setting source mtime to 1637492521
[    1s] Detected virtio-serial support
[    1s] booting kvm...
[    1s] ### VM INTERACTION START ###
[    1s] Using virtio-serial support
[    1s] /usr/bin/qemu-kvm -nodefaults -no-reboot -nographic -vga none -cpu host -M pc,accel=kvm,usb=off,dump-guest-core=off,vmport=off -sandbox on -bios /usr/share/qemu/qboot.rom -object rng-random,filename=/dev/random,id=rng0 -device virtio-rng-pci,rng=rng0 -object iothread,id=io0 -net none -kernel /var/tmp/build-root-adrian/.mount/boot/kernel -initrd /var/tmp/build-root-adrian/.mount/boot/initrd -append root=/dev/disk/by-id/virtio-0 rootfstype=ext4 rootflags=noatime elevator=noop nmi_watchdog=0 rw ia32_emulation=1 oops=panic panic=1 quiet console=hvc0 init=/.build/build -m 512 -drive file=/var/tmp/build-root-adrian/.mount.img,format=raw,if=none,id=disk,cache=unsafe,aio=io_uring -device virtio-blk-pci,iothread=io0,drive=disk,serial=0 -drive file=/var/tmp/build-root-adrian/.mount.swap,format=raw,if=none,id=swap,cache=unsafe,aio=io_uring -device virtio-blk-pci,iothread=io0,drive=swap,serial=1 -device virtio-serial,max_ports=2 -device virtconsole,chardev=virtiocon0 -chardev stdio,id=virtiocon0 -chardev socket,id=monitor,server=on,wait=off,path=/var/tmp/build-root-adrian/.mount.img.qemu/monitor -mon chardev=monitor,mode=readline
[    5s] P+q6E616D65\[18t[6n[32766;32766H[6n[!p]104\[0m[?7h[1G[0J]3008;start=ef1461f969ba4e648181bb0ea46b279e;user=root;hostname=localhost;machineid=7d79707333fb4f66a2963ac550a6ff30;bootid=c4e5d56f71d349e1bb72ea5f38be92a0;pid=1;pidfdid=1;comm=systemd;type=boot\[18t[6n[32766;32766H[6n[!p]104\[0m[?7h[1G[0JExtracting build.extract.tar
[    5s] ### VM INTERACTION END ###
[    5s] 2nd stage started in virtual machine
[    5s] machine type: x86_64
[    5s] Linux version: 7.1.2-1-default #1 SMP PREEMPT_DYNAMIC Thu Jul 2 05:05:55 UTC 2026 (992f18c)
[    5s] Time: Mon Jul  6 09:40:50 UTC 2026
[    5s] Increasing log level from now on...
[    5s] [    3.598141][  T515] sysrq: Changing Loglevel
[    5s] [    3.598188][  T515] sysrq: Loglevel set to 4
[    5s] Enable sysrq operations
[    5s] Setting up swapspace version 1, size = 1024 MiB (1073737728 bytes)
[    5s] no label, UUID=3ae59671-5a01-4719-a41e-8ac66236d972
[    5s] logging output to //.build.log...
[    5s] processing recipe //.build-srcdir/gawk.spec ...
[    5s] init_buildsystem --configdir /.build/configs --cachedir /var/cache/build //.build-srcdir/gawk.spec ...
[    5s] initializing rpm db...
[    5s] querying package ids...
[    6s] [1/136] keeping compat-usrmerge-tools-84.87-5.24
[    6s] [2/136] keeping crypto-policies-20250714.cd6043a-4.1
[    6s] [3/136] keeping file-magic-5.48-1.1
[    6s] [4/136] keeping kernel-obs-build-7.1.2-1.1
[    6s] [5/136] keeping pkgconf-m4-2.5.1-1.3
[    6s] [6/136] keeping system-user-root-20190513-2.19
[    6s] [7/136] keeping filesystem-84.87-21.1
[    6s] [8/136] keeping glibc-2.43-4.1
[    6s] [9/136] keeping diffutils-3.12-1.3
[    6s] [10/136] keeping envsubst-mini-1.0-2.2
[    6s] [11/136] keeping fillup-1.42-281.5
[    6s] [12/136] keeping glibc-gconv-modules-extra-2.43-4.1
[    6s] [13/136] keeping glibc-locale-base-2.43-4.1
[    6s] [14/136] keeping libacl1-2.3.2-2.5
[    6s] [15/136] keeping libalternatives1-1.2+31.da24cd4-1.3
[    6s] [16/136] keeping libatomic1-16.1.1+git8886-1.1
[    6s] [17/136] keeping libattr1-2.6.0-1.1
[    6s] [18/136] keeping libaudit1-4.0.2-3.3
[    6s] [19/136] keeping libbz2-1-1.0.8-5.14
[    6s] [20/136] keeping libcap-ng0-0.8.5-1.5
[    6s] [21/136] keeping libcap2-2.78-1.2
[    6s] [22/136] keeping libcrypt1-4.5.2-2.2
[    6s] [23/136] keeping libeconf0-0.8.3-1.3
[    6s] [24/136] keeping libgcc_s1-16.1.1+git8886-1.1
[    6s] [25/136] keeping libgdbm6-1.26-1.3
[    6s] [26/136] keeping libgmp10-6.3.0-5.4
[    6s] [27/136] keeping libgomp1-16.1.1+git8886-1.1
[    6s] [28/136] keeping libgpg-error0-1.61-1.1
[    6s] [29/136] keeping libitm1-16.1.1+git8886-1.1
[    6s] [30/136] keeping libjitterentropy3-3.6.3-1.3
[    6s] [31/136] keeping liblua5_4-5-5.4.8-4.4
[    6s] [32/136] keeping liblz1-1.16-1.2
[    6s] [33/136] keeping liblz4-1-1.10.0-2.6
[    6s] [34/136] keeping liblzma5-5.8.3-1.2
[    6s] [35/136] keeping libpcre2-8-0-10.47-1.4
[    6s] [36/136] keeping libpkgconf7-2.5.1-1.3
[    6s] [37/136] keeping libpopt0-1.19-2.2
[    6s] [38/136] keeping libseccomp2-2.6.0-2.4
[    6s] [39/136] keeping libsframe2-2.45-4.1
[    6s] [40/136] keeping libsmartcols1-2.42.1-1.1
[    6s] [41/136] keeping libuuid1-2.42.1-1.1
[    6s] [42/136] keeping libxml2-16-2.15.3-1.2
[    6s] [43/136] keeping libz1-1.3.1-3.1
[    6s] [44/136] keeping libzstd1-1.5.7-4.2
[    6s] [45/136] keeping patch-2.8-2.3
[    6s] [46/136] keeping which-2.25-1.1
[    6s] [47/136] keeping alts-1.2+31.da24cd4-1.3
[    6s] [48/136] keeping libblkid1-2.42.1-1.1
[    6s] [49/136] keeping libctf-nobfd0-2.45-4.1
[    6s] [50/136] keeping libgdbm_compat4-1.26-1.3
[    6s] [51/136] keeping libisl23-0.27-1.4
[    6s] [52/136] keeping libmpfr6-4.2.2-1.3
[    6s] [53/136] keeping libselinux1-3.10-3.1
[    6s] [54/136] keeping libstdc++6-16.1.1+git8886-1.1
[    6s] [55/136] keeping perl-base-5.42.1-1.1
[    6s] [56/136] keeping pkgconf-2.5.1-1.3
[    6s] [57/136] keeping libelf1-0.194-1.2
[    6s] [58/136] keeping libgcrypt20-1.12.2-1.2
[    6s] [59/136] keeping permctl-1699_20260512-1.1
[    6s] [60/136] keeping libmagic1-5.48-1.1
[    6s] [61/136] keeping build-mkbaselibs-20260505-1.1
[    6s] [62/136] keeping dwz-0.15-6.4
[    6s] [63/136] keeping findutils-4.10.0-2.5
[    6s] [64/136] keeping file-5.48-1.1
[    6s] [65/136] keeping libasan8-16.1.1+git8886-1.1
[    6s] [66/136] keeping libfdisk1-2.42.1-1.1
[    6s] [67/136] keeping libhwasan0-16.1.1+git8886-1.1
[    6s] [68/136] keeping liblsan0-16.1.1+git8886-1.1
[    6s] [69/136] keeping libmount1-2.42.1-1.1
[    6s] [70/136] keeping libmpc3-1.4.1-1.2
[    6s] [71/136] keeping libtsan2-16.1.1+git8886-1.1
[    6s] [72/136] keeping libubsan1-16.1.1+git8886-1.1
[    6s] [73/136] keeping sed-4.10-1.2
[    6s] [74/136] keeping tar-1.35-8.1
[    6s] [75/136] keeping libgmpxx4-6.3.0-5.4
[    6s] [76/136] keeping libdw1-0.194-1.2
[    6s] [77/136] keeping perl-5.42.1-1.1
[    6s] [78/136] keeping brp-check-suse-84.87+git20260317.a0eb4ba-1.1
[    6s] [79/136] keeping perl-rpm-packaging-1.3-1.2
[    6s] [80/136] keeping libasm1-0.194-1.2
[    6s] [81/136] keeping cpp15-15.3.0+git11272-1.1
[    6s] [82/136] keeping terminfo-base-6.6.20260613-109.1
[    6s] [83/136] keeping libncurses6-6.6.20260613-109.1
[    6s] [84/136] keeping libreadline8-8.3.3-2.4
[    6s] [85/136] keeping ncurses-utils-6.6.20260613-109.1
[    6s] [86/136] keeping tack-1.11.20251210-109.1
[    6s] [87/136] keeping libncurses_c++6-6.6.20260613-109.1
[    6s] [88/136] keeping bash-5.3.15-7.1
[    6s] [89/136] keeping lua54-5.4.8-4.4
[    6s] [90/136] keeping bash-sh-5.3.15-7.1
[    6s] [91/136] keeping compat-usrmerge-build-84.87-5.24
[    6s] [92/136] keeping lua-interpreter-5-3.2
[    6s] [93/136] keeping cpio-2.15-7.2
[    6s] [94/136] keeping cpp-15-3.2
[    6s] [95/136] keeping gzip-1.14-2.1
[    6s] [96/136] keeping make-4.4.1-3.5
[    6s] [97/136] keeping bzip2-1.0.8-5.14
[    6s] [98/136] keeping grep-3.12-1.3
[    6s] [99/136] keeping pkgconf-pkg-config-2.5.1-1.3
[    6s] [100/136] keeping xz-5.8.3-1.2
[    6s] [101/136] keeping gettext-runtime-mini-1.0-2.2
[    6s] [102/136] keeping gawk-5.4.0-1.1
[    6s] [103/136] keeping coreutils-9.11-4.1
[    6s] [104/136] keeping elfutils-0.194-1.2
[    6s] [105/136] keeping linux-glibc-devel-7.0-1.1
[    6s] [106/136] keeping systemd-rpm-macros-26-1.2
[    6s] [107/136] keeping libxcrypt-devel-4.5.2-2.2
[    6s] [108/136] keeping gmp-devel-6.3.0-5.4
[    6s] [109/136] keeping permissions-config-1699_20260512-1.1
[    6s] [110/136] keeping polkit-default-privs-1550+20260623.563df94-1.1
[    6s] [111/136] keeping libopenssl3-3.5.3-6.1
[    6s] [112/136] keeping ncurses-devel-6.6.20260613-109.1
[    6s] [113/136] keeping aaa_base-84.87+git20260610.3b5a868c-1.1
[    6s] [114/136] keeping gettext-tools-mini-1.0-2.2
[    6s] [115/136] keeping binutils-2.45-4.1
[    6s] [116/136] keeping rpm-4.20.1-7.1
[    6s] [117/136] keeping aaa_base-malloccheck-84.87+git20260610.3b5a868c-1.1
[    6s] [118/136] keeping permissions-1699_20260512-1.1
[    6s] [119/136] keeping rpm-config-SUSE-20250904-1.2
[    6s] [120/136] keeping glibc-devel-2.43-4.1
[    6s] [121/136] keeping libctf0-2.45-4.1
[    6s] [122/136] keeping readline-devel-8.3.3-2.4
[    6s] [123/136] keeping mpfr-devel-4.2.2-1.3
[    6s] [124/136] keeping rpmlint-mini-2.9.0+git20260629.bd947d09-21.9
[    6s] [125/136] keeping build-compare-20260622T095938.6416d96-1.1
[    6s] [126/136] keeping libarchive13-3.8.7-1.2
[    6s] [127/136] keeping librpmbuild10-4.20.1-7.1
[    6s] [128/136] keeping debugedit-5.1-1.5
[    6s] [129/136] keeping pam-1.7.2+git12-1.1
[    6s] [130/136] keeping post-build-checks-84.87+git20250725.0c3a172-1.2
[    6s] [131/136] keeping gcc15-15.3.0+git11272-1.1
[    6s] [132/136] keeping gcc15-PIE-15.3.0+git11272-1.1
[    6s] [133/136] keeping gcc-15-3.2
[    6s] [134/136] keeping util-linux-2.42.1-1.1
[    6s] [135/136] keeping gcc-PIE-15-3.2
[    6s] [136/136] keeping rpm-build-4.20.1-7.1
[    6s] now finalizing build dir...
[    6s] ... running 01-add_abuild_user_to_trusted_group
[    6s] ... running 02-set_timezone_to_utc
[    6s] ... running 03-set-permissions-secure
[    6s] ... running 11-hack_uname_version_to_kernel_version
[    6s] WARNING could not set SOURCE_DATE_EPOCH, ensure BUILD_RELEASE is set in /.buildenv
[    6s] -----------------------------------------------------------------
[    6s] I have the following modifications for gawk.spec:
[    6s] -----------------------------------------------------------------
[    6s] ----- building gawk.spec (user abuild)
[    6s] -----------------------------------------------------------------
[    6s] -----------------------------------------------------------------
[    6s] WARNING could not set SOURCE_DATE_EPOCH, ensure BUILD_RELEASE is set in /.buildenv
[    6s] + exec rpmbuild -ba --define '_srcdefattr (-,root,root)' --nosignature --define '_build_create_debug 1' /home/abuild/rpmbuild/SOURCES/gawk.spec
[    6s] error: line 81: %package debuginfo
[    6s] : package gawk-debuginfo already exists
[    6s] ### VM INTERACTION START ###
[    7s] [    4.871308][    T1] sysrq: Power Off
[    7s] ### VM INTERACTION END ###
[    7s] 
[    7s] rio failed "build gawk.spec" at Mon Jul  6 09:40:53 UTC 2026.
[    7s] 

finished ./gawk.spec after 7s: failed
