[PBUILD-AI] Version 0.1.9
[SKILL LOADED] OPENSUSE.md (Base skill)

[MODIFY] Sending libarchive.spec sources to ornith:35b...
[TOOL] web_fetch: https://github.com/libarchive/libarchive/commit/020c40df9e31ec727201a8e3ddf1f94093f8fc02.diff (3934 bytes -> 3205 stripped)
[MODIFY] [Fetched 3934 bytes]
[TOOL] web_fetch: https://patch-diff.githubusercontent.com/raw/libarchive/libarchive/pull/2538.diff (11676 bytes -> 11437 stripped)
[MODIFY] [Fetched 11676 bytes]
[TOOL] download_file: https://github.com/libarchive/libarchive/commit/020c40df9e31ec727201a8e3ddf1f94093f8fc02.diff -> security_fix.diff (3934 bytes)
[MODIFY] OK: Downloaded 3934 bytes to security_fix.diff
[TOOL] download_file: libarchive-3.7.4.tar.xz already exists (5417660 bytes), skipping download. Use remove_file first if the file is broken or needs to be re-fetched from a different URL.
[MODIFY] OK: Already have 5417660 bytes at libarchive-3.7.4.tar.xz. Use remove_file first if the file is broken or needs to be re-downloaded from a different URL.
[MODIFY] 
[MODIFY] Error: Shell metacharacters (;|&$`><) are not allowed in git_command.
[MODIFY] 
[MODIFY] Error: /tmp/libarchive-test is outside the workspace directory.
[TOOL] list_files: . (14 entries)
[MODIFY] .git/
.gitattributes
.gitignore
_constraints
baselibs.conf
fix-bsdunzip-test.patch
fix-soversion.patch
lib-suffix.patch
libarchive-3.7.4.tar.xz
libarchive-3.7.4.tar.xz.asc
libarchive.changes
libarchive.keyring
libarchive.spec
security_fix.diff
[MODIFY] 
[MODIFY] Error: /workspace/libarchive-src is outside the workspace directory.
[MODIFY] 
[TOOL] web_fetch: https://github.com/libarchive/libarchive/commit/020c40df9e31ec727201a8e3ddf1f94093f8fc02.diff (3934 bytes -> 3205 stripped)
[MODIFY] [Fetched 3934 bytes]
[TOOL] web_fetch: https://raw.githubusercontent.com/libarchive/libarchive/020c40df9e31ec727201a8e3ddf1f94093f8fc02/libarchive/archive_read_support_format_rar.c (106879 bytes -> 72538 stripped)
[MODIFY] [Fetched 106879 bytes]
[MODIFY] read_file: libarchive-src/libarchive/archive_read_support_format_rar.c (0 lines)
[MODIFY] Error: Not a directory: libarchive-src/libarchive
[MODIFY] 
[TOOL] web_fetch: https://raw.githubusercontent.com/libarchive/libarchive/020c40df9e31ec727201a8e3ddf1f94093f8fc02/libarchive/archive_read_support_format_rar.c (106879 bytes -> 72538 stripped)
[MODIFY] [Fetched 106879 bytes]
[TOOL] web_fetch: https://github.com/libarchive/libarchive/commit/020c40df9e31ec727201a8e3ddf1f94093f8fc02.diff (3934 bytes -> 3205 stripped)
[MODIFY] [Fetched 3934 bytes]
[MODIFY] read_file: libarchive-src/libarchive/archive_read_support_format_rar.c (0 lines)
[MODIFY] Saved conversation context to .pai.context for restart.
[INFO] No specific skill found. Using default profile.
[INFO] Single package mode (no _manifest found). Running orphan build...
[EXEC] pbuild --orphan --release 0 --no-clean --dist tumbleweed --vm-memory 8096
[BUILD LOG] Wrote 1135054 bytes to /home/adrian/opencode/pbuild-ai-examples/docs/results/backport-security-fix/ornith35b/20260706_162839/build-1.log

[OK] Build for libarchive.spec succeeded.
[STATS] AI model: ornith:35b  |  AI calls: 0  |  AI time: 0.0s  |  pbuild calls: 1  |  pbuild time: 324.3s  |  total runtime: 507.8s
