starting project builder
    source directory: /home/adrian/opencode/pbuild-ai-examples/sources/fix-build-example
    result directory: /home/adrian/opencode/pbuild-ai-examples/sources/fix-build-example/_build.tumbleweed.x86_64
    build area: /var/tmp/build-root-adrian
    architecture: x86_64
    build config:
      - tumbleweed
    repositories:
      - https://download.opensuse.org/tumbleweed/repo/oss
getting package information
parsing 1 recipe file
fetching metadata of 1 remote repo
preparing package pool
expanding dependencies
fetching 145 binaries from https://download.opensuse.org/tumbleweed/repo/oss
building ./oterm.spec
VM_ROOT: /var/tmp/build-root-adrian/.mount.img, VM_SWAP: /var/tmp/build-root-adrian/.mount.swap
Using mkfs copyin mode to populate the root filesystem
Reusing former build root
logging output to /var/tmp/build-root-adrian/.build.log...
[    0s] Using BUILD_ROOT=/var/tmp/build-root-adrian/.mount
[    0s] Using BUILD_ARCH=x86_64:i686:i586:i486:i386
[    0s] Doing kvm build in /var/tmp/build-root-adrian/.mount.img
[    0s] 
[    0s] 
[    0s] reiser.suse.de started "build oterm.spec" at Mon Jul  6 07:49:56 UTC 2026.
[    0s] 
[    0s] 
[    0s] processing recipe /home/adrian/opencode/pbuild-ai-examples/sources/fix-build-example/oterm.spec ...
[    1s] running changelog2spec --target rpm --file /home/adrian/opencode/pbuild-ai-examples/sources/fix-build-example/oterm.spec
[    1s] init_buildsystem --configdir /usr/lib/build/configs --cachedir /home/adrian/.cache/opensuse.org/build/cache --prepare --rpmlist /var/tmp/build-root-adrian/.build.rpmlist /home/adrian/opencode/pbuild-ai-examples/sources/fix-build-example/oterm.spec ...
[    1s] copying packages...
[    1s] reordering...cycle: libncurses6 -> terminfo-base
[    1s]   breaking dependency terminfo-base -> libncurses6
[    1s] cycle: lua54 -> lua-interpreter
[    1s]   breaking dependency lua54 -> lua-interpreter
[    1s] cycle: binutils -> libctf0
[    1s]   breaking dependency binutils -> libctf0
[    1s] cycle: python313-base -> libpython3_13-1_0
[    1s]   breaking dependency python313-base -> libpython3_13-1_0
[    1s] cycle: rpm-config-SUSE -> rpm
[    1s]   breaking dependency rpm -> rpm-config-SUSE
[    1s] done
[    2s] cp: -r not specified; omitting directory '/home/adrian/opencode/pbuild-ai-examples/sources/fix-build-example/_build.tumbleweed.x86_64'
[    2s] Detected virtio-serial support
[    3s] booting kvm...
[    3s] ### VM INTERACTION START ###
[    3s] Using virtio-serial support
[    3s] /usr/bin/qemu-kvm -nodefaults -no-reboot -nographic -vga none -cpu host -M pc,accel=kvm,usb=off,dump-guest-core=off,vmport=off -sandbox on -bios /usr/share/qemu/qboot.rom -object rng-random,filename=/dev/random,id=rng0 -device virtio-rng-pci,rng=rng0 -object iothread,id=io0 -net none -kernel /var/tmp/build-root-adrian/.mount/boot/kernel -initrd /var/tmp/build-root-adrian/.mount/boot/initrd -append root=/dev/disk/by-id/virtio-0 rootfstype=ext4 rootflags=noatime elevator=noop nmi_watchdog=0 rw ia32_emulation=1 oops=panic panic=1 quiet console=hvc0 init=/.build/build -m 512 -drive file=/var/tmp/build-root-adrian/.mount.img,format=raw,if=none,id=disk,cache=unsafe,aio=io_uring -device virtio-blk-pci,iothread=io0,drive=disk,serial=0 -drive file=/var/tmp/build-root-adrian/.mount.swap,format=raw,if=none,id=swap,cache=unsafe,aio=io_uring -device virtio-blk-pci,iothread=io0,drive=swap,serial=1 -device virtio-serial,max_ports=2 -device virtconsole,chardev=virtiocon0 -chardev stdio,id=virtiocon0 -chardev socket,id=monitor,server=on,wait=off,path=/var/tmp/build-root-adrian/.mount.img.qemu/monitor -mon chardev=monitor,mode=readline
[    8s] P+q6E616D65\[18t[6n[32766;32766H[6n[!p]104\[0m[?7h[1G[0J]3008;start=fe5760dbbf5a4364b6e879e44680ed5f;user=root;hostname=localhost;machineid=2f3592e4a77944279017c3ad30c7c245;bootid=e37c1c9ac7184797ad83ff314da24385;pid=1;pidfdid=1;comm=systemd;type=boot\[18t[6n[32766;32766H[6n[!p]104\[0m[?7h[1G[0JExtracting build.extract.tar
[    8s] ### VM INTERACTION END ###
[    8s] 2nd stage started in virtual machine
[    9s] machine type: x86_64
[    9s] Linux version: 7.1.2-1-default #1 SMP PREEMPT_DYNAMIC Thu Jul 2 05:05:55 UTC 2026 (992f18c)
[    9s] Time: Mon Jul  6 07:50:04 UTC 2026
[    9s] Increasing log level from now on...
[    9s] [    4.663346][  T449] sysrq: Changing Loglevel
[    9s] [    4.663397][  T449] sysrq: Loglevel set to 4
[    9s] Enable sysrq operations
[    9s] Setting up swapspace version 1, size = 1024 MiB (1073737728 bytes)
[    9s] no label, UUID=82f84932-1cdb-4a0f-aeaa-61ff8ade76fb
[    9s] logging output to //.build.log...
[    9s] processing recipe //.build-srcdir/oterm.spec ...
[    9s] init_buildsystem --configdir /.build/configs --cachedir /var/cache/build //.build-srcdir/oterm.spec ...
[    9s] initializing rpm db...
[    9s] querying package ids...
[   10s] deleting python313-setuptools
[   10s] [1/145] keeping compat-usrmerge-tools-84.87-5.24
[   10s] [2/145] keeping crypto-policies-20250714.cd6043a-4.1
[   10s] [3/145] keeping file-magic-5.48-1.1
[   10s] [4/145] keeping kernel-obs-build-7.1.2-1.1
[   10s] [5/145] keeping pkgconf-m4-2.5.1-1.3
[   10s] [6/145] keeping python-rpm-macros-20260601.4a231f4-1.1
[   10s] [7/145] keeping system-user-root-20190513-2.19
[   10s] [8/145] keeping filesystem-84.87-21.1
[   10s] [9/145] keeping glibc-2.43-4.1
[   10s] [10/145] keeping diffutils-3.12-1.3
[   10s] [11/145] keeping envsubst-mini-1.0-2.2
[   10s] [12/145] keeping fillup-1.42-281.5
[   10s] [13/145] keeping glibc-gconv-modules-extra-2.43-4.1
[   10s] [14/145] keeping glibc-locale-base-2.43-4.1
[   10s] [15/145] keeping libacl1-2.3.2-2.5
[   10s] [16/145] keeping libalternatives1-1.2+31.da24cd4-1.3
[   10s] [17/145] keeping libatomic1-16.1.1+git8886-1.1
[   10s] [18/145] keeping libattr1-2.6.0-1.1
[   10s] [19/145] keeping libaudit1-4.0.2-3.3
[   10s] [20/145] keeping libbz2-1-1.0.8-5.14
[   10s] [21/145] keeping libcap-ng0-0.8.5-1.5
[   10s] [22/145] keeping libcap2-2.78-1.2
[   10s] [23/145] keeping libcrypt1-4.5.2-2.2
[   10s] [24/145] keeping libeconf0-0.8.3-1.3
[   10s] [25/145] keeping libexpat1-2.8.1-1.1
[   10s] [26/145] keeping libffi8-3.5.2-2.3
[   10s] [27/145] keeping libgcc_s1-16.1.1+git8886-1.1
[   10s] [28/145] keeping libgdbm6-1.26-1.3
[   10s] [29/145] keeping libgmp10-6.3.0-5.4
[   10s] [30/145] keeping libgomp1-16.1.1+git8886-1.1
[   10s] [31/145] keeping libgpg-error0-1.61-1.1
[   10s] [32/145] keeping libitm1-16.1.1+git8886-1.1
[   10s] [33/145] keeping libjitterentropy3-3.6.3-1.3
[   10s] [34/145] keeping liblua5_4-5-5.4.8-4.4
[   10s] [35/145] keeping liblz1-1.16-1.2
[   10s] [36/145] keeping liblz4-1-1.10.0-2.6
[   10s] [37/145] keeping liblzma5-5.8.3-1.2
[   10s] [38/145] keeping libmpdec4-4.0.1-2.3
[   10s] [39/145] keeping libpcre2-8-0-10.47-1.4
[   10s] [40/145] keeping libpkgconf7-2.5.1-1.3
[   10s] [41/145] keeping libpopt0-1.19-2.2
[   10s] [42/145] keeping libseccomp2-2.6.0-2.4
[   10s] [43/145] keeping libsframe2-2.45-4.1
[   10s] [44/145] keeping libsmartcols1-2.42.1-1.1
[   10s] [45/145] keeping libuuid1-2.42.1-1.1
[   10s] [46/145] keeping libxml2-16-2.15.3-1.2
[   10s] [47/145] keeping libz1-1.3.1-3.1
[   10s] [48/145] keeping libzstd1-1.5.7-4.2
[   10s] [49/145] keeping patch-2.8-2.3
[   10s] [50/145] keeping which-2.25-1.1
[   10s] [51/145] keeping alts-1.2+31.da24cd4-1.3
[   10s] [52/145] keeping libblkid1-2.42.1-1.1
[   10s] [53/145] keeping libctf-nobfd0-2.45-4.1
[   10s] [54/145] keeping libgdbm_compat4-1.26-1.3
[   10s] [55/145] keeping libisl23-0.27-1.4
[   10s] [56/145] keeping libmpfr6-4.2.2-1.3
[   10s] [57/145] keeping libselinux1-3.10-3.1
[   10s] [58/145] keeping libstdc++6-16.1.1+git8886-1.1
[   10s] [59/145] keeping perl-base-5.42.1-1.1
[   10s] [60/145] keeping pkgconf-2.5.1-1.3
[   10s] [61/145] keeping libelf1-0.194-1.2
[   10s] [62/145] keeping libgcrypt20-1.12.2-1.2
[   10s] [63/145] keeping permctl-1699_20260512-1.1
[   10s] [64/145] keeping libmagic1-5.48-1.1
[   10s] [65/145] keeping build-mkbaselibs-20260505-1.1
[   10s] [66/145] keeping dwz-0.15-6.4
[   10s] [67/145] keeping findutils-4.10.0-2.5
[   10s] [68/145] keeping fdupes-2.4.0-1.3
[   10s] [69/145] keeping file-5.48-1.1
[   10s] [70/145] keeping libasan8-16.1.1+git8886-1.1
[   10s] [71/145] keeping libfdisk1-2.42.1-1.1
[   10s] [72/145] keeping libhwasan0-16.1.1+git8886-1.1
[   10s] [73/145] keeping liblsan0-16.1.1+git8886-1.1
[   10s] [74/145] keeping libmount1-2.42.1-1.1
[   10s] [75/145] keeping libmpc3-1.4.1-1.2
[   10s] [76/145] keeping libtsan2-16.1.1+git8886-1.1
[   10s] [77/145] keeping libubsan1-16.1.1+git8886-1.1
[   10s] [78/145] keeping sed-4.10-1.2
[   10s] [79/145] keeping tar-1.35-8.1
[   10s] [80/145] keeping libdw1-0.194-1.2
[   10s] [81/145] keeping perl-5.42.1-1.1
[   10s] [82/145] keeping brp-check-suse-84.87+git20260317.a0eb4ba-1.1
[   10s] [83/145] keeping perl-rpm-packaging-1.3-1.2
[   10s] [84/145] keeping libasm1-0.194-1.2
[   10s] [85/145] keeping cpp15-15.3.0+git11272-1.1
[   10s] [86/145] keeping terminfo-base-6.6.20260613-109.1
[   10s] [87/145] keeping libncurses6-6.6.20260613-109.1
[   10s] [88/145] keeping libreadline8-8.3.3-2.4
[   10s] [89/145] keeping ncurses-utils-6.6.20260613-109.1
[   10s] [90/145] keeping bash-5.3.15-7.1
[   10s] [91/145] keeping lua54-5.4.8-4.4
[   10s] [92/145] keeping bash-sh-5.3.15-7.1
[   10s] [93/145] keeping compat-usrmerge-build-84.87-5.24
[   10s] [94/145] keeping lua-interpreter-5-3.2
[   10s] [95/145] keeping cpio-2.15-7.2
[   10s] [96/145] keeping cpp-15-3.2
[   10s] [97/145] keeping gzip-1.14-2.1
[   10s] [98/145] keeping make-4.4.1-3.5
[   10s] [99/145] keeping bzip2-1.0.8-5.14
[   10s] [100/145] keeping grep-3.12-1.3
[   10s] [101/145] keeping pkgconf-pkg-config-2.5.1-1.3
[   10s] [102/145] keeping xz-5.8.3-1.2
[   10s] [103/145] keeping gettext-runtime-mini-1.0-2.2
[   10s] [104/145] keeping gawk-5.4.0-1.1
[   10s] [105/145] keeping coreutils-9.11-4.1
[   10s] [106/145] keeping elfutils-0.194-1.2
[   10s] [107/145] keeping linux-glibc-devel-7.0-1.1
[   10s] [108/145] keeping systemd-rpm-macros-26-1.2
[   10s] [109/145] keeping libxcrypt-devel-4.5.2-2.2
[   10s] [110/145] keeping permissions-config-1699_20260512-1.1
[   10s] [111/145] keeping polkit-default-privs-1550+20260623.563df94-1.1
[   10s] [112/145] keeping libopenssl3-3.5.3-6.1
[   10s] [113/145] keeping aaa_base-84.87+git20260610.3b5a868c-1.1
[   10s] [114/145] keeping gettext-tools-mini-1.0-2.2
[   10s] [115/145] keeping binutils-2.45-4.1
[   10s] [116/145] keeping rpm-4.20.1-7.1
[   10s] [117/145] keeping aaa_base-malloccheck-84.87+git20260610.3b5a868c-1.1
[   10s] [118/145] keeping permissions-1699_20260512-1.1
[   10s] [119/145] keeping rpm-config-SUSE-20250904-1.2
[   10s] [120/145] keeping glibc-devel-2.43-4.1
[   10s] [121/145] keeping libctf0-2.45-4.1
[   10s] [122/145] keeping rpmlint-mini-2.9.0+git20260629.bd947d09-21.9
[   10s] [123/145] keeping build-compare-20260622T095938.6416d96-1.1
[   10s] [124/145] keeping libarchive13-3.8.7-1.2
[   10s] [125/145] keeping librpmbuild10-4.20.1-7.1
[   10s] [126/145] keeping python313-base-3.13.13-3.1
[   10s] [127/145] keeping debugedit-5.1-1.5
[   10s] [128/145] keeping python313-packaging-26.2-1.1
[   10s] [129/145] cumulate python313-pathspec-1.1.1-1.1
[   10s] [130/145] cumulate python313-pluggy-1.6.0-2.5
[   10s] [131/145] cumulate python313-poetry-core-2.4.0-1.1
[   10s] [132/145] keeping libpython3_13-1_0-3.13.13-3.1
[   10s] [133/145] cumulate python313-trove-classifiers-2026.5.7.17-1.1
[   10s] [134/145] cumulate python313-pip-26.1.2-1.1
[   10s] [135/145] keeping pam-1.7.2+git12-1.1
[   10s] [136/145] keeping post-build-checks-84.87+git20250725.0c3a172-1.2
[   10s] [137/145] keeping gcc15-15.3.0+git11272-1.1
[   10s] [138/145] keeping gcc15-PIE-15.3.0+git11272-1.1
[   10s] [139/145] keeping gcc-15-3.2
[   10s] [140/145] cumulate python313-wheel-0.46.3-2.5
[   10s] [141/145] keeping python-rpm-packaging-20210526+a18ca48-1.14
[   10s] [142/145] cumulate python313-hatchling-1.30.1-1.1
[   10s] [143/145] keeping util-linux-2.42.1-1.1
[   10s] [144/145] keeping gcc-PIE-15-3.2
[   10s] [145/145] keeping rpm-build-4.20.1-7.1
[   10s] now installing cumulated packages
[   10s] Preparing...                          ########################################
[   10s] Updating / installing...
[   10s] python313-trove-classifiers-2026.5.7.1########################################
[   10s] python313-pluggy-1.6.0-2.5            ########################################
[   10s] python313-pathspec-1.1.1-1.1          ########################################
[   10s] python313-hatchling-1.30.1-1.1        ########################################
[   10s] python313-wheel-0.46.3-2.5            ########################################
[   10s] python313-pip-26.1.2-1.1              ########################################
[   10s] python313-poetry-core-2.4.0-1.1       ########################################
[   10s] now finalizing build dir...
[   10s] ... running 01-add_abuild_user_to_trusted_group
[   10s] ... running 02-set_timezone_to_utc
[   10s] ... running 03-set-permissions-secure
[   10s] ... running 11-hack_uname_version_to_kernel_version
[   10s] WARNING could not set SOURCE_DATE_EPOCH, ensure BUILD_RELEASE is set in /.buildenv
[   11s] -----------------------------------------------------------------
[   11s] I have the following modifications for oterm.spec:
[   11s] 69a70
[   11s] > %changelog
[   11s] -----------------------------------------------------------------
[   11s] ----- building oterm.spec (user abuild)
[   11s] -----------------------------------------------------------------
[   11s] -----------------------------------------------------------------
[   11s] WARNING could not set SOURCE_DATE_EPOCH, ensure BUILD_RELEASE is set in /.buildenv
[   11s] + exec rpmbuild -ba --define '_srcdefattr (-,root,root)' --nosignature --define '_build_create_debug 1' /home/abuild/rpmbuild/SOURCES/oterm.spec
[   12s] Building target platforms: noarch
[   12s] Building for target noarch
[   12s] Executing(%mkbuilddir): /usr/bin/bash -e /var/tmp/rpm-tmp.kH6Q7n
[   12s] Executing(%prep): /usr/bin/bash -e /var/tmp/rpm-tmp.i7PaDq
[   12s] + umask 022
[   12s] + cd /home/abuild/rpmbuild/BUILD/oterm-0.13.0-build
[   12s] + cd /home/abuild/rpmbuild/BUILD/oterm-0.13.0-build
[   12s] + rm -rf oterm_0.13.0
[   12s] + /usr/lib/rpm/rpmuncompress -x /home/abuild/rpmbuild/SOURCES/oterm-0.13.0.tar.gz
[   12s] + STATUS=0
[   12s] + '[' 0 -ne 0 ']'
[   12s] + cd oterm_0.13.0
[   12s] /var/tmp/rpm-tmp.i7PaDq: line 39: cd: oterm_0.13.0: No such file or directory
[   12s] error: Bad exit status from /var/tmp/rpm-tmp.i7PaDq (%prep)
[   12s] 
[   12s] RPM build errors:
[   12s]     Bad exit status from /var/tmp/rpm-tmp.i7PaDq (%prep)
[   12s] ### VM INTERACTION START ###
[   12s] [    7.988484][    T1] sysrq: Power Off
[   12s] ### VM INTERACTION END ###
[   12s] 
[   12s] reiser.suse.de failed "build oterm.spec" at Mon Jul  6 07:50:08 UTC 2026.
[   12s] 

finished ./oterm.spec after 13s: failed
