starting project builder
    source directory: /home/adrian/opencode/pbuild-ai-examples/sources/fix-build-example
    result directory: /home/adrian/opencode/pbuild-ai-examples/sources/fix-build-example/_build.tumbleweed.x86_64
    build area: /var/tmp/build-root-adrian
    architecture: x86_64
    build config:
      - tumbleweed
    repositories:
      - https://download.opensuse.org/tumbleweed/repo/oss
getting package information
parsing 1 recipe file
fetching metadata of 1 remote repo
preparing package pool
expanding dependencies
building ./oterm.spec
VM_ROOT: /var/tmp/build-root-adrian/.mount.img, VM_SWAP: /var/tmp/build-root-adrian/.mount.swap
Using mkfs copyin mode to populate the root filesystem
Reusing former build root
logging output to /var/tmp/build-root-adrian/.build.log...
[    0s] Using BUILD_ROOT=/var/tmp/build-root-adrian/.mount
[    0s] Using BUILD_ARCH=x86_64:i686:i586:i486:i386
[    0s] Doing kvm build in /var/tmp/build-root-adrian/.mount.img
[    0s] 
[    0s] 
[    0s] rio started "build oterm.spec" at Tue Jul  7 21:00:36 UTC 2026.
[    0s] 
[    0s] 
[    0s] processing recipe /home/adrian/opencode/pbuild-ai-examples/sources/fix-build-example/oterm.spec ...
[    0s] running changelog2spec --target rpm --file /home/adrian/opencode/pbuild-ai-examples/sources/fix-build-example/oterm.spec
[    0s] init_buildsystem --configdir /usr/lib/build/configs --cachedir /home/adrian/.cache/opensuse.org/build/cache --prepare --rpmlist /var/tmp/build-root-adrian/.build.rpmlist /home/adrian/opencode/pbuild-ai-examples/sources/fix-build-example/oterm.spec ...
[    1s] copying packages...
[    1s] reordering...cycle: libncurses6 -> terminfo-base
[    1s]   breaking dependency terminfo-base -> libncurses6
[    1s] cycle: lua54 -> lua-interpreter
[    1s]   breaking dependency lua54 -> lua-interpreter
[    1s] cycle: binutils -> libctf0
[    1s]   breaking dependency binutils -> libctf0
[    1s] cycle: python313-base -> libpython3_13-1_0
[    1s]   breaking dependency python313-base -> libpython3_13-1_0
[    1s] cycle: rpm-config-SUSE -> rpm
[    1s]   breaking dependency rpm -> rpm-config-SUSE
[    1s] done
[    1s] cp: -r not specified; omitting directory '/home/adrian/opencode/pbuild-ai-examples/sources/fix-build-example/_build.tumbleweed.x86_64'
[    1s] Detected virtio-serial support
[    1s] booting kvm...
[    1s] ### VM INTERACTION START ###
[    1s] Using virtio-serial support
[    1s] /usr/bin/qemu-kvm -nodefaults -no-reboot -nographic -vga none -cpu host -M pc,accel=kvm,usb=off,dump-guest-core=off,vmport=off -sandbox on -bios /usr/share/qemu/qboot.rom -object rng-random,filename=/dev/random,id=rng0 -device virtio-rng-pci,rng=rng0 -object iothread,id=io0 -net none -kernel /var/tmp/build-root-adrian/.mount/boot/kernel -initrd /var/tmp/build-root-adrian/.mount/boot/initrd -append root=/dev/disk/by-id/virtio-0 rootfstype=ext4 rootflags=noatime elevator=noop nmi_watchdog=0 rw ia32_emulation=1 oops=panic panic=1 quiet console=hvc0 init=/.build/build -m 512 -drive file=/var/tmp/build-root-adrian/.mount.img,format=raw,if=none,id=disk,cache=unsafe,aio=io_uring -device virtio-blk-pci,iothread=io0,drive=disk,serial=0 -drive file=/var/tmp/build-root-adrian/.mount.swap,format=raw,if=none,id=swap,cache=unsafe,aio=io_uring -device virtio-blk-pci,iothread=io0,drive=swap,serial=1 -device virtio-serial,max_ports=2 -device virtconsole,chardev=virtiocon0 -chardev stdio,id=virtiocon0 -chardev socket,id=monitor,server=on,wait=off,path=/var/tmp/build-root-adrian/.mount.img.qemu/monitor -mon chardev=monitor,mode=readline
[    5s] P+q6E616D65\[18t[6n[32766;32766H[6n[!p]104\[0m[?7h[1G[0J]3008;start=3231ff6389fa4e5d83be5b4fd9d6381c;user=root;hostname=localhost;machineid=219c0603e2cf456c9ecb1ea77fc2a8c6;bootid=c10da9450ffe4a6ab9d81d60635b6ff1;pid=1;pidfdid=1;comm=systemd;type=boot\[18t[6n[32766;32766H[6n[!p]104\[0m[?7h[1G[0JExtracting build.extract.tar
[    5s] ### VM INTERACTION END ###
[    5s] 2nd stage started in virtual machine
[    5s] machine type: x86_64
[    5s] Linux version: 7.1.2-1-default #1 SMP PREEMPT_DYNAMIC Thu Jul 2 05:05:55 UTC 2026 (992f18c)
[    5s] Time: Tue Jul  7 21:00:40 UTC 2026
[    5s] Increasing log level from now on...
[    5s] [    3.518230][  T515] sysrq: Changing Loglevel
[    5s] [    3.518282][  T515] sysrq: Loglevel set to 4
[    5s] Enable sysrq operations
[    5s] Setting up swapspace version 1, size = 1024 MiB (1073737728 bytes)
[    5s] no label, UUID=e5cb1b2a-e316-4e9e-8a6b-db9d0c5aa628
[    5s] logging output to //.build.log...
[    5s] processing recipe //.build-srcdir/oterm.spec ...
[    5s] init_buildsystem --configdir /.build/configs --cachedir /var/cache/build //.build-srcdir/oterm.spec ...
[    5s] initializing rpm db...
[    5s] querying package ids...
[    6s] [1/144] keeping compat-usrmerge-tools-84.87-5.25
[    6s] [2/144] keeping crypto-policies-20250714.cd6043a-4.2
[    6s] [3/144] keeping file-magic-5.48-1.2
[    6s] [4/144] keeping kernel-obs-build-7.1.2-1.1
[    6s] [5/144] keeping pkgconf-m4-2.5.1-1.4
[    6s] [6/144] keeping python-rpm-macros-20260601.4a231f4-1.2
[    6s] [7/144] keeping system-user-root-20190513-2.20
[    6s] [8/144] keeping filesystem-84.87-21.2
[    6s] [9/144] keeping glibc-2.43-4.2
[    6s] [10/144] keeping diffutils-3.12-1.4
[    6s] [11/144] keeping envsubst-mini-1.0-2.3
[    6s] [12/144] keeping fillup-1.42-281.6
[    6s] [13/144] keeping glibc-gconv-modules-extra-2.43-4.2
[    6s] [14/144] keeping glibc-locale-base-2.43-4.2
[    6s] [15/144] keeping libacl1-2.3.2-2.6
[    6s] [16/144] keeping libalternatives1-1.2+31.da24cd4-1.4
[    6s] [17/144] keeping libatomic1-16.1.1+git8886-1.2
[    6s] [18/144] keeping libattr1-2.6.0-1.1
[    6s] [19/144] keeping libaudit1-4.0.2-3.4
[    6s] [20/144] keeping libbz2-1-1.0.8-5.15
[    6s] [21/144] keeping libcap-ng0-0.8.5-1.6
[    6s] [22/144] keeping libcap2-2.78-1.3
[    6s] [23/144] keeping libcrypt1-4.5.2-2.3
[    6s] [24/144] keeping libeconf0-0.8.3-1.4
[    6s] [25/144] keeping libexpat1-2.8.1-1.2
[    6s] [26/144] keeping libffi8-3.5.2-2.4
[    6s] [27/144] keeping libgcc_s1-16.1.1+git8886-1.2
[    6s] [28/144] keeping libgdbm6-1.26-1.4
[    6s] [29/144] keeping libgmp10-6.3.0-5.5
[    6s] [30/144] keeping libgomp1-16.1.1+git8886-1.2
[    6s] [31/144] keeping libgpg-error0-1.61-1.2
[    6s] [32/144] keeping libitm1-16.1.1+git8886-1.2
[    6s] [33/144] keeping libjitterentropy3-3.6.3-1.4
[    6s] [34/144] keeping liblua5_4-5-5.4.8-4.5
[    6s] [35/144] keeping liblz1-1.16-1.3
[    6s] [36/144] keeping liblz4-1-1.10.0-2.7
[    6s] [37/144] keeping liblzma5-5.8.3-1.3
[    6s] [38/144] keeping libmpdec4-4.0.1-2.4
[    6s] [39/144] keeping libpcre2-8-0-10.47-1.5
[    6s] [40/144] keeping libpkgconf7-2.5.1-1.4
[    6s] [41/144] keeping libpopt0-1.19-2.3
[    6s] [42/144] keeping libseccomp2-2.6.0-2.5
[    6s] [43/144] keeping libsframe2-2.45-4.2
[    6s] [44/144] keeping libsmartcols1-2.42.1-1.2
[    6s] [45/144] keeping libuuid1-2.42.1-1.2
[    6s] [46/144] keeping libxml2-16-2.15.3-1.3
[    6s] [47/144] keeping libz1-1.3.1-3.2
[    6s] [48/144] keeping libzstd1-1.5.7-4.3
[    6s] [49/144] keeping patch-2.8-2.4
[    6s] [50/144] keeping which-2.25-1.2
[    6s] [51/144] keeping alts-1.2+31.da24cd4-1.4
[    6s] [52/144] keeping libblkid1-2.42.1-1.2
[    6s] [53/144] keeping libctf-nobfd0-2.45-4.2
[    6s] [54/144] keeping libgdbm_compat4-1.26-1.4
[    6s] [55/144] keeping libisl23-0.27-1.5
[    6s] [56/144] keeping libmpfr6-4.2.2-1.4
[    6s] [57/144] keeping libselinux1-3.10-3.2
[    6s] [58/144] keeping libstdc++6-16.1.1+git8886-1.2
[    6s] [59/144] keeping perl-base-5.42.1-1.2
[    6s] [60/144] keeping pkgconf-2.5.1-1.4
[    6s] [61/144] keeping libelf1-0.194-1.3
[    6s] [62/144] keeping libgcrypt20-1.12.2-1.3
[    6s] [63/144] keeping permctl-1699_20260512-1.2
[    6s] [64/144] keeping libmagic1-5.48-1.2
[    6s] [65/144] keeping build-mkbaselibs-20260505-1.2
[    6s] [66/144] keeping dwz-0.15-6.5
[    6s] [67/144] keeping findutils-4.10.0-2.6
[    6s] [68/144] keeping fdupes-2.4.0-1.4
[    6s] [69/144] keeping file-5.48-1.2
[    6s] [70/144] keeping libasan8-16.1.1+git8886-1.2
[    6s] [71/144] keeping libfdisk1-2.42.1-1.2
[    6s] [72/144] keeping libhwasan0-16.1.1+git8886-1.2
[    6s] [73/144] keeping liblsan0-16.1.1+git8886-1.2
[    6s] [74/144] keeping libmount1-2.42.1-1.2
[    6s] [75/144] keeping libmpc3-1.4.1-1.3
[    6s] [76/144] keeping libtsan2-16.1.1+git8886-1.2
[    6s] [77/144] keeping libubsan1-16.1.1+git8886-1.2
[    6s] [78/144] keeping sed-4.10-1.3
[    6s] [79/144] keeping tar-1.35-8.2
[    6s] [80/144] keeping libdw1-0.194-1.3
[    6s] [81/144] keeping perl-5.42.1-1.2
[    6s] [82/144] keeping brp-check-suse-84.87+git20260317.a0eb4ba-1.2
[    6s] [83/144] keeping perl-rpm-packaging-1.3-1.3
[    6s] [84/144] keeping libasm1-0.194-1.3
[    6s] [85/144] keeping cpp15-15.3.0+git11272-1.2
[    6s] [86/144] keeping terminfo-base-6.6.20260613-109.2
[    6s] [87/144] keeping libncurses6-6.6.20260613-109.2
[    6s] [88/144] keeping libreadline8-8.3.3-2.5
[    6s] [89/144] keeping ncurses-utils-6.6.20260613-109.2
[    6s] [90/144] keeping bash-5.3.15-7.2
[    6s] [91/144] keeping lua54-5.4.8-4.5
[    6s] [92/144] keeping bash-sh-5.3.15-7.2
[    6s] [93/144] keeping compat-usrmerge-build-84.87-5.25
[    6s] [94/144] keeping lua-interpreter-5-3.3
[    6s] [95/144] keeping cpio-2.15-7.3
[    6s] [96/144] keeping cpp-15-3.3
[    6s] [97/144] keeping gzip-1.14-2.1
[    6s] [98/144] keeping make-4.4.1-3.6
[    6s] [99/144] keeping bzip2-1.0.8-5.15
[    6s] [100/144] keeping grep-3.12-1.4
[    6s] [101/144] keeping pkgconf-pkg-config-2.5.1-1.4
[    6s] [102/144] keeping xz-5.8.3-1.3
[    6s] [103/144] keeping gettext-runtime-mini-1.0-2.3
[    6s] [104/144] keeping gawk-5.4.0-1.2
[    6s] [105/144] keeping coreutils-9.11-4.2
[    6s] [106/144] keeping elfutils-0.194-1.3
[    6s] [107/144] keeping linux-glibc-devel-7.0-1.2
[    6s] [108/144] keeping systemd-rpm-macros-26-1.3
[    6s] [109/144] keeping libxcrypt-devel-4.5.2-2.3
[    6s] [110/144] keeping permissions-config-1699_20260512-1.2
[    6s] [111/144] keeping polkit-default-privs-1550+20260623.563df94-1.2
[    6s] [112/144] keeping libopenssl3-3.5.3-6.2
[    6s] [113/144] keeping aaa_base-84.87+git20260610.3b5a868c-1.2
[    6s] [114/144] keeping gettext-tools-mini-1.0-2.3
[    6s] [115/144] keeping binutils-2.45-4.2
[    6s] [116/144] keeping rpm-4.20.1-7.2
[    6s] [117/144] keeping aaa_base-malloccheck-84.87+git20260610.3b5a868c-1.2
[    6s] [118/144] keeping permissions-1699_20260512-1.2
[    6s] [119/144] keeping rpm-config-SUSE-20250904-1.3
[    6s] [120/144] keeping glibc-devel-2.43-4.2
[    6s] [121/144] keeping libctf0-2.45-4.2
[    6s] [122/144] keeping rpmlint-mini-2.9.0+git20260629.bd947d09-21.10
[    6s] [123/144] keeping build-compare-20260622T095938.6416d96-1.2
[    6s] [124/144] keeping libarchive13-3.8.7-1.3
[    6s] [125/144] keeping librpmbuild10-4.20.1-7.2
[    6s] [126/144] keeping python313-base-3.13.13-3.2
[    6s] [127/144] keeping debugedit-5.1-1.6
[    6s] [128/144] keeping python313-packaging-26.2-1.2
[    6s] [129/144] keeping python313-pathspec-1.1.1-1.2
[    6s] [130/144] keeping python313-pluggy-1.6.0-2.6
[    6s] [131/144] keeping python313-poetry-core-2.4.0-1.2
[    6s] [132/144] keeping libpython3_13-1_0-3.13.13-3.2
[    6s] [133/144] keeping python313-trove-classifiers-2026.5.7.17-1.2
[    6s] [134/144] keeping pam-1.7.2+git12-1.2
[    6s] [135/144] keeping post-build-checks-84.87+git20250725.0c3a172-1.3
[    6s] [136/144] keeping gcc15-15.3.0+git11272-1.2
[    6s] [137/144] keeping gcc15-PIE-15.3.0+git11272-1.2
[    6s] [138/144] keeping gcc-15-3.3
[    6s] [139/144] keeping python313-wheel-0.46.3-2.6
[    6s] [140/144] keeping python-rpm-packaging-20210526+a18ca48-1.15
[    6s] [141/144] keeping python313-hatchling-1.30.1-1.2
[    6s] [142/144] keeping util-linux-2.42.1-1.2
[    6s] [143/144] keeping gcc-PIE-15-3.3
[    6s] [144/144] keeping rpm-build-4.20.1-7.2
[    6s] now finalizing build dir...
[    6s] ... running 01-add_abuild_user_to_trusted_group
[    6s] ... running 02-set_timezone_to_utc
[    6s] ... running 03-set-permissions-secure
[    6s] ... running 11-hack_uname_version_to_kernel_version
[    6s] WARNING could not set SOURCE_DATE_EPOCH, ensure BUILD_RELEASE is set in /.buildenv
[    6s] -----------------------------------------------------------------
[    6s] I have the following modifications for oterm.spec:
[    6s] 68a69
[    6s] > %changelog
[    6s] -----------------------------------------------------------------
[    6s] ----- building oterm.spec (user abuild)
[    6s] -----------------------------------------------------------------
[    6s] -----------------------------------------------------------------
[    6s] WARNING could not set SOURCE_DATE_EPOCH, ensure BUILD_RELEASE is set in /.buildenv
[    6s] + exec rpmbuild -ba --define '_srcdefattr (-,root,root)' --nosignature --define '_build_create_debug 1' /home/abuild/rpmbuild/SOURCES/oterm.spec
[    6s] Building target platforms: noarch
[    6s] Building for target noarch
[    6s] Executing(%mkbuilddir): /usr/bin/bash -e /var/tmp/rpm-tmp.1fN6eJ
[    6s] Executing(%prep): /usr/bin/bash -e /var/tmp/rpm-tmp.eOcbPl
[    6s] + umask 022
[    6s] + cd /home/abuild/rpmbuild/BUILD/oterm-0.13.0-build
[    6s] + cd /home/abuild/rpmbuild/BUILD/oterm-0.13.0-build
[    6s] + rm -rf oterm-0.13.0
[    6s] + /usr/lib/rpm/rpmuncompress -x /home/abuild/rpmbuild/SOURCES/oterm-0.13.0.tar.gz
[    7s] + STATUS=0
[    7s] + '[' 0 -ne 0 ']'
[    7s] + cd oterm-0.13.0
[    7s] + /usr/bin/chmod -Rf a+rX,u+w,g-w,o-w .
[    7s] + RPM_EC=0
[    7s] ++ jobs -p
[    7s] + exit 0
[    7s] Executing(%build): /usr/bin/bash -e /var/tmp/rpm-tmp.AXgXKh
[    7s] + umask 022
[    7s] + cd /home/abuild/rpmbuild/BUILD/oterm-0.13.0-build
[    7s] + /usr/bin/rm -rf /home/abuild/rpmbuild/BUILD/oterm-0.13.0-build/BUILDROOT
[    7s] ++ dirname /home/abuild/rpmbuild/BUILD/oterm-0.13.0-build/BUILDROOT
[    7s] + /usr/bin/mkdir -p /home/abuild/rpmbuild/BUILD/oterm-0.13.0-build
[    7s] + /usr/bin/mkdir /home/abuild/rpmbuild/BUILD/oterm-0.13.0-build/BUILDROOT
[    7s] + cd oterm-0.13.0
[    7s] ++ '[' -f _current_flavor ']'
[    7s] ++ true
[    7s] + last_flavor=
[    7s] + '[' -z '' ']'
[    7s] + last_flavor=tmp
[    7s] + '[' tmp '!=' python313 ']'
[    7s] + '[' -d build ']'
[    7s] + '[' -d _build.python313 ']'
[    7s] + echo python313
[    7s] + python_flavor=python313
[    7s] + myargs=
[    7s] + '[' -f './dist/*-none-any.whl' ']'
[    7s] + /usr/bin/python3.13 -mpip wheel --verbose --progress-bar off --disable-pip-version-check --use-pep517 --no-build-isolation --no-deps --wheel-dir ./build .
[    7s] /usr/bin/python3.13: No module named pip
[    7s] error: Bad exit status from /var/tmp/rpm-tmp.AXgXKh (%build)
[    7s] 
[    7s] RPM build errors:
[    7s]     Bad exit status from /var/tmp/rpm-tmp.AXgXKh (%build)
[    7s] ### VM INTERACTION START ###
[    7s] [    4.952304][    T1] sysrq: Power Off
[    7s] ### VM INTERACTION END ###
[    7s] 
[    7s] rio failed "build oterm.spec" at Tue Jul  7 21:00:43 UTC 2026.
[    7s] 

finished ./oterm.spec after 7s: failed
