[PBUILD-AI] Version 0.1.6
[SKILL LOADED] OPENSUSE.md (Base skill)
[GENERATE] Creating new package from prompt: package ripgrep CLI tool
[TOOL] web_fetch: https://api.github.com/repos/BurntSushi/ripgrep/releases/latest (50551 bytes -> 50549 stripped)
[TOOL] web_fetch: https://api.github.com/repos/BurntSushi/ripgrep/tags (13519 bytes -> 13519 stripped)
[GENERATE] [Fetched 50551 bytes]
[GENERATE] [Fetched 13519 bytes]
[TOOL] download_file: https://github.com/BurntSushi/ripgrep/archive/refs/tags/15.1.0.tar.gz -> ripgrep-15.1.0.tar.gz (600788 bytes)
[GENERATE] OK: Downloaded 600788 bytes to ripgrep-15.1.0.tar.gz
[TOOL] list_archive: ripgrep-15.1.0.tar.gz (279 entries)
[GENERATE] ripgrep-15.1.0
ripgrep-15.1.0/.cargo
ripgrep-15.1.0/.cargo/config.toml
ripgrep-15.1.0/.github
ripgrep-15.1.0/.github/FUNDING.yml
ripgrep-15.1.0/.github/ISSUE_TEMPLATE
ripgrep-15.1.0/.github/ISSUE_TEMPLATE/bug_report.yml
ripgrep-15.1.0/.github/ISSUE_TEMPLATE/config.yml
ripgrep-15.1.0/.github/ISSUE_TEMPLATE/feature_request.md
ripgrep-15.1.0/.github/workflows
ripgrep-15.1.0/.github/workflows/ci.yml
ripgrep-15.1.0/.github/workflows/release.yml
ripgrep-15.1.0/.gitignore
ripgrep-15.1.0/.ignore
ripgrep...
[TOOL] read_file_from_archive: ripgrep-15.1.0.tar.gz/ripgrep-15.1.0/Cargo.toml (3198 chars)
[TOOL] read_file_from_archive: ripgrep-15.1.0.tar.gz/ripgrep-15.1.0/COPYING (126 chars)
[TOOL] read_file_from_archive: ripgrep-15.1.0.tar.gz/ripgrep-15.1.0/LICENSE-MIT (1081 chars)
[TOOL] read_file_from_archive: ripgrep-15.1.0.tar.gz/ripgrep-15.1.0/UNLICENSE (1211 chars)
[GENERATE] [package]
name = "ripgrep"
version = "15.1.0"  #:version
authors = ["Andrew Gallant <jamslam@gmail.com>"]
description = """
ripgrep is a line-oriented search tool that recursively searches the current
directory for a regex pattern while respecting gitignore rules. ripgrep has
first class support on Windows, macOS and Linux.
"""
documentation = "https://github.com/BurntSushi/ripgrep"
homepage = "https://github.com/BurntSushi/ripgrep"
repository = "https://github.com/BurntSushi/ripgrep"
keywords =...
[GENERATE] This project is dual-licensed under the Unlicense and MIT licenses.

You may use this code under the terms of either license.

[GENERATE] The MIT License (MIT)

Copyright (c) 2015 Andrew Gallant

Permission is hereby granted, free of charge, to any person obtaining a copy
of this software and associated documentation files (the "Software"), to deal
in the Software without restriction, including without limitation the rights
to use, copy, modify, merge, publish, distribute, sublicense, and/or sell
copies of the Software, and to permit persons to whom the Software is
furnished to do so, subject to the following conditions:

The abov...
[GENERATE] This is free and unencumbered software released into the public domain.

Anyone is free to copy, modify, publish, use, compile, sell, or
distribute this software, either in source code form or as a compiled
binary, for any purpose, commercial or non-commercial, and by any
means.

In jurisdictions that recognize copyright laws, the author or authors
of this software dedicate any and all copyright interest in the
software to the public domain. We make this dedication for the benefit
of the public ...
[TOOL] read_file_from_archive: ripgrep-15.1.0.tar.gz/ripgrep-15.1.0/.cargo/config.toml (861 chars)
[TOOL] read_file_from_archive: ripgrep-15.1.0.tar.gz/ripgrep-15.1.0/build.rs (2246 chars)
[GENERATE] # On Windows MSVC, statically link the C runtime so that the resulting EXE does
# not depend on the vcruntime DLL.
#
# See: https://github.com/BurntSushi/ripgrep/pull/1613
[target.x86_64-pc-windows-msvc]
rustflags = ["-C", "target-feature=+crt-static"]
[target.i686-pc-windows-msvc]
rustflags = ["-C", "target-feature=+crt-static"]

# Do the same for MUSL targets. At the time of writing (2023-10-23), this is
# the default. But the plan is for the default to change to dynamic linking.
# The whole p...
[GENERATE] fn main() {
    set_git_revision_hash();
    set_windows_exe_options();
}

/// Embed a Windows manifest and set some linker options.
///
/// The main reason for this is to enable long path support on Windows. This
/// still, I believe, requires enabling long path support in the registry. But
/// if that's enabled, then this will let ripgrep use C:\... style paths that
/// are longer than 260 characters.
fn set_windows_exe_options() {
    static MANIFEST: &str = "pkg/windows/Manifest.xml";

    l...
[TOOL] list_files: /home/adrian/opencode/pbuild-ai-examples/sources/ripgrep (2 entries)
[GENERATE] ripgrep/
ripgrep-15.1.0.tar.gz
[TOOL] list_files: /home/adrian/opencode/pbuild-ai-examples/sources/ripgrep/ripgrep (1 entries)
[GENERATE] ripgrep.spec
[TOOL] list_files: /home/adrian/opencode/pbuild-ai-examples/sources/ripgrep/ripgrep (1 entries)
[GENERATE] ripgrep.spec
[TOOL] read_file: ripgrep/ripgrep.spec
[GENERATE] read_file: ripgrep/ripgrep.spec (36 lines)
[TOOL] read_file_from_archive: ripgrep-15.1.0.tar.gz/ripgrep-15.1.0/Cargo.lock (13178 chars)
[GENERATE] # This file is automatically @generated by Cargo.
# It is not intended for manual editing.
version = 4

[[package]]
name = "aho-corasick"
version = "1.1.3"
source = "registry+https://github.com/rust-lang/crates.io-index"
checksum = "8e60d3430d3a69478ad0993f19238d2df97c507009a52b3c10addcd7f6bcb916"
dependencies = [
 "memchr",
]

[[package]]
name = "anyhow"
version = "1.0.100"
source = "registry+https://github.com/rust-lang/crates.io-index"
checksum = "a23eb6b1614318a8071c9b2521f36b424b2c83db5eb3a...
[TOOL] Preserved copyright header in ripgrep/ripgrep.spec
[TOOL] --- Diff for /home/adrian/opencode/pbuild-ai-examples/sources/ripgrep/ripgrep/ripgrep.spec ---
[31m[TOOL][0m [31m--- /home/adrian/opencode/pbuild-ai-examples/sources/ripgrep/ripgrep/ripgrep.spec
[0m[32m[TOOL][0m [32m+++ /home/adrian/opencode/pbuild-ai-examples/sources/ripgrep/ripgrep/ripgrep.spec
[0m[36m[TOOL][0m [36m@@ -8,29 +8,72 @@
[0m[TOOL]  Version:        15.1.0
[TOOL]  Release:        0
[TOOL]  Summary:        A fast, portable regex search tool that recursively searches for a pattern
[31m[TOOL][0m [31m-License:        Unlicense OR Apache-2.0 OR MIT
[0m[32m[TOOL][0m [32m+License:        Unlicense OR MIT
[0m[TOOL]  Url:            https://github.com/BurntSushi/ripgrep
[31m[TOOL][0m [31m-Source0:        https://github.com/BurntSushi/ripgrep/releases/download/%{version}/ripgrep-%{version}-x86_64-unknown-linux-musl.tar.gz
[0m[32m[TOOL][0m [32m+Source0:        https://github.com/BurntSushi/ripgrep/releases/download/%{version}/ripgrep-%{version}.tar.gz
[0m[TOOL]  
[31m[TOOL][0m [31m-BuildRequires:  file
[0m[32m[TOOL][0m [32m+BuildRequires:  rust-packaging
[0m[32m[TOOL][0m [32m+BuildRequires:  cargo
[0m[32m[TOOL][0m [32m+BuildRequires:  rust
[0m[TOOL]  
[TOOL]  %description
[TOOL]  ripgrep (rg) recursively searches your current directory for a regex pattern.
[TOOL]  By default, ripgrep will respect your .gitignore and automatically skip hidden
[31m[TOOL][0m [31m-files/directories and binary files. ripgrep is fast because it is written in
[0m[31m[TOOL][0m [31m-Rust and uses SIMD-optimized regular expressions built on top of hardware
[0m[31m[TOOL][0m [31m-accelerated regular expression engines that use non-deterministic finite
[0m[31m[TOOL][0m [31m-automata (NFA) and hardware-accelerated regular expression matching.
[0m[32m[TOOL][0m [32m+files/directories and binary files.
[0m[32m[TOOL][0m [32m+
[0m[32m[TOOL][0m [32m+ripgrep is fast because it is written in Rust and uses SIMD-optimized regular
[0m[32m[TOOL][0m [32m+expressions built on top of hardware accelerated regular expression engines
[0m[32m[TOOL][0m [32m+that use non-deterministic finite automata (NFA).
[0m[TOOL]  
[TOOL]  %prep
[32m[TOOL][0m [32m+%autosetup -n ripgrep-%{version}
[0m[TOOL]  
[TOOL]  %build
[31m[TOOL][0m [31m-
[0m[31m[TOOL][0m [31m-%check
[0m[32m[TOOL][0m [32m+cargo build --release %__rust_build_flags
[0m[TOOL]  
[TOOL]  %install
[31m[TOOL][0m [31m-tar xf %{S:0} -C %{buildroot}%{_bindir}/
[0m[32m[TOOL][0m [32m+# Install the binary
[0m[32m[TOOL][0m [32m+install -Dpm 0755 target/release/rg %{buildroot}%{_bindir}/rg
[0m[32m[TOOL][0m [32m+
[0m[32m[TOOL][0m [32m+# Generate and install man page using ripgrep's built-in feature
[0m[32m[TOOL][0m [32m+mkdir -p %{buildroot}%{_mandir}/man1
[0m[32m[TOOL][0m [32m+../target/release/rg --man > %{buildroot}%{_mandir}/man1/rg.1 || true
[0m[32m[TOOL][0m [32m+
[0m[32m[TOOL][0m [32m+# Install shell completions (ripgrep can generate these)
[0m[32m[TOOL][0m [32m+../target/release/rg --completion-bash /dev/stdout > /dev/null 2>&1 && {
[0m[32m[TOOL][0m [32m+    mkdir -p %{buildroot}%{_sysconfdir}/bash_completion.d
[0m[32m[TOOL][0m [32m+    ../target/release/rg --completion-bash /dev/null > %{buildroot}%{_sysconfdir}/bash_completion.d/rg 2>/dev/null || true
[0m[32m[TOOL][0m [32m+}
[0m[32m[TOOL][0m [32m+
[0m[32m[TOOL][0m [32m+../target/release/rg --completion-fish /dev/null > /dev/null 2>&1 && {
[0m[32m[TOOL][0m [32m+    mkdir -p %{buildroot}%{_datadir}/fish/vendor_completions.d
[0m[32m[TOOL][0m [32m+    ../target/release/rg --completion-fish /dev/null > %{buildroot}%{_datadir}/fish/vendor_completions.d/rg.fish 2>/dev/null || true
[0m[32m[TOOL][0m [32m+}
[0m[32m[TOOL][0m [32m+
[0m[32m[TOOL][0m [32m+../target/release/rg --completion-zsh /dev/null > /dev/null 2>&1 && {
[0m[32m[TOOL][0m [32m+    mkdir -p %{buildroot}%{_datadir}/zsh/site-functions
[0m[32m[TOOL][0m [32m+    ../target/release/rg --completion-zsh /dev/null > %{buildroot}%{_datadir}/zsh/site-functions/_rg 2>/dev/null || true
[0m[32m[TOOL][0m [32m+}
[0m[32m[TOOL][0m [32m+
[0m[32m[TOOL][0m [32m+# Install documentation files
[0m[32m[TOOL][0m [32m+install -Dpm 0644 COPYING %{buildroot}%{_docdir}/%{name}/COPYING
[0m[32m[TOOL][0m [32m+install -Dpm 0644 LICENSE-MIT %{buildroot}%{_docdir}/%{name}/LICENSE-MIT
[0m[32m[TOOL][0m [32m+install -Dpm 0644 UNLICENSE %{buildroot}%{_docdir}/%{name}/UNLICENSE
[0m[32m[TOOL][0m [32m+install -Dpm 0644 README.md %{buildroot}%{_docdir}/%{name}/README
[0m[32m[TOOL][0m [32m+install -Dpm 0644 FAQ.md %{buildroot}%{_docdir}/%{name}/FAQ
[0m[32m[TOOL][0m [32m+install -Dpm 0644 CHANGELOG.md %{buildroot}%{_docdir}/%{name}/CHANGELOG
[0m[32m[TOOL][0m [32m+
[0m[32m[TOOL][0m [32m+# Create ripgrep symlink for convenience (rg is the actual binary name)
[0m[32m[TOOL][0m [32m+ln -sf rg %{buildroot}%{_bindir}/ripgrep
[0m[TOOL]  
[TOOL]  %files
[TOOL]  %{_bindir}/rg
[32m[TOOL][0m [32m+%{_bindir}/ripgrep
[0m[32m[TOOL][0m [32m+%{_mandir}/man1/rg.1*
[0m[32m[TOOL][0m [32m+%dir %attr(0755, root, root) %{_docdir}/%{name}
[0m[32m[TOOL][0m [32m+%doc %{_docdir}/%{name}/*
[0m[32m[TOOL][0m [32m+%config(noreplace) %{_sysconfdir}/bash_completion.d/rg
[0m[32m[TOOL][0m [32m+%{_datadir}/fish/vendor_completions.d/rg.fish
[0m[32m[TOOL][0m [32m+%{_datadir}/zsh/site-functions/_rg
[0m[TOOL]  
[32m[TOOL][0m [32m+%changelog
[0m[TOOL] --- End diff ---
[TOOL] write_file: ripgrep/ripgrep.spec
[GENERATE] OK: Wrote ripgrep/ripgrep.spec
[TOOL] --- Diff for /home/adrian/opencode/pbuild-ai-examples/sources/ripgrep/ripgrep/ripgrep.spec ---
[31m[TOOL][0m [31m--- /home/adrian/opencode/pbuild-ai-examples/sources/ripgrep/ripgrep/ripgrep.spec
[0m[32m[TOOL][0m [32m+++ /home/adrian/opencode/pbuild-ai-examples/sources/ripgrep/ripgrep/ripgrep.spec
[0m[36m[TOOL][0m [36m@@ -35,26 +35,6 @@
[0m[TOOL]  # Install the binary
[TOOL]  install -Dpm 0755 target/release/rg %{buildroot}%{_bindir}/rg
[TOOL]  
[31m[TOOL][0m [31m-# Generate and install man page using ripgrep's built-in feature
[0m[31m[TOOL][0m [31m-mkdir -p %{buildroot}%{_mandir}/man1
[0m[31m[TOOL][0m [31m-../target/release/rg --man > %{buildroot}%{_mandir}/man1/rg.1 || true
[0m[31m[TOOL][0m [31m-
[0m[31m[TOOL][0m [31m-# Install shell completions (ripgrep can generate these)
[0m[31m[TOOL][0m [31m-../target/release/rg --completion-bash /dev/stdout > /dev/null 2>&1 && {
[0m[31m[TOOL][0m [31m-    mkdir -p %{buildroot}%{_sysconfdir}/bash_completion.d
[0m[31m[TOOL][0m [31m-    ../target/release/rg --completion-bash /dev/null > %{buildroot}%{_sysconfdir}/bash_completion.d/rg 2>/dev/null || true
[0m[31m[TOOL][0m [31m-}
[0m[31m[TOOL][0m [31m-
[0m[31m[TOOL][0m [31m-../target/release/rg --completion-fish /dev/null > /dev/null 2>&1 && {
[0m[31m[TOOL][0m [31m-    mkdir -p %{buildroot}%{_datadir}/fish/vendor_completions.d
[0m[31m[TOOL][0m [31m-    ../target/release/rg --completion-fish /dev/null > %{buildroot}%{_datadir}/fish/vendor_completions.d/rg.fish 2>/dev/null || true
[0m[31m[TOOL][0m [31m-}
[0m[31m[TOOL][0m [31m-
[0m[31m[TOOL][0m [31m-../target/release/rg --completion-zsh /dev/null > /dev/null 2>&1 && {
[0m[31m[TOOL][0m [31m-    mkdir -p %{buildroot}%{_datadir}/zsh/site-functions
[0m[31m[TOOL][0m [31m-    ../target/release/rg --completion-zsh /dev/null > %{buildroot}%{_datadir}/zsh/site-functions/_rg 2>/dev/null || true
[0m[31m[TOOL][0m [31m-}
[0m[31m[TOOL][0m [31m-
[0m[TOOL]  # Install documentation files
[TOOL]  install -Dpm 0644 COPYING %{buildroot}%{_docdir}/%{name}/COPYING
[TOOL]  install -Dpm 0644 LICENSE-MIT %{buildroot}%{_docdir}/%{name}/LICENSE-MIT
[36m[TOOL][0m [36m@@ -69,11 +49,7 @@
[0m[TOOL]  %files
[TOOL]  %{_bindir}/rg
[TOOL]  %{_bindir}/ripgrep
[31m[TOOL][0m [31m-%{_mandir}/man1/rg.1*
[0m[TOOL]  %dir %attr(0755, root, root) %{_docdir}/%{name}
[TOOL]  %doc %{_docdir}/%{name}/*
[31m[TOOL][0m [31m-%config(noreplace) %{_sysconfdir}/bash_completion.d/rg
[0m[31m[TOOL][0m [31m-%{_datadir}/fish/vendor_completions.d/rg.fish
[0m[31m[TOOL][0m [31m-%{_datadir}/zsh/site-functions/_rg
[0m[TOOL]  
[TOOL]  %changelog
[TOOL] --- End diff ---
[TOOL] write_file: ripgrep/ripgrep.spec
[GENERATE] OK: Wrote ripgrep/ripgrep.spec
[TOOL] --- Diff for /home/adrian/opencode/pbuild-ai-examples/sources/ripgrep/ripgrep/ripgrep.spec ---
[31m[TOOL][0m [31m--- /home/adrian/opencode/pbuild-ai-examples/sources/ripgrep/ripgrep/ripgrep.spec
[0m[32m[TOOL][0m [32m+++ /home/adrian/opencode/pbuild-ai-examples/sources/ripgrep/ripgrep/ripgrep.spec
[0m[36m[TOOL][0m [36m@@ -35,6 +35,20 @@
[0m[TOOL]  # Install the binary
[TOOL]  install -Dpm 0755 target/release/rg %{buildroot}%{_bindir}/rg
[TOOL]  
[32m[TOOL][0m [32m+# Generate and install man page
[0m[32m[TOOL][0m [32m+mkdir -p %{buildroot}%{_mandir}/man1
[0m[32m[TOOL][0m [32m+target/release/rg --man > %{buildroot}%{_mandir}/man1/rg.1 2>/dev/null || true
[0m[32m[TOOL][0m [32m+
[0m[32m[TOOL][0m [32m+# Install shell completions
[0m[32m[TOOL][0m [32m+mkdir -p %{buildroot}%{_sysconfdir}/bash_completion.d
[0m[32m[TOOL][0m [32m+target/release/rg --completion bash > %{buildroot}%{_sysconfdir}/bash_completion.d/rg 2>/dev/null || true
[0m[32m[TOOL][0m [32m+
[0m[32m[TOOL][0m [32m+mkdir -p %{buildroot}%{_datadir}/fish/vendor_completions.d
[0m[32m[TOOL][0m [32m+target/release/rg --completion fish > %{buildroot}%{_datadir}/fish/vendor_completions.d/rg.fish 2>/dev/null || true
[0m[32m[TOOL][0m [32m+
[0m[32m[TOOL][0m [32m+mkdir -p %{buildroot}%{_datadir}/zsh/site-functions
[0m[32m[TOOL][0m [32m+target/release/rg --completion zsh > %{buildroot}%{_datadir}/zsh/site-functions/_rg 2>/dev/null || true
[0m[32m[TOOL][0m [32m+
[0m[TOOL]  # Install documentation files
[TOOL]  install -Dpm 0644 COPYING %{buildroot}%{_docdir}/%{name}/COPYING
[TOOL]  install -Dpm 0644 LICENSE-MIT %{buildroot}%{_docdir}/%{name}/LICENSE-MIT
[36m[TOOL][0m [36m@@ -49,6 +63,10 @@
[0m[TOOL]  %files
[TOOL]  %{_bindir}/rg
[TOOL]  %{_bindir}/ripgrep
[32m[TOOL][0m [32m+%{_mandir}/man1/rg.1*
[0m[32m[TOOL][0m [32m+%config(noreplace) %{_sysconfdir}/bash_completion.d/rg
[0m[32m[TOOL][0m [32m+%{_datadir}/fish/vendor_completions.d/rg.fish
[0m[32m[TOOL][0m [32m+%{_datadir}/zsh/site-functions/_rg
[0m[TOOL]  %dir %attr(0755, root, root) %{_docdir}/%{name}
[TOOL]  %doc %{_docdir}/%{name}/*
[TOOL]  
[TOOL] --- End diff ---
[TOOL] write_file: ripgrep/ripgrep.spec
[GENERATE] OK: Wrote ripgrep/ripgrep.spec
Script aborted: list index out of range
