starting project builder
    source directory: /home/adrian/opencode/pbuild-ai-examples/sources/gawk.update-to-upstream-20-years
    result directory: /home/adrian/opencode/pbuild-ai-examples/sources/gawk.update-to-upstream-20-years/_build.tumbleweed.x86_64
    build area: /var/tmp/build-root-adrian
    architecture: x86_64
    build config:
      - tumbleweed
    repositories:
      - https://download.opensuse.org/tumbleweed/repo/oss
getting package information
parsing 1 recipe file
fetching metadata of 1 remote repo
preparing package pool
expanding dependencies
building ./gawk.spec
VM_ROOT: /var/tmp/build-root-adrian/.mount.img, VM_SWAP: /var/tmp/build-root-adrian/.mount.swap
Using mkfs copyin mode to populate the root filesystem
Reusing former build root
logging output to /var/tmp/build-root-adrian/.build.log...
[    0s] Using BUILD_ROOT=/var/tmp/build-root-adrian/.mount
[    0s] Using BUILD_ARCH=x86_64:i686:i586:i486:i386
[    0s] Doing kvm build in /var/tmp/build-root-adrian/.mount.img
[    0s] 
[    1s] 
[    1s] reiser.suse.de started "build gawk.spec" at Sat Jul  4 19:47:27 UTC 2026.
[    1s] 
[    1s] 
[    1s] processing recipe /home/adrian/opencode/pbuild-ai-examples/sources/gawk.update-to-upstream-20-years/gawk.spec ...
[    1s] running changelog2spec --target rpm --file /home/adrian/opencode/pbuild-ai-examples/sources/gawk.update-to-upstream-20-years/gawk.spec
[    1s] init_buildsystem --configdir /usr/lib/build/configs --cachedir /home/adrian/.cache/opensuse.org/build/cache --prepare --rpmlist /var/tmp/build-root-adrian/.build.rpmlist /home/adrian/opencode/pbuild-ai-examples/sources/gawk.update-to-upstream-20-years/gawk.spec ...
[    2s] copying packages...
[    2s] reordering...cycle: libncurses6 -> terminfo-base
[    2s]   breaking dependency terminfo-base -> libncurses6
[    2s] cycle: lua54 -> lua-interpreter
[    2s]   breaking dependency lua54 -> lua-interpreter
[    2s] cycle: binutils -> libctf0
[    2s]   breaking dependency binutils -> libctf0
[    2s] cycle: python313-base -> libpython3_13-1_0
[    2s]   breaking dependency python313-base -> libpython3_13-1_0
[    2s] cycle: texlive-filesystem -> texlive-kpathsea
[    2s]   breaking dependency texlive-filesystem -> texlive-kpathsea
[    2s] cycle: texlive-filesystem -> texlive-kpathsea-bin
[    2s]   breaking dependency texlive-filesystem -> texlive-kpathsea-bin
[    2s] cycle: texlive -> texlive-filesystem -> texlive-scripts -> texlive-luatex-bin -> texlive-luatex -> texlive-hyphen-base
[    2s]   breaking dependency texlive-luatex -> texlive-hyphen-base
[    2s] cycle: texlive -> texlive-filesystem -> texlive-scripts -> texlive-luatex-bin -> texlive-luatex -> texlive-unicode-data
[    2s]   breaking dependency texlive-luatex -> texlive-unicode-data
[    2s] cycle: texlive -> texlive-filesystem -> texlive-scripts -> texlive-luatex-bin -> texlive-luatex -> texlive-tex-ini-files
[    2s]   breaking dependency texlive-luatex -> texlive-tex-ini-files
[    2s] cycle: texlive -> texlive-filesystem -> texlive-scripts -> texlive-luatex-bin -> texlive-luatex -> texlive-knuth-lib
[    2s]   breaking dependency texlive-luatex -> texlive-knuth-lib
[    2s] cycle: texlive -> texlive-filesystem -> texlive-scripts -> texlive-luatex-bin -> texlive-luatex
[    2s]   breaking dependency texlive-luatex -> texlive
[    2s] cycle: texlive-scripts -> texlive-luatex-bin -> texlive-luatex -> texlive-cm
[    2s]   breaking dependency texlive-luatex -> texlive-cm
[    2s] cycle: texlive -> texlive-filesystem -> texlive-scripts -> texlive-luatex-bin -> texlive-luatex -> texlive-etex
[    2s]   breaking dependency texlive-filesystem -> texlive-scripts
[    2s] cycle: texlive -> texlive-filesystem -> texlive-scripts-bin -> texlive-scripts -> texlive-luatex-bin -> texlive-luatex -> texlive-etex
[    2s]   breaking dependency texlive-luatex -> texlive-etex
[    2s] cycle: texlive-filesystem -> texlive-scripts-bin -> texlive-scripts -> texlive-luatex-bin -> texlive-luatex
[    2s]   breaking dependency texlive-filesystem -> texlive-scripts-bin
[    2s] cycle: texlive -> texlive-kpathsea -> texlive-gsftopk
[    2s]   breaking dependency texlive -> texlive-kpathsea
[    2s] cycle: texlive -> texlive-kpathsea-bin -> texlive-gsftopk-bin -> texlive-gsftopk
[    2s]   breaking dependency texlive-gsftopk -> texlive
[    2s] cycle: texlive-gsftopk-bin -> texlive-gsftopk
[    2s]   breaking dependency texlive-gsftopk -> texlive-gsftopk-bin
[    2s] cycle: texlive-gsftopk -> texlive-kpathsea
[    2s]   breaking dependency texlive-kpathsea -> texlive-gsftopk
[    2s] cycle: texlive-kpathsea-bin -> texlive-gsftopk-bin -> texlive-gsftopk -> texlive-kpathsea
[    2s]   breaking dependency texlive-kpathsea -> texlive-kpathsea-bin
[    2s] cycle: texlive -> texlive-kpathsea-bin -> texlive-gsftopk-bin -> texlive-gsftopk -> texlive-kpathsea -> texlive-scripts -> texlive-luatex-bin -> texlive-luatex -> texlive-hyph-utf8
[    2s]   breaking dependency texlive-luatex -> texlive-hyph-utf8
[    2s] cycle: texlive-kpathsea -> texlive-scripts -> texlive-luatex-bin -> texlive-luatex
[    2s]   breaking dependency texlive-scripts -> texlive-luatex-bin
[    2s] cycle: texlive -> texlive-kpathsea-bin -> texlive-gsftopk-bin -> texlive-gsftopk -> texlive-kpathsea -> texlive-scripts -> texlive-texlive.infra
[    2s]   breaking dependency texlive-scripts -> texlive-texlive.infra
[    2s] cycle: texlive -> texlive-kpathsea-bin -> texlive-gsftopk-bin -> texlive-gsftopk -> texlive-kpathsea -> texlive-scripts
[    2s]   breaking dependency texlive -> texlive-kpathsea-bin
[    2s] cycle: texlive -> texlive-scripts
[    2s]   breaking dependency texlive-scripts -> texlive
[    2s] cycle: texlive-scripts -> texlive-kpathsea
[    2s]   breaking dependency texlive-scripts -> texlive-kpathsea
[    2s] cycle: texlive-scripts -> texlive-kpathsea-bin -> texlive-gsftopk-bin -> texlive-gsftopk -> texlive-kpathsea
[    2s]   breaking dependency texlive-gsftopk -> texlive-kpathsea
[    2s] cycle: texlive-kpathsea-bin -> texlive-gsftopk-bin -> texlive-gsftopk
[    2s]   breaking dependency texlive-gsftopk -> texlive-kpathsea-bin
[    2s] cycle: texlive-scripts -> texlive-kpathsea-bin -> texlive-gsftopk-bin -> texlive-gsftopk
[    2s]   breaking dependency texlive-scripts -> texlive-kpathsea-bin
[    2s] cycle: texlive-scripts -> texlive-scripts-bin
[    2s]   breaking dependency texlive-scripts -> texlive-scripts-bin
[    2s] cycle: texlive -> texlive-scripts -> texlive-scripts-extra -> texlive-psfrag -> texlive-graphics -> texlive-graphics-cfg
[    2s]   breaking dependency texlive-scripts-extra -> texlive-psfrag
[    2s] cycle: texlive -> texlive-scripts -> texlive-scripts-extra
[    2s]   breaking dependency texlive-scripts-extra -> texlive
[    2s] cycle: texlive-scripts -> texlive-scripts-extra -> texlive-kpathsea
[    2s]   breaking dependency texlive-scripts-extra -> texlive-kpathsea
[    2s] cycle: texlive-scripts -> texlive-scripts-extra -> texlive-kpathsea-bin -> texlive-gsftopk-bin -> texlive-gsftopk
[    2s]   breaking dependency texlive-scripts-extra -> texlive-kpathsea-bin
[    2s] cycle: texlive-scripts -> texlive-scripts-extra
[    2s]   breaking dependency texlive-scripts-extra -> texlive-scripts
[    2s] cycle: texlive-scripts -> texlive-scripts-extra -> texlive-scripts-bin
[    2s]   breaking dependency texlive-scripts-extra -> texlive-scripts-bin
[    2s] cycle: texlive-scripts-extra -> texlive-scripts-extra-bin
[    2s]   breaking dependency texlive-scripts-extra -> texlive-scripts-extra-bin
[    2s] cycle: texlive-dviasm-bin -> texlive-dviasm
[    2s]   breaking dependency texlive-dviasm -> texlive-dviasm-bin
[    2s] cycle: texlive-kpathsea -> texlive-updmap-map
[    2s]   breaking dependency texlive-updmap-map -> texlive-kpathsea
[    2s] cycle: texlive-kpathsea -> texlive-updmap-map -> texlive-kpathsea-bin
[    2s]   breaking dependency texlive-updmap-map -> texlive-kpathsea-bin
[    2s] cycle: texlive-graphics -> texlive-latex -> texlive-hypdoc -> texlive-tools
[    2s]   breaking dependency texlive-latex -> texlive-hypdoc
[    2s] cycle: texlive-graphics -> texlive-latex -> texlive-hyperref
[    2s]   breaking dependency texlive-hyperref -> texlive-graphics
[    2s] cycle: texlive-kvoptions -> texlive-graphics -> texlive-latex -> texlive-hyperref -> texlive-gettitlestring
[    2s]   breaking dependency texlive-hyperref -> texlive-gettitlestring
[    2s] cycle: texlive-kvoptions -> texlive-graphics -> texlive-latex -> texlive-hyperref
[    2s]   breaking dependency texlive-hyperref -> texlive-kvoptions
[    2s] cycle: texlive-latex -> texlive-hyperref -> texlive-minitoc
[    2s]   breaking dependency texlive-hyperref -> texlive-minitoc
[    2s] cycle: texlive-latex -> texlive-hyperref -> texlive-ntheorem
[    2s]   breaking dependency texlive-hyperref -> texlive-ntheorem
[    2s] cycle: texlive-kvoptions -> texlive-graphics -> texlive-latex -> texlive-hyperref -> texlive-rerunfilecheck
[    2s]   breaking dependency texlive-hyperref -> texlive-rerunfilecheck
[    2s] cycle: fontconfig -> libfontconfig1
[    2s]   breaking dependency libfontconfig1 -> fontconfig
[    2s] cycle: mozilla-nss -> libsoftokn3
[    2s]   breaking dependency mozilla-nss -> libsoftokn3
[    2s] cycle: texlive-tex4ht -> texlive-tex4ht-bin
[    2s]   breaking dependency texlive-tex4ht -> texlive-tex4ht-bin
[    2s] cycle: texlive-latex -> texlive-l3kernel
[    2s]   breaking dependency texlive-l3kernel -> texlive-latex
[    2s] cycle: texlive-graphics -> texlive-latex -> texlive-l3kernel -> texlive-tools
[    2s]   breaking dependency texlive-latex -> texlive-l3kernel
[    2s] cycle: texlive-graphics -> texlive-latex -> texlive-tools
[    2s]   breaking dependency texlive-latex -> texlive-tools
[    2s] cycle: texlive-latex -> texlive-latex-bin -> texlive-babel -> texlive-fontspec
[    2s]   breaking dependency texlive-latex-bin -> texlive-babel
[    2s] cycle: texlive-latex -> texlive-latex-bin -> texlive-cm-super
[    2s]   breaking dependency texlive-latex-bin -> texlive-cm-super
[    2s] cycle: texlive-graphics -> texlive-latex -> texlive-latex-bin
[    2s]   breaking dependency texlive-latex-bin -> texlive-graphics
[    2s] cycle: texlive-epstopdf-pkg -> texlive-kvoptions -> texlive-graphics -> texlive-latex -> texlive-latex-bin -> texlive-graphics-def
[    2s]   breaking dependency texlive-latex-bin -> texlive-graphics-def
[    2s] cycle: texlive-graphics -> texlive-latex -> texlive-latex-bin -> texlive-l3kernel -> texlive-tools
[    2s]   breaking dependency texlive-latex-bin -> texlive-l3kernel
[    2s] cycle: texlive-latex -> texlive-latex-bin
[    2s]   breaking dependency texlive-latex-bin -> texlive-latex
[    2s] cycle: texlive-latex-bin -> texlive-latex-bin-bin
[    2s]   breaking dependency texlive-latex-bin -> texlive-latex-bin-bin
[    2s] cycle: texlive-luahbtex -> texlive-luahbtex-bin
[    2s]   breaking dependency texlive-luahbtex -> texlive-luahbtex-bin
[    2s] cycle: texlive-luatex -> texlive-luatex-bin
[    2s]   breaking dependency texlive-luatex -> texlive-luatex-bin
[    2s] cycle: texlive-luaotfload -> texlive-luaotfload-bin
[    2s]   breaking dependency texlive-luaotfload -> texlive-luaotfload-bin
[    2s] cycle: texlive-epstopdf-pkg -> texlive-kvoptions -> texlive-graphics -> texlive-latex -> texlive-latex-bin -> texlive-pdftex -> texlive-graphics-def
[    2s]   breaking dependency texlive-latex-bin -> texlive-pdftex
[    2s] cycle: texlive-epstopdf-pkg -> texlive-kvoptions -> texlive-graphics -> texlive-graphics-def
[    2s]   breaking dependency texlive-epstopdf-pkg -> texlive-kvoptions
[    2s] cycle: texlive-epstopdf -> texlive-epstopdf-pkg
[    2s]   breaking dependency texlive-epstopdf-pkg -> texlive-epstopdf
[    2s] cycle: texlive-epstopdf-bin -> texlive-epstopdf
[    2s]   breaking dependency texlive-epstopdf -> texlive-epstopdf-bin
[    2s] cycle: texlive-extractbb-bin -> texlive-extractbb
[    2s]   breaking dependency texlive-extractbb -> texlive-extractbb-bin
[    2s] cycle: glibc-devel-static -> libxcrypt-devel-static
[    2s]   breaking dependency libxcrypt-devel-static -> glibc-devel-static
[    2s] cycle: rpm-config-SUSE -> rpm
[    2s]   breaking dependency rpm -> rpm-config-SUSE
[    2s] cycle: texlive-dvidvi-bin -> texlive-dvidvi
[    2s]   breaking dependency texlive-dvidvi -> texlive-dvidvi-bin
[    2s] cycle: texlive-lacheck-bin -> texlive-lacheck
[    2s]   breaking dependency texlive-lacheck -> texlive-lacheck-bin
[    2s] cycle: texlive-bibtex-bin -> texlive-bibtex
[    2s]   breaking dependency texlive-bibtex -> texlive-bibtex-bin
[    2s] cycle: texlive-dvips-bin -> texlive-dvips
[    2s]   breaking dependency texlive-dvips -> texlive-dvips-bin
[    2s] cycle: texlive-tex-bin -> texlive-tex
[    2s]   breaking dependency texlive-tex -> texlive-tex-bin
[    2s] cycle: texlive-makeindex-bin -> texlive-makeindex
[    2s]   breaking dependency texlive-makeindex -> texlive-makeindex-bin
[    2s] cycle: texlive-seetexk-bin -> texlive-seetexk
[    2s]   breaking dependency texlive-seetexk -> texlive-seetexk-bin
[    2s] cycle: texlive-dvipng-bin -> texlive-dvipng
[    2s]   breaking dependency texlive-dvipng -> texlive-dvipng-bin
[    2s] cycle: texlive-biber-bin -> texlive-biber
[    2s]   breaking dependency texlive-biber -> texlive-biber-bin
[    2s] cycle: texlive-dvisvgm -> texlive-dvisvgm-bin
[    2s]   breaking dependency texlive-dvisvgm -> texlive-dvisvgm-bin
[    2s] cycle: texlive-pdftex-bin -> texlive-pdftex
[    2s]   breaking dependency texlive-pdftex -> texlive-pdftex-bin
[    2s] cycle: texlive-dvipdfmx-bin -> texlive-dvipdfmx
[    2s]   breaking dependency texlive-dvipdfmx -> texlive-dvipdfmx-bin
[    2s] cycle: texlive-xetex-bin -> texlive-xetex
[    2s]   breaking dependency texlive-xetex -> texlive-xetex-bin
[    2s] done
[    2s] cp: -r not specified; omitting directory '/home/adrian/opencode/pbuild-ai-examples/sources/gawk.update-to-upstream-20-years/_build.tumbleweed.x86_64'
[    2s] setting source mtime to 1166483761
[    2s] Detected virtio-serial support
[    6s] booting kvm...
[    6s] ### VM INTERACTION START ###
[    6s] Using virtio-serial support
[    6s] /usr/bin/qemu-kvm -nodefaults -no-reboot -nographic -vga none -cpu host -M pc,accel=kvm,usb=off,dump-guest-core=off,vmport=off -sandbox on -bios /usr/share/qemu/qboot.rom -object rng-random,filename=/dev/random,id=rng0 -device virtio-rng-pci,rng=rng0 -object iothread,id=io0 -net none -kernel /var/tmp/build-root-adrian/.mount/boot/kernel -initrd /var/tmp/build-root-adrian/.mount/boot/initrd -append root=/dev/disk/by-id/virtio-0 rootfstype=ext4 rootflags=noatime elevator=noop nmi_watchdog=0 rw ia32_emulation=1 oops=panic panic=1 quiet console=hvc0 init=/.build/build -m 512 -drive file=/var/tmp/build-root-adrian/.mount.img,format=raw,if=none,id=disk,cache=unsafe,aio=io_uring -device virtio-blk-pci,iothread=io0,drive=disk,serial=0 -drive file=/var/tmp/build-root-adrian/.mount.swap,format=raw,if=none,id=swap,cache=unsafe,aio=io_uring -device virtio-blk-pci,iothread=io0,drive=swap,serial=1 -device virtio-serial,max_ports=2 -device virtconsole,chardev=virtiocon0 -chardev stdio,id=virtiocon0 -chardev socket,id=monitor,server=on,wait=off,path=/var/tmp/build-root-adrian/.mount.img.qemu/monitor -mon chardev=monitor,mode=readline
[   10s] ^[[73;1R^[[73;125R^[[73;1R^[[73;125RP+q6E616D65\[18t[6n[32766;32766H[6n[!p]104\[0m[?7h[1G[0J]3008;start=6507e5565bdb48bcac888af469e8e92c;user=root;hostname=localhost;machineid=20d4288c19884d6988ab6ed929f09790;bootid=8dfbe3ebaeb142b5929bdda2d9440e04;pid=1;pidfdid=1;comm=systemd;type=boot\[18t[6n[32766;32766H[6n[!p]104\[0m[?7h[1G[0JExtracting build.extract.tar
[   10s] ### VM INTERACTION END ###
[   10s] 2nd stage started in virtual machine
[   10s] machine type: x86_64
[   10s] Linux version: 7.1.2-1-default #1 SMP PREEMPT_DYNAMIC Thu Jul 2 05:05:55 UTC 2026 (992f18c)
[   10s] Time: Sat Jul  4 19:47:36 UTC 2026
[   10s] Increasing log level from now on...
[   10s] [    4.175183][  T449] sysrq: Changing Loglevel
[   10s] [    4.175249][  T449] sysrq: Loglevel set to 4
[   10s] Enable sysrq operations
[   10s] Setting up swapspace version 1, size = 1024 MiB (1073737728 bytes)
[   10s] no label, UUID=e0e46d65-bddb-485d-8f36-22fe4804b326
[   10s] logging output to //.build.log...
[   10s] processing recipe //.build-srcdir/gawk.spec ...
[   10s] init_buildsystem --configdir /.build/configs --cachedir /var/cache/build //.build-srcdir/gawk.spec ...
[   10s] initializing rpm db...
[   10s] querying package ids...
[   12s] [1/495] keeping compat-usrmerge-tools-84.87-5.24
[   12s] [2/495] keeping crypto-policies-20250714.cd6043a-4.1
[   12s] [3/495] keeping file-magic-5.48-1.1
[   12s] [4/495] keeping javapackages-filesystem-6.5.1-3.1
[   12s] [5/495] keeping kernel-obs-build-7.1.2-1.1
[   12s] [6/495] keeping libX11-data-1.8.13-1.3
[   12s] [7/495] keeping libicu78-ledata-78.3-1.2
[   12s] [8/495] keeping libpaper-2.2.8-1.1
[   12s] [9/495] keeping libsemanage-conf-3.10-4.1
[   12s] [10/495] keeping pkgconf-m4-2.5.1-1.3
[   12s] [11/495] keeping python-rpm-macros-20260601.4a231f4-1.1
[   12s] [12/495] keeping system-user-root-20190513-2.19
[   12s] [13/495] keeping filesystem-84.87-21.1
[   12s] [14/495] keeping glibc-2.43-4.1
[   12s] [15/495] keeping diffutils-3.12-1.3
[   12s] [16/495] keeping envsubst-mini-1.0-2.2
[   12s] [17/495] keeping fillup-1.42-281.5
[   12s] [18/495] keeping glibc-gconv-modules-extra-2.43-4.1
[   12s] [19/495] keeping glibc-locale-base-2.43-4.1
[   12s] [20/495] keeping libXau6-1.0.12-2.3
[   12s] [21/495] keeping libacl1-2.3.2-2.5
[   12s] [22/495] keeping libalternatives1-1.2+31.da24cd4-1.3
[   12s] [23/495] keeping libasound2-1.2.16.1-1.1
[   12s] [24/495] keeping libatomic1-16.1.1+git8886-1.1
[   12s] [25/495] keeping libattr1-2.6.0-1.1
[   12s] [26/495] keeping libaudit1-4.0.2-3.3
[   12s] [27/495] keeping libavahi-common3-0.8-44.1
[   12s] [28/495] keeping libbrotlicommon1-1.2.0-2.2
[   12s] [29/495] keeping libbz2-1-1.0.8-5.14
[   12s] [30/495] keeping libcap-ng0-0.8.5-1.5
[   12s] [31/495] keeping libcap2-2.78-1.2
[   12s] [32/495] keeping libcom_err2-1.47.3-1.4
[   12s] [33/495] keeping libcpuinfo-suse0-0~git1739936485.b73ae6c-2.3
[   12s] [34/495] keeping libcrypt1-4.5.2-2.2
[   12s] [35/495] keeping libdav1d7-1.5.3-1.3
[   12s] [36/495] keeping libeconf0-0.8.3-1.3
[   12s] [37/495] keeping libexpat1-2.8.1-1.1
[   12s] [38/495] keeping libffi8-3.5.2-2.3
[   12s] [39/495] keeping libfl2-2.6.4-7.5
[   12s] [40/495] keeping libfreebl3-3.124-1.1
[   12s] [41/495] keeping libgcc_s1-16.1.1+git8886-1.1
[   12s] [42/495] keeping libgdbm6-1.26-1.3
[   12s] [43/495] keeping libgif7-5.2.2-4.1
[   12s] [44/495] keeping libgmp10-6.3.0-5.4
[   12s] [45/495] keeping libgomp1-16.1.1+git8886-1.1
[   12s] [46/495] keeping libgpg-error0-1.61-1.1
[   12s] [47/495] keeping libgraphite2-3-1.3.15-1.1
[   12s] [48/495] keeping libitm1-16.1.1+git8886-1.1
[   12s] [49/495] keeping libjbig2-2.1-5.7
[   12s] [50/495] keeping libjitterentropy3-3.6.3-1.3
[   12s] [51/495] keeping libjpeg8-8.3.2-83.2
[   12s] [52/495] keeping libkpathsea6-6.4.2-120.1
[   12s] [53/495] keeping liblcms2-2-2.19.1-1.1
[   12s] [54/495] keeping libleancrypto1-1.7.2-3.1
[   12s] [55/495] keeping libltdl7-2.5.4-1.4
[   12s] [56/495] keeping liblua5_4-5-5.4.8-4.4
[   12s] [57/495] keeping liblz1-1.16-1.2
[   12s] [58/495] keeping liblz4-1-1.10.0-2.6
[   12s] [59/495] keeping liblzma5-5.8.3-1.2
[   12s] [60/495] keeping libmpdec4-4.0.1-2.3
[   12s] [61/495] keeping libnettle8-3.10.2-1.3
[   12s] [62/495] keeping libopenjp2-7-2.5.4-2.4
[   12s] [63/495] keeping libpcre2-8-0-10.47-1.4
[   12s] [64/495] keeping libpcsclite1-2.3.3-2.3
[   12s] [65/495] keeping libpkgconf7-2.5.1-1.3
[   12s] [66/495] keeping libpopt0-1.19-2.2
[   12s] [67/495] keeping libpotrace0-1.16-2.6
[   12s] [68/495] keeping libseccomp2-2.6.0-2.4
[   12s] [69/495] keeping libsepol2-3.10-1.3
[   12s] [70/495] keeping libsframe2-2.45-4.1
[   12s] [71/495] keeping libsharpyuv0-1.6.0-2.1
[   12s] [72/495] keeping libsmartcols1-2.42.1-1.1
[   12s] [73/495] keeping libsqlite3-0-3.53.2-2.1
[   12s] [74/495] keeping libsystemd0-mini-260.3-1.1
[   12s] [75/495] keeping libtasn1-6-4.21.0-1.3
[   12s] [76/495] keeping libtexlua53-5-5.3.6-120.1
[   12s] [77/495] keeping libunistring5-1.4.2-1.2
[   12s] [78/495] keeping libuuid1-2.42.1-1.1
[   12s] [79/495] keeping libverto1-0.3.2-3.7
[   12s] [80/495] keeping libxml2-16-2.15.3-1.2
[   12s] [81/495] keeping libz1-1.3.1-3.1
[   12s] [82/495] keeping libzstd1-1.5.7-4.2
[   12s] [83/495] keeping m4-1.4.21-1.2
[   12s] [84/495] keeping mozilla-nspr-4.39-1.1
[   12s] [85/495] keeping patch-2.8-2.3
[   12s] [86/495] keeping perl-Text-BibTeX-devel-0.910.0-1.5
[   12s] [87/495] keeping timezone-2026b-1.2
[   12s] [88/495] keeping which-2.25-1.1
[   12s] [89/495] keeping libpaper2-2.2.8-1.1
[   12s] [90/495] keeping libfl-devel-2.6.4-7.5
[   12s] [91/495] keeping alts-1.2+31.da24cd4-1.3
[   12s] [92/495] keeping libSvtAv1Enc3-3.0.1-1.3
[   12s] [93/495] keeping libblkid1-2.42.1-1.1
[   12s] [94/495] keeping libbrotlidec1-1.2.0-2.2
[   12s] [95/495] keeping libctf-nobfd0-2.45-4.1
[   12s] [96/495] keeping libgdbm_compat4-1.26-1.3
[   12s] [97/495] keeping libglib-2_0-0-2.88.2-1.1
[   12s] [98/495] keeping libidn2-0-2.3.8-1.3
[   12s] [99/495] keeping libisl23-0.27-1.4
[   12s] [100/495] keeping libmpfr6-4.2.2-1.3
[   12s] [101/495] keeping libp11-kit0-0.26.2-1.4
[   12s] [102/495] keeping libpaper-tools-2.2.8-1.1
[   12s] [103/495] keeping libpng16-16-1.6.57-1.2
[   12s] [104/495] keeping librav1e0_8-0.8.1-2.1
[   12s] [105/495] keeping libselinux1-3.10-3.1
[   12s] [106/495] keeping libstdc++6-16.1.1+git8886-1.1
[   12s] [107/495] keeping libwebp7-1.6.0-2.1
[   12s] [108/495] keeping libxcb1-1.17.0-2.5
[   12s] [109/495] keeping libxslt1-1.1.45-1.2
[   12s] [110/495] keeping libzzip-0-13-0.13.80-1.3
[   12s] [111/495] keeping mozilla-nss-certs-3.124-1.1
[   12s] [112/495] keeping perl-base-5.42.1-1.1
[   12s] [113/495] keeping pkgconf-2.5.1-1.3
[   12s] [114/495] keeping libelf1-0.194-1.2
[   12s] [115/495] keeping libgcrypt20-1.12.2-1.2
[   12s] [116/495] keeping libhogweed6-3.10.2-1.3
[   12s] [117/495] keeping permctl-1699_20260512-1.1
[   12s] [118/495] keeping libzio1-1.15-1.1
[   12s] [119/495] keeping libmagic1-5.48-1.1
[   12s] [120/495] keeping build-mkbaselibs-20260505-1.1
[   12s] [121/495] keeping dwz-0.15-6.4
[   12s] [122/495] keeping findutils-4.10.0-2.5
[   12s] [123/495] keeping file-5.48-1.1
[   12s] [124/495] keeping libLerc4-4.1.0-3.1
[   12s] [125/495] keeping libX11-6-1.8.13-1.3
[   12s] [126/495] keeping libasan8-16.1.1+git8886-1.1
[   12s] [127/495] keeping libexslt0-1.1.45-1.2
[   12s] [128/495] keeping libfdisk1-2.42.1-1.1
[   12s] [129/495] keeping libhwasan0-16.1.1+git8886-1.1
[   12s] [130/495] keeping liblsan0-16.1.1+git8886-1.1
[   12s] [131/495] keeping libmount1-2.42.1-1.1
[   12s] [132/495] keeping libmpc3-1.4.1-1.2
[   12s] [133/495] keeping libsubid5-4.19.4-2.1
[   12s] [134/495] keeping libtsan2-16.1.1+git8886-1.1
[   12s] [135/495] keeping libubsan1-16.1.1+git8886-1.1
[   12s] [136/495] keeping libvmaf3-3.2.0-1.1
[   12s] [137/495] keeping p11-kit-0.26.2-1.4
[   12s] [138/495] keeping p11-kit-tools-0.26.2-1.4
[   12s] [139/495] keeping sed-4.10-1.2
[   12s] [140/495] keeping tar-1.35-8.1
[   12s] [141/495] keeping libyuv0-20230517+a377993-2.3
[   12s] [142/495] keeping libfreetype6-2.14.2-2.3
[   12s] [143/495] keeping libicu78-78.3-1.2
[   12s] [144/495] keeping libdw1-0.194-1.2
[   12s] [145/495] keeping libsemanage2-3.10-4.1
[   12s] [146/495] keeping perl-5.42.1-1.1
[   12s] [147/495] keeping libgnutls30-3.8.13-1.1
[   12s] [148/495] keeping brp-check-suse-84.87+git20260317.a0eb4ba-1.1
[   12s] [149/495] keeping perl-Business-ISBN-Data-20260624.1.0-1.1
[   12s] [150/495] keeping perl-Business-ISSN-1.8.0-1.3
[   12s] [151/495] keeping perl-Class-Accessor-0.510.0-1.2
[   12s] [152/495] keeping perl-Class-Data-Inheritable-0.100.0-1.4
[   12s] [153/495] keeping perl-Class-Inspector-1.360.0-1.3
[   12s] [154/495] keeping perl-Class-Singleton-1.600.0-1.4
[   12s] [155/495] keeping perl-Clone-PP-1.08-1.23
[   12s] [156/495] keeping perl-Data-Dump-1.25-1.19
[   12s] [157/495] keeping perl-Data-Uniqid-0.12-1.32
[   12s] [158/495] keeping perl-Devel-StackTrace-2.50.0-2.6
[   12s] [159/495] keeping perl-Encode-Locale-1.05-1.34
[   12s] [160/495] keeping perl-Eval-Closure-0.140.0-1.3
[   12s] [161/495] keeping perl-Exporter-Tiny-1.006003-1.2
[   12s] [162/495] keeping perl-File-Slurp-9999.32-1.24
[   12s] [163/495] keeping perl-File-Slurper-0.14.0-1.3
[   12s] [164/495] keeping perl-HTML-Tagset-3.240.0-1.6
[   12s] [165/495] keeping perl-IO-HTML-1.4.0-1.3
[   12s] [166/495] keeping perl-IPC-Run3-0.49.0-2.6
[   12s] [167/495] keeping perl-LWP-MediaTypes-6.04-1.27
[   12s] [168/495] keeping perl-List-UtilsBy-0.12-1.15
[   12s] [169/495] keeping perl-MIME-Base32-1.303.0-1.4
[   12s] [170/495] keeping perl-MIME-Charset-1.013.1-1.11
[   12s] [171/495] keeping perl-MRO-Compat-0.150.0-1.3
[   12s] [172/495] keeping perl-Module-Runtime-0.18.0-1.3
[   12s] [173/495] keeping perl-Number-Compare-0.03-11.15
[   12s] [174/495] keeping perl-Parse-RecDescent-1.967015-1.33
[   12s] [175/495] keeping perl-Regexp-Common-2024080801.0.0-1.4
[   12s] [176/495] keeping perl-Role-Tiny-2.002005-1.1
[   12s] [177/495] keeping perl-Sub-Exporter-Progressive-0.001013-1.32
[   12s] [178/495] keeping perl-Sub-Quote-2.006009-1.2
[   12s] [179/495] keeping perl-Text-CSV-2.60.0-1.3
[   12s] [180/495] keeping perl-Text-Glob-0.110.0-1.3
[   12s] [181/495] keeping perl-Text-Roman-3.500.0-1.4
[   12s] [182/495] keeping perl-Tie-Cycle-1.233.0-1.2
[   12s] [183/495] keeping perl-TimeDate-2.350.0-1.1
[   12s] [184/495] keeping perl-Try-Tiny-0.320.0-1.4
[   12s] [185/495] keeping perl-XML-NamespaceSupport-1.120.0-1.1
[   12s] [186/495] keeping perl-XML-SAX-Base-1.09-1.33
[   12s] [187/495] keeping perl-XML-Writer-0.900-1.23
[   12s] [188/495] keeping javapackages-tools-6.5.1-3.1
[   12s] [189/495] keeping libXext6-1.3.7-1.3
[   12s] [190/495] keeping libXrender1-0.9.12-1.4
[   12s] [191/495] keeping libaom3-3.13.1-2.3
[   12s] [192/495] keeping perl-Clone-0.500.0-1.2
[   12s] [193/495] keeping perl-Encode-EUCJPASCII-0.03-5.49
[   12s] [194/495] keeping perl-List-SomeUtils-XS-0.590.0-1.1
[   12s] [195/495] keeping perl-Log-Log4perl-1.570.0-1.2
[   12s] [196/495] keeping perl-Sort-Key-1.33-1.38
[   12s] [197/495] keeping perl-Variable-Magic-0.640.0-1.7
[   12s] [198/495] keeping perl-XString-0.005-1.26
[   12s] [199/495] keeping perl-autovivification-0.18-1.42
[   12s] [200/495] keeping perl-rpm-packaging-1.3-1.2
[   12s] [201/495] keeping libasm1-0.194-1.2
[   12s] [202/495] keeping perl-Date-Simple-3.03-9.50
[   12s] [203/495] keeping perl-List-MoreUtils-XS-0.430-1.26
[   12s] [204/495] keeping libharfbuzz0-14.2.1-1.1
[   12s] [205/495] keeping perl-Text-BibTeX-0.910.0-1.5
[   12s] [206/495] keeping cpp15-15.3.0+git11272-1.1
[   12s] [207/495] keeping libtiff6-4.7.1-5.2
[   12s] [208/495] keeping libharfbuzz-subset0-14.2.1-1.1
[   12s] [209/495] keeping perl-Business-ISBN-3.14.0-1.1
[   12s] [210/495] keeping perl-Business-ISMN-1.205.0-1.3
[   12s] [211/495] keeping perl-Dist-CheckConflicts-0.110.0-1.3
[   12s] [212/495] keeping perl-File-ShareDir-1.118-1.23
[   12s] [213/495] keeping perl-File-Slurp-Unicode-0.7.1-12.35
[   12s] [214/495] keeping perl-HTTP-Date-6.70.0-1.1
[   12s] [215/495] keeping perl-Test-Fatal-0.18.0-1.2
[   12s] [216/495] keeping libXi6-1.8.3-1.1
[   12s] [217/495] keeping libXtst6-1.2.5-1.5
[   12s] [218/495] keeping perl-Exception-Class-1.450.0-1.2
[   12s] [219/495] keeping perl-List-MoreUtils-0.430-1.23
[   12s] [220/495] keeping perl-Module-Implementation-0.90.0-1.3
[   12s] [221/495] keeping perl-URI-5.350.0-1.1
[   12s] [222/495] keeping perl-Unicode-LineBreak-2019.001-1.34
[   12s] [223/495] keeping perl-File-Find-Rule-0.350.0-1.3
[   12s] [224/495] keeping psutils-2.08-2.7
[   12s] [225/495] keeping libavif16-1.4.2-1.1
[   12s] [226/495] keeping perl-File-Listing-6.160.0-2.6
[   12s] [227/495] keeping perl-Net-HTTP-6.240.0-1.2
[   12s] [228/495] keeping perl-WWW-RobotRules-6.30.0-1.1
[   12s] [229/495] keeping perl-Data-Compare-1.290.0-1.3
[   12s] [230/495] keeping perl-List-SomeUtils-0.59-1.11
[   12s] [231/495] keeping perl-Params-Validate-1.310.0-1.4
[   12s] [232/495] keeping perl-B-Hooks-EndOfScope-0.280.0-1.6
[   12s] [233/495] keeping perl-Package-Stash-0.400.0-1.3
[   12s] [234/495] keeping perl-Params-ValidationCompiler-0.310.0-1.2
[   12s] [235/495] keeping perl-HTTP-Message-7.20.0-1.1
[   12s] [236/495] keeping perl-Specio-0.530.0-1.2
[   12s] [237/495] keeping perl-HTTP-Negotiate-6.01-9.35
[   12s] [238/495] keeping perl-HTTP-Cookies-6.110.0-2.6
[   12s] [239/495] keeping perl-namespace-clean-0.270.0-1.3
[   12s] [240/495] keeping perl-List-AllUtils-0.19-1.19
[   12s] [241/495] keeping perl-HTML-Parser-3.850.0-2.1
[   12s] [242/495] keeping perl-namespace-autoclean-0.310.0-1.4
[   12s] [243/495] keeping perl-libwww-perl-6.830.0-1.1
[   12s] [244/495] keeping perl-DateTime-Locale-1.450000-1.3
[   12s] [245/495] keeping perl-DateTime-TimeZone-2.680.0-1.1
[   12s] [246/495] keeping perl-DateTime-1.660.0-1.4
[   12s] [247/495] keeping perl-DateTime-Calendar-Julian-0.107-1.16
[   12s] [248/495] keeping perl-DateTime-Format-Strptime-1.800.0-1.2
[   12s] [249/495] keeping perl-DateTime-Format-Builder-0.830.0-1.1
[   12s] [250/495] keeping terminfo-base-6.6.20260613-109.1
[   12s] [251/495] keeping libfontconfig1-2.18.1-1.1
[   12s] [252/495] keeping libncurses6-6.6.20260613-109.1
[   12s] [253/495] keeping fontconfig-2.18.1-1.1
[   12s] [254/495] keeping libdialog15-1.3-13.3
[   12s] [255/495] keeping libreadline8-8.3.3-2.4
[   12s] [256/495] keeping ncurses-utils-6.6.20260613-109.1
[   12s] [257/495] keeping bash-5.3.15-7.1
[   12s] [258/495] keeping dialog-1.3-13.3
[   12s] [259/495] keeping lua54-5.4.8-4.4
[   12s] [260/495] keeping bash-sh-5.3.15-7.1
[   12s] [261/495] keeping compat-usrmerge-build-84.87-5.24
[   12s] [262/495] keeping lua-interpreter-5-3.2
[   12s] [263/495] keeping login_defs-4.19.4-2.1
[   12s] [264/495] keeping sysuser-shadow-3.3-12.2
[   12s] [265/495] keeping cpio-2.15-7.2
[   12s] [266/495] keeping cpp-15-3.2
[   12s] [267/495] keeping ed-1.22.5-1.1
[   12s] [268/495] keeping gzip-1.14-2.1
[   12s] [269/495] keeping make-4.4.1-3.5
[   12s] [270/495] keeping bzip2-1.0.8-5.14
[   12s] [271/495] keeping grep-3.12-1.3
[   12s] [272/495] keeping hostname-3.25-1.4
[   12s] [273/495] keeping perl-Encode-HanExtra-0.23-90.8
[   12s] [274/495] keeping perl-Encode-JIS2K-0.03-2.8
[   12s] [275/495] keeping pkgconf-pkg-config-2.5.1-1.3
[   12s] [276/495] keeping xz-5.8.3-1.2
[   12s] [277/495] keeping flex-2.6.4-7.5
[   12s] [278/495] keeping gettext-runtime-mini-1.0-2.2
[   12s] [279/495] keeping perl-XML-SAX-1.02-2.6
[   12s] [280/495] keeping gawk-5.4.0-1.1
[   12s] [281/495] keeping coreutils-9.11-4.1
[   12s] [282/495] keeping elfutils-0.194-1.2
[   12s] [283/495] keeping mozilla-nss-3.124-1.1
[   12s] [284/495] keeping linux-glibc-devel-7.0-1.1
[   12s] [285/495] keeping systemd-rpm-macros-26-1.2
[   12s] [286/495] keeping dbus-1-common-1.14.10-5.4
[   12s] [287/495] keeping libxcrypt-devel-4.5.2-2.2
[   12s] [288/495] keeping system-user-lp-20250822-2.2
[   12s] [289/495] keeping system-user-mktex-1.0.0-2.13
[   12s] [290/495] keeping libXpm4-3.5.18-2.2
[   12s] [291/495] keeping info-7.3-1.2
[   12s] [292/495] keeping ca-certificates-2+git20260420.2a8e251-1.1
[   12s] [293/495] keeping libsoftokn3-3.124-1.1
[   12s] [294/495] keeping makeinfo-7.3-1.2
[   12s] [295/495] keeping permissions-config-1699_20260512-1.1
[   12s] [296/495] keeping polkit-default-privs-1550+20260623.563df94-1.1
[   12s] [297/495] keeping libopenssl3-3.5.3-6.1
[   12s] [298/495] keeping tcsh-6.24.16-1.3
[   12s] [299/495] keeping perl-XML-LibXML-2.0213-1.1
[   12s] [300/495] keeping krb5-mini-1.22.2-4.1
[   12s] [301/495] keeping aaa_base-84.87+git20260610.3b5a868c-1.1
[   12s] [302/495] keeping gettext-tools-mini-1.0-2.2
[   12s] [303/495] keeping binutils-2.45-4.1
[   12s] [304/495] keeping rpm-4.20.1-7.1
[   12s] [305/495] keeping aaa_base-malloccheck-84.87+git20260610.3b5a868c-1.1
[   12s] [306/495] keeping cups-config-2.4.19-2.1
[   12s] [307/495] keeping libxcrypt-devel-static-4.5.2-2.2
[   12s] [308/495] keeping perl-XML-LibXML-Simple-1.01-1.24
[   12s] [309/495] keeping permissions-1699_20260512-1.1
[   12s] [310/495] keeping rpm-config-SUSE-20250904-1.2
[   12s] [311/495] keeping glibc-devel-2.43-4.1
[   12s] [312/495] keeping libctf0-2.45-4.1
[   12s] [313/495] keeping libdbus-1-3-1.14.10-5.4
[   12s] [314/495] keeping perl-Net-SSLeay-1.960.0-1.1
[   12s] [315/495] keeping autoconf-2.73-1.1
[   12s] [316/495] keeping ghostscript-fonts-std-9.06-14.2
[   12s] [317/495] keeping rpmlint-mini-2.9.0+git20260629.bd947d09-21.9
[   12s] [318/495] keeping perl-XML-LibXSLT-2.003000-1.9
[   12s] [319/495] keeping build-compare-20260622T095938.6416d96-1.1
[   12s] [320/495] keeping libarchive13-3.8.7-1.2
[   12s] [321/495] keeping librpmbuild10-4.20.1-7.1
[   12s] [322/495] keeping libgd3-2.3.3-4.7
[   12s] [323/495] keeping python313-base-3.13.13-3.1
[   12s] [324/495] keeping debugedit-5.1-1.5
[   12s] [325/495] keeping java-25-openjdk-headless-25.0.3.0-3.1
[   12s] [326/495] keeping python313-packaging-26.2-1.1
[   12s] [327/495] keeping glibc-devel-static-2.43-4.1
[   12s] [328/495] keeping libpython3_13-1_0-3.13.13-3.1
[   12s] [329/495] keeping perl-IO-Socket-SSL-2.90.0-1.3
[   12s] [330/495] keeping libavahi-client3-0.8-44.1
[   12s] [331/495] keeping python313-3.13.13-3.1
[   12s] [332/495] keeping automake-1.18.1-1.3
[   12s] [333/495] keeping texlive-amsfonts-fonts-2026.226.3.04svn77682-61.1
[   12s] [334/495] keeping texlive-cm-super-fonts-2026.226.svn15878-60.1
[   12s] [335/495] keeping texlive-lm-fonts-2026.226.2.005svn77682-61.1
[   12s] [336/495] keeping texlive-pdftex-fonts-2026.226.svn77868-58.1
[   12s] [337/495] keeping texlive-tipa-fonts-2026.226.1.3svn77682-59.1
[   12s] [338/495] keeping texlive-zapfding-fonts-2026.226.svn77161-59.2
[   12s] [339/495] keeping pam-1.7.2+git12-1.1
[   12s] [340/495] keeping post-build-checks-84.87+git20250725.0c3a172-1.2
[   12s] [341/495] keeping java-25-openjdk-25.0.3.0-3.1
[   12s] [342/495] keeping gcc15-15.3.0+git11272-1.1
[   12s] [343/495] keeping gcc15-PIE-15.3.0+git11272-1.1
[   12s] [344/495] keeping gcc-15-3.2
[   12s] [345/495] keeping perl-LWP-Protocol-https-6.150.0-1.1
[   12s] [346/495] keeping python-rpm-packaging-20210526+a18ca48-1.14
[   12s] [347/495] keeping libtool-2.5.4-1.4
[   12s] [348/495] keeping systemd-mini-260.3-1.1
[   12s] [349/495] keeping libcups2-2.4.19-2.1
[   12s] [350/495] keeping shadow-4.19.4-2.1
[   12s] [351/495] keeping util-linux-2.42.1-1.1
[   12s] [352/495] keeping gcc-PIE-15-3.2
[   12s] [353/495] keeping ghostscript-10.07.1-1.1
[   12s] [354/495] keeping shadow-pw-mgmt-4.19.4-2.1
[   12s] [355/495] keeping texlive-filesystem-2026.222-68.1
[   12s] [356/495] keeping rpm-build-4.20.1-7.1
[   12s] [357/495] keeping perl-biber-2.21-120.1
[   12s] [358/495] keeping texlive-scripts-extra-2026.227.svn78162-62.1
[   12s] [359/495] keeping texlive-scripts-extra-bin-2026.20260301.svn71749-120.1
[   12s] [360/495] keeping texlive-scripts-2026.227.svn78213-62.1
[   12s] [361/495] keeping texlive-scripts-bin-2026.20260301.svn64356-120.1
[   12s] [362/495] keeping texlive-gsftopk-2026.226.1.19.2svn52851-60.2
[   12s] [363/495] keeping texlive-2026.20260301-120.1
[   12s] [364/495] keeping texlive-gsftopk-bin-2026.20260301.svn77900-120.1
[   12s] [365/495] keeping texlive-updmap-map-2026.222.svn54495-68.1
[   12s] [366/495] keeping texlive-kpathsea-2026.226.svn77861-63.1
[   12s] [367/495] keeping texlive-kpathsea-bin-2026.20260301.svn77900-120.1
[   12s] [368/495] keeping texlive-atveryend-2026.226.1.12svn77682-60.1
[   12s] [369/495] keeping texlive-auxhook-2026.226.1.6svn77682-60.1
[   12s] [370/495] keeping texlive-cm-2026.226.svn57963-60.1
[   12s] [371/495] keeping texlive-ctablestack-2026.226.1.0svn78101-61.1
[   12s] [372/495] keeping texlive-dehyph-2026.226.svn48599-59.1
[   12s] [373/495] keeping texlive-ec-2026.226.1.0svn25033-61.2
[   12s] [374/495] keeping texlive-epsf-2026.226.2.7.4svn77682-61.2
[   12s] [375/495] keeping texlive-etex-2026.226.svn77830-59.1
[   12s] [376/495] keeping texlive-etex-pkg-2026.226.2.7svn77682-59.1
[   12s] [377/495] keeping texlive-euenc-2026.226.0.0.1hsvn19795-59.1
[   12s] [378/495] keeping texlive-firstaid-2026.226.20251101asvn76740-59.1
[   12s] [379/495] keeping texlive-glyphlist-2026.226.svn54074-60.2
[   12s] [380/495] keeping texlive-graphics-cfg-2026.226.svn41448-60.2
[   12s] [381/495] keeping texlive-hyph-utf8-2026.226.svn78069-60.1
[   12s] [382/495] keeping texlive-hyphen-base-2026.226.svn78076-60.1
[   12s] [383/495] keeping texlive-iftex-2026.226.1.0gsvn77682-60.1
[   12s] [384/495] keeping texlive-infwarerr-2026.226.1.5svn77682-60.1
[   12s] [385/495] keeping texlive-intcalc-2026.226.1.3svn77682-60.1
[   12s] [386/495] keeping texlive-knuth-lib-2026.226.svn57963-63.1
[   12s] [387/495] keeping texlive-kvdefinekeys-2026.226.1.6svn77682-63.1
[   12s] [388/495] keeping texlive-kvsetkeys-2026.226.1.19svn77682-63.1
[   12s] [389/495] keeping texlive-l3backend-2026.226.svn76924-63.1
[   12s] [390/495] keeping texlive-latex-fonts-2026.226.svn28888-63.1
[   12s] [391/495] keeping texlive-latexconfig-2026.226.svn68923-61.1
[   12s] [392/495] keeping texlive-letltxmacro-2026.226.1.6svn77682-61.1
[   12s] [393/495] keeping texlive-ltxcmds-2026.226.1.26svn77682-59.1
[   12s] [394/495] keeping texlive-lua-uni-algos-2026.226.0.0.5svn76195-59.1
[   12s] [395/495] keeping texlive-manfnt-2026.226.svn77682-59.1
[   12s] [396/495] keeping texlive-notoccite-2026.226.svn77682-61.1
[   12s] [397/495] keeping texlive-pdf14-2026.226.0.0.1svn76924-58.1
[   12s] [398/495] keeping texlive-placeins-2026.226.2.2svn77682-58.1
[   12s] [399/495] keeping texlive-plain-2026.226.3.1415926535svn75712-58.1
[   12s] [400/495] keeping texlive-ruhyphen-2026.226.1.6svn21081-60.1
[   12s] [401/495] keeping texlive-tex-ini-files-2026.227.svn73863-62.1
[   12s] [402/495] keeping texlive-texlive.infra-2026.227.svn78218-62.1
[   12s] [403/495] keeping texlive-ukrhyph-2026.226.svn21081-60.1
[   12s] [404/495] keeping texlive-unicode-data-2026.226.1.19svn76413-60.1
[   12s] [405/495] keeping texlive-url-2026.226.3.4svn77682-60.1
[   12s] [406/495] keeping texlive-xetexconfig-2026.226.svn45845-59.2
[   12s] [407/495] keeping texlive-amsfonts-2026.226.3.04svn77682-61.1
[   12s] [408/495] keeping texlive-biber-2026.226.2.21svn75738-61.1
[   12s] [409/495] keeping texlive-bibtex-2026.226.0.0.99esvn77830-61.1
[   12s] [410/495] keeping texlive-dvidvi-2026.226.svn75712-61.2
[   12s] [411/495] keeping texlive-dvipng-2026.226.1.18svn77830-61.2
[   12s] [412/495] keeping texlive-dvips-2026.226.svn77830-61.2
[   12s] [413/495] keeping texlive-dvisvgm-2026.226.3.6svn77830-61.2
[   12s] [414/495] keeping texlive-lacheck-2026.226.svn75712-63.1
[   12s] [415/495] keeping texlive-lm-2026.226.2.005svn77682-61.1
[   12s] [416/495] keeping texlive-makeindex-2026.226.svn75712-59.1
[   12s] [417/495] keeping texlive-seetexk-2026.226.svn57972-60.1
[   12s] [418/495] keeping texlive-zapfding-2026.226.svn77161-59.2
[   12s] [419/495] keeping texlive-dviasm-2026.226.svn71902-61.2
[   12s] [420/495] keeping texlive-greek-fontenc-2026.226.2.6svn77682-60.2
[   12s] [421/495] keeping texlive-tex4ht-2026.227.svn77990-62.1
[   12s] [422/495] keeping texlive-dviasm-bin-2026.20260301.svn8329-120.1
[   12s] [423/495] keeping texlive-dvidvi-bin-2026.20260301.svn77900-120.1
[   12s] [424/495] keeping texlive-lacheck-bin-2026.20260301.svn77900-120.1
[   12s] [425/495] keeping texlive-bibtex-bin-2026.20260301.svn77900-120.1
[   12s] [426/495] keeping texlive-dvips-bin-2026.20260301.svn77900-120.1
[   12s] [427/495] keeping texlive-tex4ht-bin-2026.20260301.svn77900-120.1
[   12s] [428/495] keeping texlive-makeindex-bin-2026.20260301.svn77900-120.1
[   12s] [429/495] keeping texlive-seetexk-bin-2026.20260301.svn77900-120.1
[   12s] [430/495] keeping texlive-dvipng-bin-2026.20260301.svn77966-120.1
[   12s] [431/495] keeping texlive-biber-bin-2026.20260301.svn75738-120.1
[   12s] [432/495] keeping texlive-extratools-2026.222-68.1
[   12s] [433/495] keeping texlive-dvisvgm-bin-2026.20260301.svn77966-120.1
[   12s] [434/495] keeping texlive-etoolbox-2026.226.2.5msvn77682-59.1
[   12s] [435/495] keeping texlive-hopatch-2026.226.1.5svn65491-60.2
[   12s] [436/495] keeping texlive-luatexbase-2026.226.1.3svn77682-59.1
[   12s] [437/495] keeping texlive-dehyph-exptl-2026.226.1.0svn72949-59.1
[   12s] [438/495] keeping texlive-etexcmds-2026.226.1.7svn78101-59.1
[   12s] [439/495] keeping texlive-grfext-2026.226.1.3svn77682-60.2
[   12s] [440/495] keeping texlive-hyphen-ancientgreek-2026.226.svn78069-60.1
[   12s] [441/495] keeping texlive-hyphen-greek-2026.226.5svn78069-60.1
[   12s] [442/495] keeping texlive-refcount-2026.226.3.6svn77682-60.2
[   12s] [443/495] keeping texlive-atbegshi-2026.226.1.19svn77682-60.1
[   12s] [444/495] keeping texlive-hyphen-german-2026.226.svn78069-60.1
[   12s] [445/495] keeping texlive-pdftexcmds-2026.226.0.0.33svn77682-58.1
[   12s] [446/495] keeping texlive-luatex-2026.226.svn78218-59.1
[   12s] [447/495] keeping texlive-luatex-bin-2026.20260301.svn78022-120.1
[   12s] [448/495] keeping texlive-bigintcalc-2026.226.1.5svn77682-61.1
[   12s] [449/495] keeping texlive-hycolor-2026.226.1.10svn77682-60.1
[   12s] [450/495] keeping texlive-pdfescape-2026.226.1.15svn77682-58.1
[   12s] [451/495] keeping texlive-epstopdf-pkg-2026.226.2.11svn77682-61.2
[   12s] [452/495] keeping texlive-luahbtex-2026.226.svn77830-59.1
[   12s] [453/495] keeping texlive-luahbtex-bin-2026.20260301.svn78022-120.1
[   12s] [454/495] keeping texlive-graphics-def-2026.226.svn76719-60.2
[   12s] [455/495] keeping texlive-lua-alt-getopt-2026.226.0.0.7.0svn56414-59.1
[   12s] [456/495] keeping texlive-lualibs-2026.226.2.76svn67994-59.1
[   12s] [457/495] keeping texlive-extractbb-2026.226.1.1.0svn77855-59.1
[   12s] [458/495] keeping texlive-uniquecounter-2026.226.1.4svn77682-60.1
[   12s] [459/495] keeping texlive-bitset-2026.226.1.3svn77682-59.1
[   12s] [460/495] keeping texlive-epstopdf-2026.226.2.36svn71782-61.2
[   12s] [461/495] keeping texlive-stringenc-2026.226.1.12svn77682-64.1
[   12s] [462/495] keeping texlive-epstopdf-bin-2026.20260301.svn18336-120.1
[   12s] [463/495] keeping texlive-extractbb-bin-2026.20260301.svn72890-120.1
[   12s] [464/495] keeping texlive-luaotfload-2026.226.3.29svn74324-59.1
[   12s] [465/495] keeping texlive-dvipdfmx-2026.226.svn77942-61.2
[   12s] [466/495] keeping texlive-pdftex-2026.226.svn77868-58.1
[   12s] [467/495] keeping texlive-hyperref-2026.226.7.01psvn77682-60.1
[   12s] [468/495] keeping texlive-luaotfload-bin-2026.20260301.svn34647-120.1
[   12s] [469/495] keeping texlive-pdftex-bin-2026.20260301.svn78082-120.1
[   12s] [470/495] keeping texlive-latex-bin-2026.226.svn77830-63.1
[   12s] [471/495] keeping texlive-latex-bin-bin-2026.20260301.svn54358-120.1
[   12s] [472/495] keeping texlive-latex-2026.226.svn76924-63.1
[   12s] [473/495] keeping texlive-ntheorem-2026.226.1.33svn77682-61.1
[   12s] [474/495] keeping texlive-cm-super-2026.226.svn15878-60.1
[   12s] [475/495] keeping texlive-tipa-2026.226.1.3svn77682-59.1
[   12s] [476/495] keeping texlive-graphics-2026.226.svn75374-60.2
[   12s] [477/495] keeping texlive-minitoc-2026.226.62svn77682-61.1
[   12s] [478/495] keeping texlive-psfrag-2026.226.3.04svn15878-59.1
[   12s] [479/495] keeping texlive-tools-2026.226.svn76708-59.1
[   12s] [480/495] keeping texlive-xunicode-2026.226.0.0.981svn77682-59.2
[   12s] [481/495] keeping texlive-kvoptions-2026.226.3.15svn77682-63.1
[   12s] [482/495] keeping texlive-texinfo-2026.227.svn77327-62.1
[   12s] [483/495] keeping texlive-tex-2026.227.3.141592653svn77830-62.1
[   12s] [484/495] keeping texlive-tex-bin-2026.20260301.svn77900-120.1
[   12s] [485/495] keeping texlive-gettitlestring-2026.226.1.6svn77682-60.1
[   12s] [486/495] keeping texlive-rerunfilecheck-2026.226.1.11svn77682-60.2
[   12s] [487/495] keeping texinfo-7.3-1.2
[   12s] [488/495] keeping texlive-hypdoc-2026.226.1.19svn68661-60.1
[   12s] [489/495] keeping texlive-l3kernel-2026.226.svn77438-63.1
[   12s] [490/495] keeping texlive-l3packages-2026.226.svn76637-63.1
[   12s] [491/495] keeping texlive-fontspec-2026.226.2.9gsvn77682-60.1
[   12s] [492/495] keeping texlive-babel-2026.226.26.3svn77829-60.1
[   12s] [493/495] keeping texlive-xetex-2026.226.svn77830-59.2
[   12s] [494/495] keeping texlive-xetex-bin-2026.20260301.svn77966-120.1
[   12s] [495/495] keeping texlive-dvipdfmx-bin-2026.20260301.svn77966-120.1
[   12s] now finalizing build dir...
[   12s] WARNING could not set SOURCE_DATE_EPOCH, ensure BUILD_RELEASE is set in /.buildenv
[   12s] mktexlsr: cannot read files, skipping: /usr/local/share/texmf
[   13s] mktexlsr: cannot read files, skipping: /var/cache/texmf/fonts/texmf
[   13s] mktexlsr: Updating /etc/texmf...
[   13s] mktexlsr: Updating /usr/local/share/texmf...
[   13s] mktexlsr: Updating /usr/share/texmf...
[   13s] mktexlsr: Updating /var/cache/texmf/fonts...
[   13s] mktexlsr: Updating /var/cache/texmf/fonts/texmf...
[   13s] mktexlsr: Updating /var/lib/texmf...
[   13s] mktexlsr: Done.
[   13s] ... running 01-add_abuild_user_to_trusted_group
[   13s] ... running 02-set_timezone_to_utc
[   13s] ... running 03-set-permissions-secure
[   13s] ... running 11-hack_uname_version_to_kernel_version
[   13s] WARNING could not set SOURCE_DATE_EPOCH, ensure BUILD_RELEASE is set in /.buildenv
[   13s] -----------------------------------------------------------------
[   13s] I have the following modifications for gawk.spec:
[   13s] 81a82
[   13s] > %changelog
[   14s] -----------------------------------------------------------------
[   14s] ----- building gawk.spec (user abuild)
[   14s] -----------------------------------------------------------------
[   14s] -----------------------------------------------------------------
[   14s] WARNING could not set SOURCE_DATE_EPOCH, ensure BUILD_RELEASE is set in /.buildenv
[   14s] + exec rpmbuild -ba --define '_srcdefattr (-,root,root)' --nosignature --define '_build_create_debug 1' /home/abuild/rpmbuild/SOURCES/gawk.spec
[   14s] error: line 79: %files devel
[   14s] : package gawk-devel does not exist
[   14s] ### VM INTERACTION START ###
[   14s] Powering off.
[   14s] ### VM INTERACTION END ###
[   14s] 
[   14s] reiser.suse.de failed "build gawk.spec" at Sat Jul  4 19:47:40 UTC 2026.
[   14s] 

finished ./gawk.spec after 14s: failed
