starting project builder
    source directory: /home/adrian/opencode/pbuild-ai-examples/sources/fix-build-example
    result directory: /home/adrian/opencode/pbuild-ai-examples/sources/fix-build-example/_build.tumbleweed.x86_64
    build area: /var/tmp/build-root-adrian
    architecture: x86_64
    build config:
      - tumbleweed
    repositories:
      - https://download.opensuse.org/tumbleweed/repo/oss
getting package information
parsing 1 recipe file
fetching metadata of 1 remote repo
preparing package pool
expanding dependencies
fetching 142 binaries from https://download.opensuse.org/tumbleweed/repo/oss
building ./oterm.spec
VM_ROOT: /var/tmp/build-root-adrian/.mount.img, VM_SWAP: /var/tmp/build-root-adrian/.mount.swap
Using mkfs copyin mode to populate the root filesystem
Reusing former build root
logging output to /var/tmp/build-root-adrian/.build.log...
[    0s] Using BUILD_ROOT=/var/tmp/build-root-adrian/.mount
[    0s] Using BUILD_ARCH=x86_64:i686:i586:i486:i386
[    0s] Doing kvm build in /var/tmp/build-root-adrian/.mount.img
[    0s] 
[    0s] 
[    0s] rio started "build oterm.spec" at Wed Jul  8 20:21:35 UTC 2026.
[    0s] 
[    0s] 
[    0s] processing recipe /home/adrian/opencode/pbuild-ai-examples/sources/fix-build-example/oterm.spec ...
[    0s] running changelog2spec --target rpm --file /home/adrian/opencode/pbuild-ai-examples/sources/fix-build-example/oterm.spec
[    0s] init_buildsystem --configdir /usr/lib/build/configs --cachedir /home/adrian/.cache/opensuse.org/build/cache --prepare --rpmlist /var/tmp/build-root-adrian/.build.rpmlist /home/adrian/opencode/pbuild-ai-examples/sources/fix-build-example/oterm.spec ...
[    1s] copying packages...
[    1s] reordering...cycle: libncurses6 -> terminfo-base
[    1s]   breaking dependency terminfo-base -> libncurses6
[    1s] cycle: lua54 -> lua-interpreter
[    1s]   breaking dependency lua54 -> lua-interpreter
[    1s] cycle: binutils -> libctf0
[    1s]   breaking dependency binutils -> libctf0
[    1s] cycle: python313-base -> libpython3_13-1_0
[    1s]   breaking dependency python313-base -> libpython3_13-1_0
[    1s] cycle: rpm-config-SUSE -> rpm
[    1s]   breaking dependency rpm -> rpm-config-SUSE
[    1s] done
[    1s] cp: -r not specified; omitting directory '/home/adrian/opencode/pbuild-ai-examples/sources/fix-build-example/_build.tumbleweed.x86_64'
[    1s] Detected virtio-serial support
[    2s] booting kvm...
[    2s] ### VM INTERACTION START ###
[    2s] Using virtio-serial support
[    2s] /usr/bin/qemu-kvm -nodefaults -no-reboot -nographic -vga none -cpu host -M pc,accel=kvm,usb=off,dump-guest-core=off,vmport=off -sandbox on -bios /usr/share/qemu/qboot.rom -object rng-random,filename=/dev/random,id=rng0 -device virtio-rng-pci,rng=rng0 -object iothread,id=io0 -net none -kernel /var/tmp/build-root-adrian/.mount/boot/kernel -initrd /var/tmp/build-root-adrian/.mount/boot/initrd -append root=/dev/disk/by-id/virtio-0 rootfstype=ext4 rootflags=noatime elevator=noop nmi_watchdog=0 rw ia32_emulation=1 oops=panic panic=1 quiet console=hvc0 init=/.build/build -m 512 -drive file=/var/tmp/build-root-adrian/.mount.img,format=raw,if=none,id=disk,cache=unsafe,aio=io_uring -device virtio-blk-pci,iothread=io0,drive=disk,serial=0 -drive file=/var/tmp/build-root-adrian/.mount.swap,format=raw,if=none,id=swap,cache=unsafe,aio=io_uring -device virtio-blk-pci,iothread=io0,drive=swap,serial=1 -device virtio-serial,max_ports=2 -device virtconsole,chardev=virtiocon0 -chardev stdio,id=virtiocon0 -chardev socket,id=monitor,server=on,wait=off,path=/var/tmp/build-root-adrian/.mount.img.qemu/monitor -mon chardev=monitor,mode=readline
[    5s] P+q6E616D65\[18t[6n[32766;32766H[6n[!p]104\[0m[?7h[1G[0J]3008;start=43dda162a5954ecdb74cc1f3315d9fdc;user=root;hostname=localhost;machineid=eec5e566a51a4d5889a6bbe3d60db72d;bootid=b1554c19ffac438fb268ea62f96f8053;pid=1;pidfdid=1;comm=systemd;type=boot\[18t[6n[32766;32766H[6n[!p]104\[0m[?7h[1G[0JExtracting build.extract.tar
[    5s] ### VM INTERACTION END ###
[    5s] 2nd stage started in virtual machine
[    5s] machine type: x86_64
[    5s] Linux version: 7.1.2-1-default #1 SMP PREEMPT_DYNAMIC Thu Jul  2 05:05:55 UTC 2026 (992f18c)
[    5s] Time: Wed Jul  8 20:21:40 UTC 2026
[    5s] Increasing log level from now on...
[    5s] [    3.561772][  T514] sysrq: Changing Loglevel
[    5s] [    3.561829][  T514] sysrq: Loglevel set to 4
[    5s] Enable sysrq operations
[    5s] Setting up swapspace version 1, size = 1024 MiB (1073737728 bytes)
[    5s] no label, UUID=ff6b46ca-afbb-4855-aa05-61f8c8ca871f
[    5s] logging output to //.build.log...
[    5s] processing recipe //.build-srcdir/oterm.spec ...
[    5s] init_buildsystem --configdir /.build/configs --cachedir /var/cache/build //.build-srcdir/oterm.spec ...
[    5s] initializing rpm db...
[    5s] querying package ids...
[    6s] deleting autoconf
[    6s] deleting automake
[    6s] deleting cmake
[    6s] deleting cmake-mini
[    6s] deleting jitterentropy-devel
[    6s] deleting libacl-devel
[    6s] deleting libbz2-devel
[    6s] deleting libcom_err-devel
[    6s] deleting libcom_err2
[    6s] deleting libext2fs-devel
[    6s] deleting libext2fs2
[    6s] deleting libltdl7
[    6s] deleting liblz4-devel
[    6s] deleting libopenssl-3-devel
[    6s] deleting libopenssl-devel
[    6s] deleting librhash1
[    6s] deleting libtool
[    6s] deleting libuv1
[    6s] deleting libxml2-devel
[    6s] deleting libxml2-tools
[    6s] deleting libzstd-devel
[    6s] deleting m4
[    6s] deleting ninja
[    6s] deleting openssl
[    6s] deleting openssl-3
[    6s] deleting xz-devel
[    6s] deleting zlib-devel
[    6s] [1/142] keeping compat-usrmerge-tools-84.87-5.25
[    6s] [2/142] keeping crypto-policies-20250714.cd6043a-4.2
[    6s] [3/142] keeping file-magic-5.48-1.2
[    6s] [4/142] keeping kernel-obs-build-7.1.2-1.1
[    6s] [5/142] keeping pkgconf-m4-2.5.1-1.4
[    6s] [6/142] keeping python-rpm-macros-20260601.4a231f4-1.2
[    6s] [7/142] keeping system-user-root-20190513-2.20
[    6s] [8/142] keeping filesystem-84.87-21.2
[    6s] [9/142] keeping glibc-2.43-4.2
[    6s] [10/142] keeping diffutils-3.12-1.4
[    6s] [11/142] keeping envsubst-mini-1.0-2.3
[    6s] [12/142] keeping fillup-1.42-281.6
[    6s] [13/142] keeping glibc-gconv-modules-extra-2.43-4.2
[    6s] [14/142] keeping glibc-locale-base-2.43-4.2
[    6s] [15/142] keeping libacl1-2.3.2-2.6
[    6s] [16/142] keeping libalternatives1-1.2+31.da24cd4-1.4
[    6s] [17/142] keeping libatomic1-16.1.1+git8886-1.2
[    6s] [18/142] keeping libattr1-2.6.0-1.1
[    6s] [19/142] keeping libaudit1-4.0.2-3.4
[    6s] [20/142] keeping libbz2-1-1.0.8-5.15
[    6s] [21/142] keeping libcap-ng0-0.8.5-1.6
[    6s] [22/142] keeping libcap2-2.78-1.3
[    6s] [23/142] keeping libcrypt1-4.5.2-2.3
[    6s] [24/142] keeping libeconf0-0.8.3-1.4
[    6s] [25/142] keeping libexpat1-2.8.1-1.2
[    6s] [26/142] keeping libffi8-3.5.2-2.4
[    6s] [27/142] keeping libgcc_s1-16.1.1+git8886-1.2
[    6s] [28/142] keeping libgdbm6-1.26-1.4
[    6s] [29/142] keeping libgmp10-6.3.0-5.5
[    6s] [30/142] keeping libgomp1-16.1.1+git8886-1.2
[    6s] [31/142] keeping libgpg-error0-1.61-1.2
[    6s] [32/142] keeping libitm1-16.1.1+git8886-1.2
[    6s] [33/142] keeping libjitterentropy3-3.6.3-1.4
[    6s] [34/142] keeping liblua5_4-5-5.4.8-4.5
[    6s] [35/142] keeping liblz1-1.16-1.3
[    6s] [36/142] keeping liblz4-1-1.10.0-2.7
[    6s] [37/142] keeping liblzma5-5.8.3-1.3
[    6s] [38/142] keeping libmpdec4-4.0.1-2.4
[    6s] [39/142] keeping libpcre2-8-0-10.47-1.5
[    6s] [40/142] keeping libpkgconf7-2.5.1-1.4
[    6s] [41/142] keeping libpopt0-1.19-2.3
[    6s] [42/142] keeping libseccomp2-2.6.0-2.5
[    6s] [43/142] keeping libsframe2-2.45-4.2
[    6s] [44/142] keeping libsmartcols1-2.42.1-1.2
[    6s] [45/142] keeping libuuid1-2.42.1-1.2
[    6s] [46/142] keeping libxml2-16-2.15.3-1.3
[    6s] [47/142] keeping libz1-1.3.1-3.2
[    6s] [48/142] keeping libzstd1-1.5.7-4.3
[    6s] [49/142] keeping patch-2.8-2.4
[    6s] [50/142] keeping which-2.25-1.2
[    6s] [51/142] keeping alts-1.2+31.da24cd4-1.4
[    6s] [52/142] keeping libblkid1-2.42.1-1.2
[    6s] [53/142] keeping libctf-nobfd0-2.45-4.2
[    6s] [54/142] keeping libgdbm_compat4-1.26-1.4
[    6s] [55/142] keeping libisl23-0.27-1.5
[    6s] [56/142] keeping libmpfr6-4.2.2-1.4
[    6s] [57/142] keeping libselinux1-3.10-3.2
[    6s] [58/142] keeping libstdc++6-16.1.1+git8886-1.2
[    6s] [59/142] keeping perl-base-5.42.1-1.2
[    6s] [60/142] keeping pkgconf-2.5.1-1.4
[    6s] [61/142] keeping libelf1-0.194-1.3
[    6s] [62/142] keeping libgcrypt20-1.12.2-1.3
[    6s] [63/142] keeping permctl-1699_20260512-1.2
[    6s] [64/142] keeping libmagic1-5.48-1.2
[    6s] [65/142] keeping build-mkbaselibs-20260505-1.2
[    6s] [66/142] keeping dwz-0.15-6.5
[    6s] [67/142] keeping findutils-4.10.0-2.6
[    6s] [68/142] cumulate fdupes-2.4.0-1.4
[    6s] [69/142] keeping file-5.48-1.2
[    6s] [70/142] keeping libasan8-16.1.1+git8886-1.2
[    6s] [71/142] keeping libfdisk1-2.42.1-1.2
[    6s] [72/142] keeping libhwasan0-16.1.1+git8886-1.2
[    6s] [73/142] keeping liblsan0-16.1.1+git8886-1.2
[    6s] [74/142] keeping libmount1-2.42.1-1.2
[    6s] [75/142] keeping libmpc3-1.4.1-1.3
[    6s] [76/142] keeping libtsan2-16.1.1+git8886-1.2
[    6s] [77/142] keeping libubsan1-16.1.1+git8886-1.2
[    6s] [78/142] keeping sed-4.10-1.3
[    6s] [79/142] keeping tar-1.35-8.2
[    6s] [80/142] keeping libdw1-0.194-1.3
[    6s] [81/142] keeping perl-5.42.1-1.2
[    6s] [82/142] keeping brp-check-suse-84.87+git20260317.a0eb4ba-1.2
[    6s] [83/142] keeping perl-rpm-packaging-1.3-1.3
[    6s] [84/142] keeping libasm1-0.194-1.3
[    6s] [85/142] keeping cpp15-15.3.0+git11272-1.2
[    6s] [86/142] keeping terminfo-base-6.6.20260613-109.2
[    6s] [87/142] keeping libncurses6-6.6.20260613-109.2
[    6s] [88/142] keeping libreadline8-8.3.3-2.5
[    6s] [89/142] keeping ncurses-utils-6.6.20260613-109.2
[    6s] [90/142] keeping bash-5.3.15-7.2
[    6s] [91/142] keeping lua54-5.4.8-4.5
[    6s] [92/142] keeping bash-sh-5.3.15-7.2
[    6s] [93/142] keeping compat-usrmerge-build-84.87-5.25
[    6s] [94/142] keeping lua-interpreter-5-3.3
[    6s] [95/142] keeping cpio-2.15-7.3
[    6s] [96/142] keeping cpp-15-3.3
[    6s] [97/142] keeping gzip-1.14-2.1
[    6s] [98/142] keeping make-4.4.1-3.6
[    6s] [99/142] keeping bzip2-1.0.8-5.15
[    6s] [100/142] keeping grep-3.12-1.4
[    6s] [101/142] keeping pkgconf-pkg-config-2.5.1-1.4
[    6s] [102/142] keeping xz-5.8.3-1.3
[    6s] [103/142] keeping gettext-runtime-mini-1.0-2.3
[    6s] [104/142] keeping gawk-5.4.0-1.2
[    6s] [105/142] keeping coreutils-9.11-4.2
[    6s] [106/142] keeping elfutils-0.194-1.3
[    6s] [107/142] keeping linux-glibc-devel-7.0-1.2
[    6s] [108/142] keeping systemd-rpm-macros-26-1.3
[    6s] [109/142] keeping libxcrypt-devel-4.5.2-2.3
[    6s] [110/142] keeping permissions-config-1699_20260512-1.2
[    6s] [111/142] keeping polkit-default-privs-1550+20260623.563df94-1.2
[    6s] [112/142] keeping libopenssl3-3.5.3-6.2
[    6s] [113/142] keeping aaa_base-84.87+git20260610.3b5a868c-1.2
[    6s] [114/142] keeping gettext-tools-mini-1.0-2.3
[    6s] [115/142] keeping binutils-2.45-4.2
[    6s] [116/142] keeping rpm-4.20.1-7.2
[    6s] [117/142] keeping aaa_base-malloccheck-84.87+git20260610.3b5a868c-1.2
[    6s] [118/142] keeping permissions-1699_20260512-1.2
[    6s] [119/142] keeping rpm-config-SUSE-20250904-1.3
[    6s] [120/142] keeping glibc-devel-2.43-4.2
[    6s] [121/142] keeping libctf0-2.45-4.2
[    6s] [122/142] keeping rpmlint-mini-2.9.0+git20260629.bd947d09-21.10
[    6s] [123/142] keeping build-compare-20260622T095938.6416d96-1.2
[    6s] [124/142] deleting unwanted libarchive13-3.7.4-0
[    6s] cumulate libarchive13-3.8.7-1.3
[    6s] [125/142] keeping librpmbuild10-4.20.1-7.2
[    6s] [126/142] keeping python313-base-3.13.13-3.2
[    6s] [127/142] keeping debugedit-5.1-1.6
[    6s] [128/142] keeping python313-packaging-26.2-1.2
[    6s] [129/142] cumulate python313-pathspec-1.1.1-1.2
[    6s] [130/142] cumulate python313-pluggy-1.6.0-2.6
[    6s] [131/142] keeping libpython3_13-1_0-3.13.13-3.2
[    6s] [132/142] cumulate python313-trove-classifiers-2026.5.7.17-1.2
[    6s] [133/142] keeping pam-1.7.2+git12-1.2
[    6s] [134/142] keeping post-build-checks-84.87+git20250725.0c3a172-1.3
[    6s] [135/142] keeping gcc15-15.3.0+git11272-1.2
[    6s] [136/142] keeping gcc15-PIE-15.3.0+git11272-1.2
[    6s] [137/142] keeping gcc-15-3.3
[    6s] [138/142] keeping python-rpm-packaging-20210526+a18ca48-1.15
[    6s] [139/142] cumulate python313-hatchling-1.30.1-1.2
[    6s] [140/142] keeping util-linux-2.42.1-1.2
[    6s] [141/142] keeping gcc-PIE-15-3.3
[    6s] [142/142] keeping rpm-build-4.20.1-7.2
[    6s] now installing cumulated packages
[    6s] Preparing...                          ########################################
[    6s] Updating / installing...
[    6s] python313-trove-classifiers-2026.5.7.1########################################
[    6s] python313-pluggy-1.6.0-2.6            ########################################
[    6s] python313-pathspec-1.1.1-1.2          ########################################
[    6s] python313-hatchling-1.30.1-1.2        ########################################
[    6s] libarchive13-3.8.7-1.3                ########################################
[    6s] fdupes-2.4.0-1.4                      ########################################
[    6s] now finalizing build dir...
[    6s] ... running 01-add_abuild_user_to_trusted_group
[    6s] ... running 02-set_timezone_to_utc
[    6s] ... running 03-set-permissions-secure
[    6s] ... running 11-hack_uname_version_to_kernel_version
[    6s] WARNING could not set SOURCE_DATE_EPOCH, ensure BUILD_RELEASE is set in /.buildenv
[    7s] -----------------------------------------------------------------
[    7s] I have the following modifications for oterm.spec:
[    7s] 66a67
[    7s] > %changelog
[    7s] -----------------------------------------------------------------
[    7s] ----- building oterm.spec (user abuild)
[    7s] -----------------------------------------------------------------
[    7s] -----------------------------------------------------------------
[    7s] WARNING could not set SOURCE_DATE_EPOCH, ensure BUILD_RELEASE is set in /.buildenv
[    7s] + exec rpmbuild -ba --define '_srcdefattr (-,root,root)' --nosignature --define '_build_create_debug 1' /home/abuild/rpmbuild/SOURCES/oterm.spec
[    7s] Building target platforms: noarch
[    7s] Building for target noarch
[    7s] Executing(%mkbuilddir): /usr/bin/bash -e /var/tmp/rpm-tmp.YgquOr
[    7s] Executing(%prep): /usr/bin/bash -e /var/tmp/rpm-tmp.ipDuPI
[    7s] + umask 022
[    7s] + cd /home/abuild/rpmbuild/BUILD/oterm-0.13.0-build
[    7s] + cd /home/abuild/rpmbuild/BUILD/oterm-0.13.0-build
[    7s] + rm -rf oterm_0.13.0
[    7s] + /usr/lib/rpm/rpmuncompress -x /home/abuild/rpmbuild/SOURCES/oterm-0.13.0.tar.gz
[    7s] + STATUS=0
[    7s] + '[' 0 -ne 0 ']'
[    7s] + cd oterm_0.13.0
[    7s] /var/tmp/rpm-tmp.ipDuPI: line 39: cd: oterm_0.13.0: No such file or directory
[    7s] error: Bad exit status from /var/tmp/rpm-tmp.ipDuPI (%prep)
[    7s] 
[    7s] RPM build errors:
[    7s]     Bad exit status from /var/tmp/rpm-tmp.ipDuPI (%prep)
[    7s] ### VM INTERACTION START ###
[    7s] [    5.349209][    T1] sysrq: Power Off
[    7s] ### VM INTERACTION END ###
[    7s] 
[    7s] rio failed "build oterm.spec" at Wed Jul  8 20:21:42 UTC 2026.
[    7s] 

finished ./oterm.spec after 7s: failed
