[PBUILD-AI] Version 0.1.8
[SKILL LOADED] OPENSUSE.md (Base skill)
[INFO] No specific skill found. Using default profile.
[AI] Analyzing Spec-file: hello.spec...
-> AI(ornith:35b) says:
Here are the issues found:

### Errors (will break build)
1. **`Group:` tag** — deprecated and removed from modern RPM. Delete it entirely.
2. **`%doc` with no file path** — `%files` has just `%doc` which is invalid syntax. Must be followed by at least one file, e.g., `%doc README.md`.
3. **`%changelog` section** — forbidden in openSUSE specs per convention. Move entries to `hello-example.changes` instead.

### Best practice violations
4. **Missing `%license` tag** — MIT license declared but no LICENSE file referenced (e.g., `%license LICENSE`).
5. **No actual content installed** — `%build` only echoes text, `%install` is empty, and `%files` has nothing to ship. The package will build but be functionally useless. If the intent is a true minimal example, at least install a file (e.g., a script or README) so `%doc`/`%files` can reference something real.
6. **Missing `Source:` line** — even with inline sources in pbuild-ai, having no Source declaration may confuse tooling. Consider adding `Source: %{name}-%{version}.tar.gz` or similar for clarity.

### Summary of fixes needed
```diff
- Group:          Invalid
+ (remove)

  License:        MIT
+ %license       LICENSE

  URL:            https://example.com

- %changelog
- * Mon Jun 29 2026 pbuild-ai examples
- - Initial inline example package
+ (move to hello-example.changes)

  %files
- %doc
+ %doc README.md          # or whatever file you actually ship

  %install
- # Minimal install
+ install -Dm0755 bin/hello.sh %{buildroot}/usr/bin/hello
```

[STATS] AI model: ornith:35b  |  AI calls: 1  |  AI time: 41.5s  |  pbuild calls: 0  |  pbuild time: 0.0s  |  total runtime: 41.6s
