[PBUILD-AI] Version 0.1.6
[SKILL LOADED] OPENSUSE.md (Base skill)
[INFO] No specific skill found. Using default profile.

[UPDATE] Researching latest upstream version for gawk.spec...
[TOOL] web_fetch: https://ftp.gnu.org/pub/gnu/gawk/ (59908 bytes -> 11558 stripped)
[FIX] [Fetched 59908 bytes]
[FIX] Error fetching https://www.gnu.org/software/gawk/news.html: <urlopen error timed out>
[TOOL] download_file: https://ftp.gnu.org/pub/gnu/gawk/gawk-5.4.0.tar.xz -> gawk-5.4.0.tar.xz (3803276 bytes)
[FIX] OK: Downloaded 3803276 bytes to gawk-5.4.0.tar.xz
[FIX] Error: File not found in archive: NEWS
[TOOL] list_archive: gawk-5.4.0.tar.xz (2248 entries)
[FIX] gawk-5.4.0
gawk-5.4.0/replace.c
gawk-5.4.0/io.c
gawk-5.4.0/AUTHORS
gawk-5.4.0/POSIX.STD
gawk-5.4.0/debug.c
gawk-5.4.0/ext.c
gawk-5.4.0/cmd.h
gawk-5.4.0/NEWS.1
gawk-5.4.0/awkgram.c
gawk-5.4.0/main.c
gawk-5.4.0/field.c
gawk-5.4.0/nonposix.h
gawk-5.4.0/ChangeLog.1
gawk-5.4.0/floatcomp.c
gawk-5.4.0/aclocal.m4
gawk-5.4.0/gawkbug.in
gawk-5.4.0/gawkapi.h
gawk-5.4.0/configh.in
gawk-5.4.0/ChangeLog
gawk-5.4.0/array.c
gawk-5.4.0/profile.c
gawk-5.4.0/extension
gawk-5.4.0/extension/AUTHORS
gawk-5.4.0/extens...
[TOOL] read_file_from_archive: gawk-5.4.0.tar.xz/gawk-5.4.0/NEWS (19809 chars)
[FIX]    Copyright (C) 2019, 2020, 2021, 2022, 2023, 2024, 2025, 2026
   Free Software Foundation, Inc.
   
   Copying and distribution of this file, with or without modification,
   are permitted in any medium without royalty provided the copyright
   notice and this notice are preserved.

Changes from 5.3.x to 5.4.0
---------------------------

1. This release now uses Mike Haertel's MinRX regular expression matcher
   as the default regexp engine. The old regex and dfa engines are still
   availabl...
[TOOL] list_files: . (19 entries)
[FIX] .git/
.gitattributes
.gitignore
.pbuild/
_build.tumbleweed.x86_64/
dev-fd.diff
dfa-mbcset.diff
embedded-nul.diff
fieldwidths.diff
gawk-3.1.5.diff
gawk-3.1.5.tar.bz2
gawk-5.4.0.tar.xz
gawk.changes
gawk.spec
multibyte.diff
numeric-conversion.diff
parallel-make.diff
ready
sub-common.diff
[TOOL] read_file: gawk.changes
[FIX] read_file: gawk.changes (460 lines)
[FIX] Error: edit_file: old_string not found in gawk.spec
[FIX] Error: edit_file: old_string not found in gawk.spec
[TOOL] read_file: gawk.spec
[FIX] read_file: gawk.spec (93 lines)
[UPDATE] web_fetch: [Fetched 59908 bytes]
[UPDATE] web_fetch: Error fetching https://www.gnu.org/software/gawk/news.html: <urlopen error timed out>
[UPDATE] download_file: OK: Downloaded 3803276 bytes to gawk-5.4.0.tar.xz
[UPDATE] read_file_from_archive: Error: File not found in archive: NEWS
[UPDATE] list_archive: gawk-5.4.0
gawk-5.4.0/replace.c
gawk-5.4.0/io.c
gawk-5.4.0/AUTHORS
gawk-5.4.0/POSIX.STD
gawk-5.4.0/debug.c
gawk-5.4.0/ext.c
gawk-5.4.0/cmd.h
gawk-5.4.0/NEWS.1
gawk-5.4.0/awkgram.c
gawk-5.4.0/main.c
gawk-5.4.0/field.c
gawk-5.4.0/nonposix.h
gawk-5.4.0/ChangeLog.1
gawk-5.4.0/floatcomp.c
gawk-5.4.0/aclocal.m4
gawk-5.4.0/gawkbug.in
gawk-5.4.0/gawkapi.h
gawk-5.4.0/configh.in
gawk-5.4.0/ChangeLog
gawk-5.4.0/array.c
gawk-5.4.0/profile.c
gawk-5.4.0/extension
gawk-5.4.0/extension/AUTHORS
gaw...
[UPDATE] read_file_from_archive:    Copyright (C) 2019, 2020, 2021, 2022, 2023, 2024, 2025, 2026
   Free Software Foundation, Inc.
   
   Copying and distribution of this file, with or without modification,
   are permitted in any medium without royalty provided the copyright
   notice and this notice are preserved.

Changes from 5.3.x to 5.4.0
---------------------------

1. This release now uses Mike Haertel's MinRX regular expression matcher
   as the default regexp engine. The old regex and dfa engin...
[UPDATE] list_files: .git/
.gitattributes
.gitignore
.pbuild/
_build.tumbleweed.x86_64/
dev-fd.diff
dfa-mbcset.diff
embedded-nul.diff
fieldwidths.diff
gawk-3.1.5.diff
gawk-3.1.5.tar.bz2
gawk-5.4.0.tar.xz
gawk.changes
gawk.spec
multibyte.diff
numeric-conversion.diff
parallel-make.diff
ready
sub-common.diff
[UPDATE] read_file: -------------------------------------------------------------------
Fri Sep  1 13:02:34 CEST 2006 - schwab@suse.de

- Drop doc subpackage.

-------------------------------------------------------------------
Mon Jul 24 10:35:21 CEST 2006 - schwab@suse.de

- Add multibyte patch.

-------------------------------------------------------------------
Wed Jul  5 10:51:33 CEST 2006 - schwab@suse.de

- Fix conversion error.

-------------------------------------------------------------------
...
[UPDATE] edit_file: Error: edit_file: old_string not found in gawk.spec
[UPDATE] edit_file: Error: edit_file: old_string not found in gawk.spec
[UPDATE] read_file: #
# spec file for package gawk (Version 3.1.5)
#
# Copyright (c) 2006 SUSE LINUX Products GmbH, Nuernberg, Germany.
# This file and all modifications and additions to the pristine
# package are under the same license as the package itself.
#
# Please submit bugfixes or comments via http://bugs.opensuse.org/
#

Name:           gawk
URL:            http://www.gnu.org/software/gawk/
License:        GPL, Other License(s), see package
Group:          Productivity/Text/Utilities
Provides:  ...
[UPDATE] AI modified gawk.spec (2487b vs 9551b original)
[UPDATE] Updated to version 5.4.0
[UPDATE] Downloading gawk-5.4.0.tar.xz...
[UPDATE] Error: Only HTTP(S) URLs are allowed, got: gawk-5.4.0.tar.xz
[UPDATE] Source download failed — skipping build for gawk.spec.
[UPDATE] Added changelog entry for 3.1.5 -> 5.4.0.
[STATS] AI model: default  |  AI calls: 12  |  AI time: 1118.6s  |  pbuild calls: 0  |  pbuild time: 0.0s  |  total runtime: 1182.1s
[UPDATE] Sources updated for 1 packages. Exiting (--update-only, no build).
