starting project builder
    source directory: /home/adrian/opencode/pbuild-ai-examples/sources/libarchive
    result directory: /home/adrian/opencode/pbuild-ai-examples/sources/libarchive/_build.tumbleweed.x86_64
    build area: /var/tmp/build-root-adrian
    architecture: x86_64
    build config:
      - tumbleweed
    repositories:
      - https://download.opensuse.org/tumbleweed/repo/oss
getting package information
parsing 1 recipe file
fetching metadata of 1 remote repo
preparing package pool
expanding dependencies
fetching 164 binaries from https://download.opensuse.org/tumbleweed/repo/oss
building ./libarchive.spec
VM_ROOT: /var/tmp/build-root-adrian/.mount.img, VM_SWAP: /var/tmp/build-root-adrian/.mount.swap
Using mkfs copyin mode to populate the root filesystem
Reusing former build root
logging output to /var/tmp/build-root-adrian/.build.log...
[    0s] Using BUILD_ROOT=/var/tmp/build-root-adrian/.mount
[    0s] Using BUILD_ARCH=x86_64:i686:i586:i486:i386
[    0s] Doing kvm build in /var/tmp/build-root-adrian/.mount.img
[    0s] 
[    0s] 
[    0s] reiser.suse.de started "build libarchive.spec" at Sat Jul  4 11:36:13 UTC 2026.
[    0s] 
[    0s] 
[    0s] processing recipe /home/adrian/opencode/pbuild-ai-examples/sources/libarchive/libarchive.spec ...
[    0s] running changelog2spec --target rpm --file /home/adrian/opencode/pbuild-ai-examples/sources/libarchive/libarchive.spec
[    0s] init_buildsystem --configdir /usr/lib/build/configs --cachedir /home/adrian/.cache/opensuse.org/build/cache --prepare --rpmlist /var/tmp/build-root-adrian/.build.rpmlist /home/adrian/opencode/pbuild-ai-examples/sources/libarchive/libarchive.spec ...
[    1s] copying packages...
[    1s] reordering...cycle: libncurses6 -> terminfo-base
[    1s]   breaking dependency terminfo-base -> libncurses6
[    1s] cycle: lua54 -> lua-interpreter
[    1s]   breaking dependency lua54 -> lua-interpreter
[    1s] cycle: binutils -> libctf0
[    1s]   breaking dependency binutils -> libctf0
[    1s] cycle: openssl -> openssl-3
[    1s]   breaking dependency openssl-3 -> openssl
[    1s] cycle: python313-base -> libpython3_13-1_0
[    1s]   breaking dependency python313-base -> libpython3_13-1_0
[    1s] cycle: rpm-config-SUSE -> rpm
[    1s]   breaking dependency rpm -> rpm-config-SUSE
[    1s] cycle: libopenssl-devel -> libopenssl-3-devel
[    1s]   breaking dependency libopenssl-devel -> libopenssl-3-devel
[    1s] done
[    1s] cp: -r not specified; omitting directory '/home/adrian/opencode/pbuild-ai-examples/sources/libarchive/_build.tumbleweed.x86_64'
[    1s] setting source mtime to 1716385889
[    1s] Detected virtio-serial support
[    2s] booting kvm...
[    2s] ### VM INTERACTION START ###
[    2s] Using virtio-serial support
[    2s] /usr/bin/qemu-kvm -nodefaults -no-reboot -nographic -vga none -cpu host -M pc,accel=kvm,usb=off,dump-guest-core=off,vmport=off -sandbox on -bios /usr/share/qemu/qboot.rom -object rng-random,filename=/dev/random,id=rng0 -device virtio-rng-pci,rng=rng0 -object iothread,id=io0 -net none -kernel /var/tmp/build-root-adrian/.mount/boot/kernel -initrd /var/tmp/build-root-adrian/.mount/boot/initrd -append root=/dev/disk/by-id/virtio-0 rootfstype=ext4 rootflags=noatime elevator=noop nmi_watchdog=0 rw ia32_emulation=1 oops=panic panic=1 quiet console=hvc0 init=/.build/build -m 8096 -drive file=/var/tmp/build-root-adrian/.mount.img,format=raw,if=none,id=disk,cache=unsafe,aio=io_uring -device virtio-blk-pci,iothread=io0,drive=disk,serial=0 -drive file=/var/tmp/build-root-adrian/.mount.swap,format=raw,if=none,id=swap,cache=unsafe,aio=io_uring -device virtio-blk-pci,iothread=io0,drive=swap,serial=1 -device virtio-serial,max_ports=2 -device virtconsole,chardev=virtiocon0 -chardev stdio,id=virtiocon0 -chardev socket,id=monitor,server=on,wait=off,path=/var/tmp/build-root-adrian/.mount.img.qemu/monitor -mon chardev=monitor,mode=readline
[    6s] P+q6E616D65\[18t[6n[32766;32766H[6n[!p]104\[0m[?7h[1G[0J]3008;start=93df6456a41f433ba3fff062c8327b77;user=root;hostname=localhost;machineid=b34d0072f3c745908dceb8761778a030;bootid=8f3c2232185748de9450d11b58fff459;pid=1;pidfdid=1;comm=systemd;type=boot\[18t[6n[32766;32766H[6n[!p]104\[0m[?7h[1G[0JExtracting build.extract.tar
[    7s] ### VM INTERACTION END ###
[    7s] 2nd stage started in virtual machine
[    7s] machine type: x86_64
[    7s] Linux version: 7.1.2-1-default #1 SMP PREEMPT_DYNAMIC Thu Jul 2 05:05:55 UTC 2026 (992f18c)
[    7s] Time: Sat Jul  4 11:36:19 UTC 2026
[    7s] Increasing log level from now on...
[    7s] [    4.217077][  T465] sysrq: Changing Loglevel
[    7s] [    4.217172][  T465] sysrq: Loglevel set to 4
[    7s] Enable sysrq operations
[    7s] Setting up swapspace version 1, size = 1024 MiB (1073737728 bytes)
[    7s] no label, UUID=cee5212e-314f-43e1-9ee7-82fe0c9ed269
[    7s] logging output to //.build.log...
[    7s] processing recipe //.build-srcdir/libarchive.spec ...
[    7s] init_buildsystem --configdir /.build/configs --cachedir /var/cache/build //.build-srcdir/libarchive.spec ...
[    7s] initializing rpm db...
[    7s] querying package ids...
[    8s] deleting ccache
[    8s] deleting gcc-c++
[    8s] deleting gcc15-c++
[    8s] deleting git-core
[    8s] deleting go
[    8s] deleting go1.26
[    8s] deleting krb5-mini
[    8s] deleting less
[    8s] deleting libSPIRV-Tools-2026_2
[    8s] deleting libbrotlicommon1
[    8s] deleting libbrotlidec1
[    8s] deleting libbrotlienc1
[    8s] deleting libcpp-httplib0_46
[    8s] deleting libcurl4
[    8s] deleting libfmt12
[    8s] deleting libglslang16
[    8s] deleting libhiredis1_3_0
[    8s] deleting libidn2-0
[    8s] deleting libldap2
[    8s] deleting libnghttp2-14
[    8s] deleting libnghttp3-9
[    8s] deleting libngtcp2-16
[    8s] deleting libngtcp2_crypto_ossl0
[    8s] deleting libpsl5
[    8s] deleting libsasl2-3
[    8s] deleting libsemanage-conf
[    8s] deleting libsemanage2
[    8s] deleting libsepol2
[    8s] deleting libsha1detectcoll1
[    8s] deleting libssh-config
[    8s] deleting libssh4
[    8s] deleting libstdc++6-devel-gcc15
[    8s] deleting libsubid5
[    8s] deleting libunistring5
[    8s] deleting libverto1
[    8s] deleting libxxhash0
[    8s] deleting login_defs
[    8s] deleting patchelf
[    8s] deleting shaderc
[    8s] deleting shadow
[    8s] deleting shadow-pw-mgmt
[    8s] deleting system-group-hardware
[    9s] deleting sysuser-shadow
[    9s] deleting sysuser-tools
[    9s] deleting zstd
[    9s] [1/164] keeping compat-usrmerge-tools-84.87-5.24
[    9s] [2/164] keeping crypto-policies-20250714.cd6043a-4.1
[    9s] [3/164] keeping file-magic-5.48-1.1
[    9s] [4/164] keeping kernel-obs-build-7.1.2-1.1
[    9s] [5/164] keeping pkgconf-m4-2.5.1-1.3
[    9s] [6/164] keeping python-rpm-macros-20260601.4a231f4-1.1
[    9s] [7/164] keeping system-user-root-20190513-2.19
[    9s] [8/164] keeping filesystem-84.87-21.1
[    9s] [9/164] keeping glibc-2.43-4.1
[    9s] [10/164] keeping diffutils-3.12-1.3
[    9s] [11/164] keeping envsubst-mini-1.0-2.2
[    9s] [12/164] keeping fillup-1.42-281.5
[    9s] [13/164] keeping glibc-gconv-modules-extra-2.43-4.1
[    9s] [14/164] keeping glibc-locale-base-2.43-4.1
[    9s] [15/164] keeping libacl1-2.3.2-2.5
[    9s] [16/164] keeping libalternatives1-1.2+31.da24cd4-1.3
[    9s] [17/164] keeping libatomic1-16.1.1+git8886-1.1
[    9s] [18/164] keeping libattr1-2.6.0-1.1
[    9s] [19/164] keeping libaudit1-4.0.2-3.3
[    9s] [20/164] keeping libbz2-1-1.0.8-5.14
[    9s] [21/164] keeping libcap-ng0-0.8.5-1.5
[    9s] [22/164] keeping libcap2-2.78-1.2
[    9s] [23/164] keeping libcom_err2-1.47.3-1.4
[    9s] [24/164] keeping libcrypt1-4.5.2-2.2
[    9s] [25/164] keeping libeconf0-0.8.3-1.3
[    9s] [26/164] keeping libexpat1-2.8.1-1.1
[    9s] [27/164] keeping libffi8-3.5.2-2.3
[    9s] [28/164] keeping libgcc_s1-16.1.1+git8886-1.1
[    9s] [29/164] keeping libgdbm6-1.26-1.3
[    9s] [30/164] keeping libgmp10-6.3.0-5.4
[    9s] [31/164] keeping libgomp1-16.1.1+git8886-1.1
[    9s] [32/164] keeping libgpg-error0-1.61-1.1
[    9s] [33/164] keeping libitm1-16.1.1+git8886-1.1
[    9s] [34/164] keeping libjitterentropy3-3.6.3-1.3
[    9s] [35/164] cumulate libltdl7-2.5.4-1.4
[    9s] [36/164] keeping liblua5_4-5-5.4.8-4.4
[    9s] [37/164] keeping liblz1-1.16-1.2
[    9s] [38/164] keeping liblz4-1-1.10.0-2.6
[    9s] [39/164] keeping liblzma5-5.8.3-1.2
[    9s] [40/164] keeping libmpdec4-4.0.1-2.3
[    9s] [41/164] keeping libpcre2-8-0-10.47-1.4
[    9s] [42/164] keeping libpkgconf7-2.5.1-1.3
[    9s] [43/164] keeping libpopt0-1.19-2.2
[    9s] [44/164] keeping librhash1-1.4.6-2.1
[    9s] [45/164] keeping libseccomp2-2.6.0-2.4
[    9s] [46/164] keeping libsframe2-2.45-4.1
[    9s] [47/164] keeping libsmartcols1-2.42.1-1.1
[    9s] [48/164] keeping libuuid1-2.42.1-1.1
[    9s] [49/164] keeping libuv1-1.52.0-1.2
[    9s] [50/164] keeping libxml2-16-2.15.3-1.2
[    9s] [51/164] keeping libz1-1.3.1-3.1
[    9s] [52/164] keeping libzstd1-1.5.7-4.2
[    9s] [53/164] cumulate m4-1.4.21-1.2
[    9s] [54/164] keeping patch-2.8-2.3
[    9s] [55/164] keeping which-2.25-1.1
[    9s] [56/164] cumulate jitterentropy-devel-3.6.3-1.3
[    9s] [57/164] keeping alts-1.2+31.da24cd4-1.3
[    9s] [58/164] keeping libblkid1-2.42.1-1.1
[    9s] [59/164] keeping libctf-nobfd0-2.45-4.1
[    9s] [60/164] cumulate libext2fs2-1.47.3-1.4
[    9s] [61/164] keeping libgdbm_compat4-1.26-1.3
[    9s] [62/164] keeping libisl23-0.27-1.4
[    9s] [63/164] keeping libmpfr6-4.2.2-1.3
[    9s] [64/164] keeping libselinux1-3.10-3.1
[    9s] [65/164] keeping libstdc++6-16.1.1+git8886-1.1
[    9s] [66/164] keeping perl-base-5.42.1-1.1
[    9s] [67/164] keeping pkgconf-2.5.1-1.3
[    9s] [68/164] keeping libelf1-0.194-1.2
[    9s] [69/164] keeping libgcrypt20-1.12.2-1.2
[    9s] [70/164] keeping permctl-1699_20260512-1.1
[    9s] [71/164] keeping libmagic1-5.48-1.1
[    9s] [72/164] keeping build-mkbaselibs-20260505-1.1
[    9s] [73/164] keeping dwz-0.15-6.4
[    9s] [74/164] keeping findutils-4.10.0-2.5
[    9s] [75/164] keeping file-5.48-1.1
[    9s] [76/164] keeping libasan8-16.1.1+git8886-1.1
[    9s] [77/164] keeping libfdisk1-2.42.1-1.1
[    9s] [78/164] keeping libhwasan0-16.1.1+git8886-1.1
[    9s] [79/164] keeping liblsan0-16.1.1+git8886-1.1
[    9s] [80/164] keeping libmount1-2.42.1-1.1
[    9s] [81/164] keeping libmpc3-1.4.1-1.2
[    9s] [82/164] keeping libtsan2-16.1.1+git8886-1.1
[    9s] [83/164] keeping libubsan1-16.1.1+git8886-1.1
[    9s] [84/164] keeping ninja-1.13.2-1.3
[    9s] [85/164] keeping sed-4.10-1.2
[    9s] [86/164] keeping tar-1.35-8.1
[    9s] [87/164] keeping libdw1-0.194-1.2
[    9s] [88/164] keeping perl-5.42.1-1.1
[    9s] [89/164] keeping brp-check-suse-84.87+git20260317.a0eb4ba-1.1
[    9s] [90/164] keeping perl-rpm-packaging-1.3-1.2
[    9s] [91/164] keeping libasm1-0.194-1.2
[    9s] [92/164] keeping cpp15-15.3.0+git11272-1.1
[    9s] [93/164] keeping terminfo-base-6.6.20260613-109.1
[    9s] [94/164] keeping libncurses6-6.6.20260613-109.1
[    9s] [95/164] keeping libreadline8-8.3.3-2.4
[    9s] [96/164] keeping ncurses-utils-6.6.20260613-109.1
[    9s] [97/164] keeping bash-5.3.15-7.1
[    9s] [98/164] cumulate libxml2-tools-2.15.3-1.2
[    9s] [99/164] keeping lua54-5.4.8-4.4
[    9s] [100/164] keeping bash-sh-5.3.15-7.1
[    9s] [101/164] keeping compat-usrmerge-build-84.87-5.24
[    9s] [102/164] keeping lua-interpreter-5-3.2
[    9s] [103/164] keeping cpio-2.15-7.2
[    9s] [104/164] keeping cpp-15-3.2
[    9s] [105/164] keeping gzip-1.14-2.1
[    9s] [106/164] keeping make-4.4.1-3.5
[    9s] [107/164] cumulate autoconf-2.73-1.1
[    9s] [108/164] keeping bzip2-1.0.8-5.14
[    9s] [109/164] keeping grep-3.12-1.3
[    9s] [110/164] keeping pkgconf-pkg-config-2.5.1-1.3
[    9s] [111/164] keeping xz-5.8.3-1.2
[    9s] [112/164] keeping gettext-runtime-mini-1.0-2.2
[    9s] [113/164] keeping gawk-5.4.0-1.1
[    9s] [114/164] keeping coreutils-9.11-4.1
[    9s] [115/164] keeping elfutils-0.194-1.2
[    9s] [116/164] keeping linux-glibc-devel-7.0-1.1
[    9s] [117/164] keeping systemd-rpm-macros-26-1.2
[    9s] [118/164] cumulate liblz4-devel-1.10.0-2.6
[    9s] [119/164] keeping libxcrypt-devel-4.5.2-2.2
[    9s] [120/164] cumulate xz-devel-5.8.3-1.2
[    9s] [121/164] cumulate automake-1.18.1-1.3
[    9s] [122/164] keeping permissions-config-1699_20260512-1.1
[    9s] [123/164] keeping polkit-default-privs-1550+20260623.563df94-1.1
[    9s] [124/164] keeping libopenssl3-3.5.3-6.1
[    9s] [125/164] keeping aaa_base-84.87+git20260610.3b5a868c-1.1
[    9s] [126/164] keeping gettext-tools-mini-1.0-2.2
[    9s] [127/164] keeping binutils-2.45-4.1
[    9s] [128/164] keeping rpm-4.20.1-7.1
[    9s] [129/164] keeping aaa_base-malloccheck-84.87+git20260610.3b5a868c-1.1
[    9s] [130/164] keeping permissions-1699_20260512-1.1
[    9s] [131/164] keeping rpm-config-SUSE-20250904-1.2
[    9s] [132/164] keeping glibc-devel-2.43-4.1
[    9s] [133/164] keeping libctf0-2.45-4.1
[    9s] [134/164] keeping rpmlint-mini-2.9.0+git20260629.bd947d09-21.9
[    9s] [135/164] cumulate libtool-2.5.4-1.4
[    9s] [136/164] cumulate openssl-3-3.5.3-6.1
[    9s] [137/164] keeping build-compare-20260622T095938.6416d96-1.1
[    9s] [138/164] keeping libarchive13-3.8.7-1.2
[    9s] [139/164] keeping librpmbuild10-4.20.1-7.1
[    9s] [140/164] keeping python313-base-3.13.13-3.1
[    9s] [141/164] keeping debugedit-5.1-1.5
[    9s] [142/164] cumulate openssl-3.5.3-1.2
[    9s] [143/164] keeping python313-packaging-26.2-1.1
[    9s] [144/164] keeping libpython3_13-1_0-3.13.13-3.1
[    9s] [145/164] cumulate libacl-devel-2.3.2-2.5
[    9s] [146/164] cumulate libbz2-devel-1.0.8-5.14
[    9s] [147/164] cumulate libzstd-devel-1.5.7-4.2
[    9s] [148/164] cumulate zlib-devel-1.3.1-3.1
[    9s] [149/164] cumulate libcom_err-devel-1.47.3-1.4
[    9s] [150/164] keeping pam-1.7.2+git12-1.1
[    9s] [151/164] keeping post-build-checks-84.87+git20250725.0c3a172-1.2
[    9s] [152/164] keeping cmake-mini-4.3.4-1.1
[    9s] [153/164] keeping gcc15-15.3.0+git11272-1.1
[    9s] [154/164] keeping gcc15-PIE-15.3.0+git11272-1.1
[    9s] [155/164] keeping cmake-4.3.4-1.1
[    9s] [156/164] keeping gcc-15-3.2
[    9s] [157/164] cumulate libext2fs-devel-1.47.3-1.4
[    9s] [158/164] cumulate libopenssl-devel-3.5.3-1.2
[    9s] [159/164] cumulate libxml2-devel-2.15.3-1.2
[    9s] [160/164] keeping python-rpm-packaging-20210526+a18ca48-1.14
[    9s] [161/164] keeping util-linux-2.42.1-1.1
[    9s] [162/164] keeping gcc-PIE-15-3.2
[    9s] [163/164] cumulate libopenssl-3-devel-3.5.3-6.1
[    9s] [164/164] keeping rpm-build-4.20.1-7.1
[    9s] now installing cumulated packages
[    9s] Preparing...                          ########################################
[    9s] Updating / installing...
[    9s] zlib-devel-1.3.1-3.1                  ########################################
[    9s] m4-1.4.21-1.2                         ########################################
[    9s] autoconf-2.73-1.1                     ########################################
[    9s] automake-1.18.1-1.3                   ########################################
[    9s] openssl-3.5.3-1.2                     ########################################
[    9s] openssl-3-3.5.3-6.1                   ########################################
[    9s] libcom_err-devel-1.47.3-1.4           ########################################
[    9s] libxml2-tools-2.15.3-1.2              ########################################
[    9s] libext2fs2-1.47.3-1.4                 ########################################
[    9s] jitterentropy-devel-3.6.3-1.3         ########################################
[    9s] libopenssl-3-devel-3.5.3-6.1          ########################################
[    9s] libltdl7-2.5.4-1.4                    ########################################
[    9s] libtool-2.5.4-1.4                     ########################################
[    9s] libopenssl-devel-3.5.3-1.2            ########################################
[    9s] libext2fs-devel-1.47.3-1.4            ########################################
[    9s] libxml2-devel-2.15.3-1.2              ########################################
[    9s] libzstd-devel-1.5.7-4.2               ########################################
[    9s] libbz2-devel-1.0.8-5.14               ########################################
[    9s] libacl-devel-2.3.2-2.5                ########################################
[    9s] xz-devel-5.8.3-1.2                    ########################################
[    9s] liblz4-devel-1.10.0-2.6               ########################################
[    9s] now finalizing build dir...
[    9s] ... running 01-add_abuild_user_to_trusted_group
[    9s] ... running 02-set_timezone_to_utc
[    9s] ... running 03-set-permissions-secure
[    9s] ... running 11-hack_uname_version_to_kernel_version
[    9s] WARNING could not set SOURCE_DATE_EPOCH, ensure BUILD_RELEASE is set in /.buildenv
[    9s] -----------------------------------------------------------------
[    9s] I have the following modifications for libarchive.spec:
[   10s] -----------------------------------------------------------------
[   10s] ----- building libarchive.spec (user abuild)
[   10s] -----------------------------------------------------------------
[   10s] -----------------------------------------------------------------
[   10s] WARNING could not set SOURCE_DATE_EPOCH, ensure BUILD_RELEASE is set in /.buildenv
[   10s] + exec rpmbuild -ba --define '_srcdefattr (-,root,root)' --nosignature --define '_build_create_debug 1' /home/abuild/rpmbuild/SOURCES/libarchive.spec
[   10s] error: %patchN is obsolete, use %patch N (or %patch -P N): %patch1 -p1
[   10s] 
[   10s] ### VM INTERACTION START ###
[   10s] [    7.394157][    T1] sysrq: Power Off
[   10s] ### VM INTERACTION END ###
[   10s] 
[   10s] reiser.suse.de failed "build libarchive.spec" at Sat Jul  4 11:36:23 UTC 2026.
[   10s] 

finished ./libarchive.spec after 11s: failed
